{"C:\\Users\\유석근PD\\Desktop\\developments\\Videoplanet\\src\\app\\layout.tsx": {"path":"C:\\Users\\유석근PD\\Desktop\\developments\\Videoplanet\\src\\app\\layout.tsx","statementMap":{"0":{"start":{"line":56,"column":24},"end":{"line":56,"column":35}},"1":{"start":{"line":44,"column":13},"end":{"line":44,"column":21}},"2":{"start":{"line":1,"column":7},"end":{"line":1,"column":null}},"3":{"start":{"line":2,"column":37},"end":{"line":2,"column":null}},"4":{"start":{"line":3,"column":26},"end":{"line":3,"column":null}},"5":{"start":{"line":4,"column":31},"end":{"line":4,"column":null}},"6":{"start":{"line":8,"column":14},"end":{"line":42,"column":null}},"7":{"start":{"line":44,"column":34},"end":{"line":54,"column":null}}},"fnMap":{"0":{"name":"RootLayout","decl":{"start":{"line":56,"column":24},"end":{"line":56,"column":35}},"loc":{"start":{"line":60,"column":1},"end":{"line":82,"column":1}}}},"branchMap":{},"s":{"0":0,"1":0,"2":0,"3":0,"4":0,"5":0,"6":0,"7":0},"f":{"0":0},"b":{}}
,"C:\\Users\\유석근PD\\Desktop\\developments\\Videoplanet\\src\\app\\page.tsx": {"path":"C:\\Users\\유석근PD\\Desktop\\developments\\Videoplanet\\src\\app\\page.tsx","statementMap":{"0":{"start":{"line":10,"column":24},"end":{"line":10,"column":null}},"1":{"start":{"line":3,"column":26},"end":{"line":3,"column":null}},"2":{"start":{"line":4,"column":28},"end":{"line":4,"column":null}},"3":{"start":{"line":5,"column":39},"end":{"line":5,"column":null}},"4":{"start":{"line":6,"column":36},"end":{"line":6,"column":null}},"5":{"start":{"line":7,"column":31},"end":{"line":7,"column":null}},"6":{"start":{"line":8,"column":21},"end":{"line":8,"column":null}},"7":{"start":{"line":11,"column":19},"end":{"line":11,"column":null}},"8":{"start":{"line":12,"column":17},"end":{"line":12,"column":null}},"9":{"start":{"line":13,"column":19},"end":{"line":13,"column":null}},"10":{"start":{"line":15,"column":2},"end":{"line":17,"column":null}},"11":{"start":{"line":16,"column":4},"end":{"line":16,"column":null}}},"fnMap":{"0":{"name":"HomePage","decl":{"start":{"line":10,"column":24},"end":{"line":10,"column":null}},"loc":{"start":{"line":10,"column":24},"end":{"line":24,"column":null}}},"1":{"name":"(anonymous_3)","decl":{"start":{"line":15,"column":12},"end":{"line":15,"column":null}},"loc":{"start":{"line":15,"column":12},"end":{"line":17,"column":5}}}},"branchMap":{"0":{"loc":{"start":{"line":20,"column":35},"end":{"line":20,"column":null}},"type":"binary-expr","locations":[{"start":{"line":20,"column":35},"end":{"line":20,"column":75}},{"start":{"line":20,"column":79},"end":{"line":20,"column":null}}]}},"s":{"0":0,"1":0,"2":0,"3":0,"4":0,"5":0,"6":0,"7":0,"8":0,"9":0,"10":0,"11":0},"f":{"0":0,"1":0},"b":{"0":[0,0]}}
,"C:\\Users\\유석근PD\\Desktop\\developments\\Videoplanet\\src\\app\\providers.tsx": {"path":"C:\\Users\\유석근PD\\Desktop\\developments\\Videoplanet\\src\\app\\providers.tsx","statementMap":{"0":{"start":{"line":7,"column":16},"end":{"line":7,"column":26}},"1":{"start":{"line":3,"column":25},"end":{"line":3,"column":null}},"2":{"start":{"line":4,"column":30},"end":{"line":4,"column":null}},"3":{"start":{"line":5,"column":22},"end":{"line":5,"column":null}}},"fnMap":{"0":{"name":"Providers","decl":{"start":{"line":7,"column":16},"end":{"line":7,"column":26}},"loc":{"start":{"line":7,"column":69},"end":{"line":15,"column":null}}}},"branchMap":{},"s":{"0":0,"1":0,"2":0,"3":0},"f":{"0":0},"b":{}}
,"C:\\Users\\유석근PD\\Desktop\\developments\\Videoplanet\\src\\components\\Header.jsx": {"path":"C:\\Users\\유석근PD\\Desktop\\developments\\Videoplanet\\src\\components\\Header.jsx","statementMap":{"0":{"start":{"line":6,"column":24},"end":{"line":6,"column":31}},"1":{"start":{"line":1,"column":15},"end":{"line":1,"column":null}},"2":{"start":{"line":2,"column":21},"end":{"line":2,"column":null}},"3":{"start":{"line":4,"column":7},"end":{"line":4,"column":null}},"4":{"start":{"line":13,"column":19},"end":{"line":13,"column":null}},"5":{"start":{"line":15,"column":15},"end":{"line":15,"column":null}},"6":{"start":{"line":16,"column":16},"end":{"line":16,"column":null}},"7":{"start":{"line":28,"column":2},"end":{"line":49,"column":null}},"8":{"start":{"line":29,"column":4},"end":{"line":48,"column":null}},"9":{"start":{"line":31,"column":8},"end":{"line":31,"column":21}},"10":{"start":{"line":34,"column":27},"end":{"line":34,"column":null}},"11":{"start":{"line":40,"column":6},"end":{"line":40,"column":null}},"12":{"start":{"line":41,"column":11},"end":{"line":48,"column":null}},"13":{"start":{"line":43,"column":8},"end":{"line":43,"column":21}},"14":{"start":{"line":47,"column":6},"end":{"line":47,"column":null}}},"fnMap":{"0":{"name":"Header","decl":{"start":{"line":6,"column":24},"end":{"line":6,"column":31}},"loc":{"start":{"line":12,"column":1},"end":{"line":24,"column":null}}},"1":{"name":"makeHtml","decl":{"start":{"line":27,"column":9},"end":{"line":27,"column":18}},"loc":{"start":{"line":27,"column":38},"end":{"line":50,"column":null}}},"2":{"name":"(anonymous_4)","decl":{"start":{"line":28,"column":19},"end":{"line":28,"column":20}},"loc":{"start":{"line":28,"column":26},"end":{"line":49,"column":null}}},"3":{"name":"(anonymous_5)","decl":{"start":{"line":34,"column":21},"end":{"line":34,"column":27}},"loc":{"start":{"line":34,"column":27},"end":{"line":34,"column":null}}}},"branchMap":{"0":{"loc":{"start":{"line":8,"column":2},"end":{"line":8,"column":16}},"type":"default-arg","locations":[{"start":{"line":8,"column":14},"end":{"line":8,"column":16}}]},"1":{"loc":{"start":{"line":9,"column":2},"end":{"line":9,"column":17}},"type":"default-arg","locations":[{"start":{"line":9,"column":15},"end":{"line":9,"column":17}}]},"2":{"loc":{"start":{"line":27,"column":18},"end":{"line":27,"column":28}},"type":"default-arg","locations":[{"start":{"line":27,"column":26},"end":{"line":27,"column":28}}]},"3":{"loc":{"start":{"line":29,"column":4},"end":{"line":48,"column":null}},"type":"if","locations":[{"start":{"line":29,"column":4},"end":{"line":48,"column":null}},{"start":{"line":41,"column":11},"end":{"line":48,"column":null}}]},"4":{"loc":{"start":{"line":41,"column":11},"end":{"line":48,"column":null}},"type":"if","locations":[{"start":{"line":41,"column":11},"end":{"line":48,"column":null}}]}},"s":{"0":15,"1":1,"2":1,"3":1,"4":68,"5":0,"6":0,"7":0,"8":0,"9":0,"10":0,"11":0,"12":0,"13":0,"14":0},"f":{"0":68,"1":0,"2":0,"3":0},"b":{"0":[68],"1":[68],"2":[0],"3":[0,0],"4":[0]}}
,"C:\\Users\\유석근PD\\Desktop\\developments\\Videoplanet\\src\\components\\LoginIntro.jsx": {"path":"C:\\Users\\유석근PD\\Desktop\\developments\\Videoplanet\\src\\components\\LoginIntro.jsx","statementMap":{"0":{"start":{"line":5,"column":24},"end":{"line":5,"column":null}},"1":{"start":{"line":1,"column":28},"end":{"line":1,"column":null}},"2":{"start":{"line":2,"column":7},"end":{"line":2,"column":null}},"3":{"start":{"line":3,"column":19},"end":{"line":3,"column":null}},"4":{"start":{"line":6,"column":19},"end":{"line":6,"column":null}},"5":{"start":{"line":11,"column":30},"end":{"line":11,"column":45}}},"fnMap":{"0":{"name":"LoginIntro","decl":{"start":{"line":5,"column":24},"end":{"line":5,"column":null}},"loc":{"start":{"line":5,"column":24},"end":{"line":42,"column":null}}},"1":{"name":"(anonymous_3)","decl":{"start":{"line":11,"column":24},"end":{"line":11,"column":30}},"loc":{"start":{"line":11,"column":30},"end":{"line":11,"column":45}}}},"branchMap":{},"s":{"0":0,"1":0,"2":0,"3":0,"4":0,"5":0},"f":{"0":0,"1":0},"b":{}}
,"C:\\Users\\유석근PD\\Desktop\\developments\\Videoplanet\\src\\components\\PageTemplate.jsx": {"path":"C:\\Users\\유석근PD\\Desktop\\developments\\Videoplanet\\src\\components\\PageTemplate.jsx","statementMap":{"0":{"start":{"line":13,"column":24},"end":{"line":13,"column":37}},"1":{"start":{"line":1,"column":7},"end":{"line":1,"column":null}},"2":{"start":{"line":2,"column":15},"end":{"line":2,"column":null}},"3":{"start":{"line":3,"column":28},"end":{"line":3,"column":null}},"4":{"start":{"line":5,"column":17},"end":{"line":5,"column":null}},"5":{"start":{"line":6,"column":20},"end":{"line":6,"column":null}},"6":{"start":{"line":7,"column":19},"end":{"line":7,"column":null}},"7":{"start":{"line":8,"column":23},"end":{"line":8,"column":null}},"8":{"start":{"line":9,"column":26},"end":{"line":9,"column":null}},"9":{"start":{"line":10,"column":29},"end":{"line":10,"column":null}},"10":{"start":{"line":11,"column":28},"end":{"line":11,"column":null}},"11":{"start":{"line":25,"column":19},"end":{"line":25,"column":null}},"12":{"start":{"line":26,"column":29},"end":{"line":26,"column":null}},"13":{"start":{"line":26,"column":48},"end":{"line":26,"column":62}},"14":{"start":{"line":28,"column":2},"end":{"line":35,"column":null}},"15":{"start":{"line":29,"column":4},"end":{"line":34,"column":null}},"16":{"start":{"line":30,"column":22},"end":{"line":30,"column":null}},"17":{"start":{"line":31,"column":6},"end":{"line":33,"column":null}},"18":{"start":{"line":32,"column":8},"end":{"line":32,"column":null}},"19":{"start":{"line":45,"column":2},"end":{"line":52,"column":null}},"20":{"start":{"line":46,"column":4},"end":{"line":52,"column":null}},"21":{"start":{"line":53,"column":2},"end":{"line":66,"column":null}},"22":{"start":{"line":54,"column":4},"end":{"line":65,"column":null}}},"fnMap":{"0":{"name":"PageTemplate","decl":{"start":{"line":13,"column":24},"end":{"line":13,"column":37}},"loc":{"start":{"line":24,"column":1},"end":{"line":83,"column":null}}},"1":{"name":"(anonymous_3)","decl":{"start":{"line":26,"column":41},"end":{"line":26,"column":42}},"loc":{"start":{"line":26,"column":48},"end":{"line":26,"column":62}}},"2":{"name":"(anonymous_4)","decl":{"start":{"line":28,"column":12},"end":{"line":28,"column":null}},"loc":{"start":{"line":28,"column":12},"end":{"line":35,"column":5}}}},"branchMap":{"0":{"loc":{"start":{"line":16,"column":2},"end":{"line":16,"column":17}},"type":"default-arg","locations":[{"start":{"line":16,"column":15},"end":{"line":16,"column":17}}]},"1":{"loc":{"start":{"line":17,"column":2},"end":{"line":17,"column":15}},"type":"default-arg","locations":[{"start":{"line":17,"column":11},"end":{"line":17,"column":15}}]},"2":{"loc":{"start":{"line":18,"column":2},"end":{"line":18,"column":16}},"type":"default-arg","locations":[{"start":{"line":18,"column":11},"end":{"line":18,"column":16}}]},"3":{"loc":{"start":{"line":19,"column":2},"end":{"line":19,"column":19}},"type":"default-arg","locations":[{"start":{"line":19,"column":15},"end":{"line":19,"column":19}}]},"4":{"loc":{"start":{"line":29,"column":4},"end":{"line":34,"column":null}},"type":"if","locations":[{"start":{"line":29,"column":4},"end":{"line":34,"column":null}}]},"5":{"loc":{"start":{"line":31,"column":6},"end":{"line":33,"column":null}},"type":"if","locations":[{"start":{"line":31,"column":6},"end":{"line":33,"column":null}}]},"6":{"loc":{"start":{"line":45,"column":2},"end":{"line":52,"column":null}},"type":"if","locations":[{"start":{"line":45,"column":2},"end":{"line":52,"column":null}}]},"7":{"loc":{"start":{"line":53,"column":2},"end":{"line":66,"column":null}},"type":"if","locations":[{"start":{"line":53,"column":2},"end":{"line":66,"column":null}}]},"8":{"loc":{"start":{"line":63,"column":14},"end":{"line":63,"column":null}},"type":"cond-expr","locations":[{"start":{"line":63,"column":21},"end":{"line":63,"column":28}},{"start":{"line":63,"column":28},"end":{"line":63,"column":null}}]},"9":{"loc":{"start":{"line":71,"column":8},"end":{"line":76,"column":null}},"type":"cond-expr","locations":[{"start":{"line":71,"column":8},"end":{"line":76,"column":null}}]},"10":{"loc":{"start":{"line":77,"column":11},"end":{"line":77,"column":21}},"type":"binary-expr","locations":[{"start":{"line":77,"column":11},"end":{"line":77,"column":21}}]}},"s":{"0":0,"1":0,"2":0,"3":0,"4":0,"5":0,"6":0,"7":0,"8":0,"9":0,"10":0,"11":0,"12":0,"13":0,"14":0,"15":0,"16":0,"17":0,"18":0,"19":0,"20":0,"21":0,"22":0},"f":{"0":0,"1":0,"2":0},"b":{"0":[0],"1":[0],"2":[0],"3":[0],"4":[0],"5":[0],"6":[0],"7":[0],"8":[0,0],"9":[0],"10":[0]}}
,"C:\\Users\\유석근PD\\Desktop\\developments\\Videoplanet\\src\\components\\SideBar.jsx": {"path":"C:\\Users\\유석근PD\\Desktop\\developments\\Videoplanet\\src\\components\\SideBar.jsx","statementMap":{"0":{"start":{"line":8,"column":24},"end":{"line":8,"column":32}},"1":{"start":{"line":1,"column":7},"end":{"line":1,"column":null}},"2":{"start":{"line":2,"column":15},"end":{"line":2,"column":null}},"3":{"start":{"line":3,"column":52},"end":{"line":3,"column":null}},"4":{"start":{"line":4,"column":41},"end":{"line":4,"column":null}},"5":{"start":{"line":5,"column":28},"end":{"line":5,"column":null}},"6":{"start":{"line":6,"column":29},"end":{"line":6,"column":null}},"7":{"start":{"line":9,"column":19},"end":{"line":9,"column":null}},"8":{"start":{"line":10,"column":15},"end":{"line":10,"column":37}},"9":{"start":{"line":11,"column":33},"end":{"line":11,"column":null}},"10":{"start":{"line":11,"column":52},"end":{"line":11,"column":66}},"11":{"start":{"line":12,"column":32},"end":{"line":12,"column":null}},"12":{"start":{"line":13,"column":35},"end":{"line":13,"column":null}},"13":{"start":{"line":14,"column":40},"end":{"line":14,"column":null}},"14":{"start":{"line":16,"column":2},"end":{"line":27,"column":null}},"15":{"start":{"line":17,"column":4},"end":{"line":26,"column":null}},"16":{"start":{"line":18,"column":23},"end":{"line":18,"column":null}},"17":{"start":{"line":19,"column":6},"end":{"line":21,"column":null}},"18":{"start":{"line":20,"column":8},"end":{"line":20,"column":null}},"19":{"start":{"line":25,"column":6},"end":{"line":25,"column":null}},"20":{"start":{"line":29,"column":2},"end":{"line":36,"column":null}},"21":{"start":{"line":30,"column":4},"end":{"line":34,"column":null}},"22":{"start":{"line":31,"column":6},"end":{"line":31,"column":null}},"23":{"start":{"line":33,"column":6},"end":{"line":33,"column":null}},"24":{"start":{"line":35,"column":4},"end":{"line":35,"column":null}},"25":{"start":{"line":46,"column":16},"end":{"line":46,"column":null}},"26":{"start":{"line":47,"column":16},"end":{"line":47,"column":null}},"27":{"start":{"line":55,"column":16},"end":{"line":55,"column":null}},"28":{"start":{"line":56,"column":16},"end":{"line":56,"column":null}},"29":{"start":{"line":68,"column":16},"end":{"line":72,"column":null}},"30":{"start":{"line":69,"column":18},"end":{"line":69,"column":null}},"31":{"start":{"line":71,"column":18},"end":{"line":71,"column":null}},"32":{"start":{"line":73,"column":16},"end":{"line":73,"column":null}},"33":{"start":{"line":87,"column":16},"end":{"line":91,"column":null}},"34":{"start":{"line":88,"column":18},"end":{"line":88,"column":null}},"35":{"start":{"line":90,"column":18},"end":{"line":90,"column":null}},"36":{"start":{"line":92,"column":16},"end":{"line":92,"column":null}},"37":{"start":{"line":101,"column":16},"end":{"line":101,"column":null}},"38":{"start":{"line":102,"column":16},"end":{"line":102,"column":null}},"39":{"start":{"line":112,"column":12},"end":{"line":114,"column":null}},"40":{"start":{"line":113,"column":14},"end":{"line":113,"column":null}},"41":{"start":{"line":115,"column":12},"end":{"line":115,"column":null}},"42":{"start":{"line":129,"column":33},"end":{"line":129,"column":61}},"43":{"start":{"line":133,"column":31},"end":{"line":133,"column":50}},"44":{"start":{"line":142,"column":14},"end":{"line":150,"column":null}},"45":{"start":{"line":144,"column":18},"end":{"line":148,"column":null}},"46":{"start":{"line":145,"column":20},"end":{"line":145,"column":null}},"47":{"start":{"line":147,"column":20},"end":{"line":147,"column":null}},"48":{"start":{"line":163,"column":29},"end":{"line":163,"column":null}},"49":{"start":{"line":174,"column":0},"end":{"line":174,"column":null}}},"fnMap":{"0":{"name":"SideBar","decl":{"start":{"line":8,"column":24},"end":{"line":8,"column":32}},"loc":{"start":{"line":8,"column":48},"end":{"line":173,"column":null}}},"1":{"name":"(anonymous_6)","decl":{"start":{"line":11,"column":45},"end":{"line":11,"column":46}},"loc":{"start":{"line":11,"column":52},"end":{"line":11,"column":66}}},"2":{"name":"(anonymous_7)","decl":{"start":{"line":16,"column":12},"end":{"line":16,"column":null}},"loc":{"start":{"line":16,"column":12},"end":{"line":27,"column":5}}},"3":{"name":"(anonymous_8)","decl":{"start":{"line":19,"column":20},"end":{"line":19,"column":21}},"loc":{"start":{"line":19,"column":24},"end":{"line":21,"column":null}}},"4":{"name":"(anonymous_9)","decl":{"start":{"line":29,"column":12},"end":{"line":29,"column":null}},"loc":{"start":{"line":29,"column":12},"end":{"line":36,"column":5}}},"5":{"name":"(anonymous_10)","decl":{"start":{"line":45,"column":23},"end":{"line":45,"column":null}},"loc":{"start":{"line":45,"column":23},"end":{"line":48,"column":null}}},"6":{"name":"(anonymous_11)","decl":{"start":{"line":54,"column":23},"end":{"line":54,"column":null}},"loc":{"start":{"line":54,"column":23},"end":{"line":57,"column":null}}},"7":{"name":"(anonymous_12)","decl":{"start":{"line":67,"column":23},"end":{"line":67,"column":null}},"loc":{"start":{"line":67,"column":23},"end":{"line":75,"column":null}}},"8":{"name":"(anonymous_13)","decl":{"start":{"line":86,"column":23},"end":{"line":86,"column":null}},"loc":{"start":{"line":86,"column":23},"end":{"line":94,"column":null}}},"9":{"name":"(anonymous_14)","decl":{"start":{"line":100,"column":23},"end":{"line":100,"column":null}},"loc":{"start":{"line":100,"column":23},"end":{"line":103,"column":null}}},"10":{"name":"(anonymous_15)","decl":{"start":{"line":111,"column":19},"end":{"line":111,"column":null}},"loc":{"start":{"line":111,"column":19},"end":{"line":116,"column":null}}},"11":{"name":"(anonymous_16)","decl":{"start":{"line":129,"column":27},"end":{"line":129,"column":33}},"loc":{"start":{"line":129,"column":33},"end":{"line":129,"column":61}}},"12":{"name":"(anonymous_17)","decl":{"start":{"line":133,"column":25},"end":{"line":133,"column":31}},"loc":{"start":{"line":133,"column":31},"end":{"line":133,"column":50}}},"13":{"name":"(anonymous_18)","decl":{"start":{"line":141,"column":29},"end":{"line":141,"column":30}},"loc":{"start":{"line":142,"column":14},"end":{"line":150,"column":null}}},"14":{"name":"(anonymous_19)","decl":{"start":{"line":143,"column":25},"end":{"line":143,"column":null}},"loc":{"start":{"line":143,"column":25},"end":{"line":149,"column":null}}},"15":{"name":"(anonymous_20)","decl":{"start":{"line":163,"column":23},"end":{"line":163,"column":29}},"loc":{"start":{"line":163,"column":29},"end":{"line":163,"column":null}}}},"branchMap":{"0":{"loc":{"start":{"line":17,"column":4},"end":{"line":26,"column":null}},"type":"if","locations":[{"start":{"line":17,"column":4},"end":{"line":26,"column":null}}]},"1":{"loc":{"start":{"line":20,"column":15},"end":{"line":20,"column":null}},"type":"cond-expr","locations":[{"start":{"line":20,"column":61},"end":{"line":20,"column":66}},{"start":{"line":20,"column":66},"end":{"line":20,"column":null}}]},"2":{"loc":{"start":{"line":30,"column":4},"end":{"line":34,"column":null}},"type":"if","locations":[{"start":{"line":30,"column":4},"end":{"line":34,"column":null}},{"start":{"line":32,"column":11},"end":{"line":34,"column":null}}]},"3":{"loc":{"start":{"line":44,"column":38},"end":{"line":44,"column":70}},"type":"binary-expr","locations":[{"start":{"line":44,"column":38},"end":{"line":44,"column":61}},{"start":{"line":44,"column":61},"end":{"line":44,"column":70}}]},"4":{"loc":{"start":{"line":53,"column":38},"end":{"line":53,"column":71}},"type":"binary-expr","locations":[{"start":{"line":53,"column":38},"end":{"line":53,"column":62}},{"start":{"line":53,"column":62},"end":{"line":53,"column":71}}]},"5":{"loc":{"start":{"line":64,"column":18},"end":{"line":65,"column":null}},"type":"binary-expr","locations":[{"start":{"line":64,"column":18},"end":{"line":64,"column":null}},{"start":{"line":65,"column":19},"end":{"line":65,"column":30}},{"start":{"line":65,"column":30},"end":{"line":65,"column":null}}]},"6":{"loc":{"start":{"line":68,"column":16},"end":{"line":72,"column":null}},"type":"if","locations":[{"start":{"line":68,"column":16},"end":{"line":72,"column":null}},{"start":{"line":70,"column":23},"end":{"line":72,"column":null}}]},"7":{"loc":{"start":{"line":83,"column":18},"end":{"line":84,"column":null}},"type":"binary-expr","locations":[{"start":{"line":83,"column":18},"end":{"line":83,"column":null}},{"start":{"line":84,"column":19},"end":{"line":84,"column":30}},{"start":{"line":84,"column":30},"end":{"line":84,"column":null}}]},"8":{"loc":{"start":{"line":87,"column":16},"end":{"line":91,"column":null}},"type":"if","locations":[{"start":{"line":87,"column":16},"end":{"line":91,"column":null}},{"start":{"line":89,"column":23},"end":{"line":91,"column":null}}]},"9":{"loc":{"start":{"line":99,"column":38},"end":{"line":99,"column":72}},"type":"binary-expr","locations":[{"start":{"line":99,"column":38},"end":{"line":99,"column":63}},{"start":{"line":99,"column":63},"end":{"line":99,"column":72}}]},"10":{"loc":{"start":{"line":112,"column":12},"end":{"line":114,"column":null}},"type":"if","locations":[{"start":{"line":112,"column":12},"end":{"line":114,"column":null}}]},"11":{"loc":{"start":{"line":122,"column":22},"end":{"line":122,"column":null}},"type":"cond-expr","locations":[{"start":{"line":122,"column":32},"end":{"line":122,"column":51}},{"start":{"line":122,"column":51},"end":{"line":122,"column":null}}]},"12":{"loc":{"start":{"line":125,"column":13},"end":{"line":125,"column":null}},"type":"cond-expr","locations":[{"start":{"line":125,"column":39},"end":{"line":125,"column":50}},{"start":{"line":125,"column":50},"end":{"line":125,"column":null}}]},"13":{"loc":{"start":{"line":128,"column":13},"end":{"line":128,"column":39}},"type":"binary-expr","locations":[{"start":{"line":128,"column":13},"end":{"line":128,"column":39}},{"start":{"line":128,"column":39},"end":{"line":128,"column":null}}]},"14":{"loc":{"start":{"line":144,"column":18},"end":{"line":148,"column":null}},"type":"if","locations":[{"start":{"line":144,"column":18},"end":{"line":148,"column":null}},{"start":{"line":146,"column":25},"end":{"line":148,"column":null}}]},"15":{"loc":{"start":{"line":158,"column":9},"end":{"line":158,"column":null}},"type":"binary-expr","locations":[{"start":{"line":158,"column":9},"end":{"line":158,"column":null}}]}},"s":{"0":0,"1":0,"2":0,"3":0,"4":0,"5":0,"6":0,"7":0,"8":0,"9":0,"10":0,"11":0,"12":0,"13":0,"14":0,"15":0,"16":0,"17":0,"18":0,"19":0,"20":0,"21":0,"22":0,"23":0,"24":0,"25":0,"26":0,"27":0,"28":0,"29":0,"30":0,"31":0,"32":0,"33":0,"34":0,"35":0,"36":0,"37":0,"38":0,"39":0,"40":0,"41":0,"42":0,"43":0,"44":0,"45":0,"46":0,"47":0,"48":0,"49":0},"f":{"0":0,"1":0,"2":0,"3":0,"4":0,"5":0,"6":0,"7":0,"8":0,"9":0,"10":0,"11":0,"12":0,"13":0,"14":0,"15":0},"b":{"0":[0],"1":[0,0],"2":[0,0],"3":[0,0],"4":[0,0],"5":[0,0,0],"6":[0,0],"7":[0,0,0],"8":[0,0],"9":[0,0],"10":[0],"11":[0,0],"12":[0,0],"13":[0,0],"14":[0,0],"15":[0]}}
,"C:\\Users\\유석근PD\\Desktop\\developments\\Videoplanet\\src\\hooks\\UseAxios.js": {"path":"C:\\Users\\유석근PD\\Desktop\\developments\\Videoplanet\\src\\hooks\\UseAxios.js","statementMap":{"0":{"start":{"line":64,"column":0},"end":{"line":64,"column":15}},"1":{"start":{"line":1,"column":49},"end":{"line":1,"column":null}},"2":{"start":{"line":2,"column":18},"end":{"line":2,"column":null}},"3":{"start":{"line":3,"column":29},"end":{"line":3,"column":null}},"4":{"start":{"line":4,"column":28},"end":{"line":4,"column":null}},"5":{"start":{"line":6,"column":0},"end":{"line":6,"column":null}},"6":{"start":{"line":7,"column":0},"end":{"line":7,"column":null}},"7":{"start":{"line":9,"column":17},"end":{"line":62,"column":null}},"8":{"start":{"line":10,"column":19},"end":{"line":10,"column":null}},"9":{"start":{"line":11,"column":28},"end":{"line":15,"column":null}},"10":{"start":{"line":16,"column":32},"end":{"line":16,"column":null}},"11":{"start":{"line":17,"column":18},"end":{"line":23,"column":null}},"12":{"start":{"line":18,"column":4},"end":{"line":21,"column":null}},"13":{"start":{"line":22,"column":4},"end":{"line":22,"column":null}},"14":{"start":{"line":24,"column":20},"end":{"line":54,"column":null}},"15":{"start":{"line":25,"column":4},"end":{"line":53,"column":null}},"16":{"start":{"line":27,"column":8},"end":{"line":31,"column":null}},"17":{"start":{"line":34,"column":8},"end":{"line":52,"column":null}},"18":{"start":{"line":39,"column":10},"end":{"line":41,"column":null}},"19":{"start":{"line":40,"column":12},"end":{"line":40,"column":null}},"20":{"start":{"line":42,"column":10},"end":{"line":42,"column":null}},"21":{"start":{"line":44,"column":10},"end":{"line":46,"column":null}},"22":{"start":{"line":45,"column":12},"end":{"line":45,"column":null}},"23":{"start":{"line":47,"column":10},"end":{"line":51,"column":null}},"24":{"start":{"line":55,"column":2},"end":{"line":60,"column":null}},"25":{"start":{"line":56,"column":4},"end":{"line":58,"column":null}},"26":{"start":{"line":57,"column":6},"end":{"line":57,"column":null}},"27":{"start":{"line":59,"column":4},"end":{"line":59,"column":null}},"28":{"start":{"line":61,"column":2},"end":{"line":61,"column":null}},"29":{"start":{"line":64,"column":15},"end":{"line":64,"column":null}}},"fnMap":{"0":{"name":"(anonymous_2)","decl":{"start":{"line":9,"column":17},"end":{"line":9,"column":18}},"loc":{"start":{"line":9,"column":45},"end":{"line":62,"column":null}}},"1":{"name":"(anonymous_3)","decl":{"start":{"line":17,"column":18},"end":{"line":17,"column":null}},"loc":{"start":{"line":17,"column":18},"end":{"line":23,"column":null}}},"2":{"name":"(anonymous_4)","decl":{"start":{"line":24,"column":32},"end":{"line":24,"column":null}},"loc":{"start":{"line":24,"column":32},"end":{"line":54,"column":5}}},"3":{"name":"(anonymous_5)","decl":{"start":{"line":26,"column":12},"end":{"line":26,"column":13}},"loc":{"start":{"line":26,"column":13},"end":{"line":32,"column":null}}},"4":{"name":"(anonymous_6)","decl":{"start":{"line":33,"column":13},"end":{"line":33,"column":14}},"loc":{"start":{"line":33,"column":14},"end":{"line":53,"column":null}}},"5":{"name":"(anonymous_7)","decl":{"start":{"line":55,"column":12},"end":{"line":55,"column":null}},"loc":{"start":{"line":55,"column":12},"end":{"line":60,"column":5}}}},"branchMap":{"0":{"loc":{"start":{"line":9,"column":24},"end":{"line":9,"column":45}},"type":"default-arg","locations":[{"start":{"line":9,"column":40},"end":{"line":9,"column":45}}]},"1":{"loc":{"start":{"line":34,"column":8},"end":{"line":52,"column":null}},"type":"if","locations":[{"start":{"line":34,"column":8},"end":{"line":52,"column":null}},{"start":{"line":43,"column":15},"end":{"line":52,"column":null}}]},"2":{"loc":{"start":{"line":35,"column":10},"end":{"line":37,"column":null}},"type":"binary-expr","locations":[{"start":{"line":35,"column":10},"end":{"line":35,"column":24}},{"start":{"line":36,"column":10},"end":{"line":36,"column":29}},{"start":{"line":37,"column":10},"end":{"line":37,"column":null}}]},"3":{"loc":{"start":{"line":39,"column":10},"end":{"line":41,"column":null}},"type":"if","locations":[{"start":{"line":39,"column":10},"end":{"line":41,"column":null}}]},"4":{"loc":{"start":{"line":44,"column":10},"end":{"line":46,"column":null}},"type":"if","locations":[{"start":{"line":44,"column":10},"end":{"line":46,"column":null}}]},"5":{"loc":{"start":{"line":44,"column":14},"end":{"line":44,"column":51}},"type":"binary-expr","locations":[{"start":{"line":44,"column":14},"end":{"line":44,"column":28}},{"start":{"line":44,"column":32},"end":{"line":44,"column":51}}]},"6":{"loc":{"start":{"line":56,"column":4},"end":{"line":58,"column":null}},"type":"if","locations":[{"start":{"line":56,"column":4},"end":{"line":58,"column":null}}]}},"s":{"0":0,"1":0,"2":0,"3":0,"4":0,"5":0,"6":0,"7":0,"8":0,"9":0,"10":0,"11":0,"12":0,"13":0,"14":0,"15":0,"16":0,"17":0,"18":0,"19":0,"20":0,"21":0,"22":0,"23":0,"24":0,"25":0,"26":0,"27":0,"28":0,"29":0},"f":{"0":0,"1":0,"2":0,"3":0,"4":0,"5":0},"b":{"0":[0],"1":[0,0],"2":[0,0,0],"3":[0],"4":[0],"5":[0,0],"6":[0]}}
,"C:\\Users\\유석근PD\\Desktop\\developments\\Videoplanet\\src\\hooks\\UseInput.js": {"path":"C:\\Users\\유석근PD\\Desktop\\developments\\Videoplanet\\src\\hooks\\UseInput.js","statementMap":{"0":{"start":{"line":21,"column":0},"end":{"line":21,"column":15}},"1":{"start":{"line":1,"column":25},"end":{"line":1,"column":null}},"2":{"start":{"line":3,"column":17},"end":{"line":19,"column":null}},"3":{"start":{"line":4,"column":31},"end":{"line":4,"column":null}},"4":{"start":{"line":5,"column":19},"end":{"line":17,"column":null}},"5":{"start":{"line":6,"column":28},"end":{"line":6,"column":40}},"6":{"start":{"line":7,"column":21},"end":{"line":7,"column":null}},"7":{"start":{"line":8,"column":4},"end":{"line":10,"column":null}},"8":{"start":{"line":9,"column":6},"end":{"line":9,"column":null}},"9":{"start":{"line":11,"column":4},"end":{"line":16,"column":null}},"10":{"start":{"line":12,"column":6},"end":{"line":15,"column":null}},"11":{"start":{"line":18,"column":2},"end":{"line":18,"column":null}},"12":{"start":{"line":21,"column":15},"end":{"line":21,"column":null}}},"fnMap":{"0":{"name":"(anonymous_1)","decl":{"start":{"line":3,"column":17},"end":{"line":3,"column":18}},"loc":{"start":{"line":3,"column":32},"end":{"line":19,"column":null}}},"1":{"name":"(anonymous_2)","decl":{"start":{"line":5,"column":19},"end":{"line":5,"column":20}},"loc":{"start":{"line":5,"column":20},"end":{"line":17,"column":null}}}},"branchMap":{"0":{"loc":{"start":{"line":8,"column":4},"end":{"line":10,"column":null}},"type":"if","locations":[{"start":{"line":8,"column":4},"end":{"line":10,"column":null}}]},"1":{"loc":{"start":{"line":8,"column":8},"end":{"line":8,"column":65}},"type":"binary-expr","locations":[{"start":{"line":8,"column":8},"end":{"line":8,"column":42}},{"start":{"line":8,"column":42},"end":{"line":8,"column":65}}]},"2":{"loc":{"start":{"line":11,"column":4},"end":{"line":16,"column":null}},"type":"if","locations":[{"start":{"line":11,"column":4},"end":{"line":16,"column":null}}]}},"s":{"0":0,"1":0,"2":0,"3":0,"4":0,"5":0,"6":0,"7":0,"8":0,"9":0,"10":0,"11":0,"12":0},"f":{"0":0,"1":0},"b":{"0":[0],"1":[0,0],"2":[0]}}
,"C:\\Users\\유석근PD\\Desktop\\developments\\Videoplanet\\src\\hooks\\UseTab.js": {"path":"C:\\Users\\유석근PD\\Desktop\\developments\\Videoplanet\\src\\hooks\\UseTab.js","statementMap":{"0":{"start":{"line":14,"column":0},"end":{"line":14,"column":15}},"1":{"start":{"line":1,"column":36},"end":{"line":1,"column":null}},"2":{"start":{"line":3,"column":15},"end":{"line":12,"column":null}},"3":{"start":{"line":4,"column":42},"end":{"line":4,"column":null}},"4":{"start":{"line":5,"column":2},"end":{"line":7,"column":null}},"5":{"start":{"line":6,"column":4},"end":{"line":6,"column":null}},"6":{"start":{"line":8,"column":2},"end":{"line":11,"column":null}},"7":{"start":{"line":14,"column":15},"end":{"line":14,"column":null}}},"fnMap":{"0":{"name":"(anonymous_1)","decl":{"start":{"line":3,"column":15},"end":{"line":3,"column":16}},"loc":{"start":{"line":3,"column":28},"end":{"line":12,"column":null}}}},"branchMap":{"0":{"loc":{"start":{"line":5,"column":2},"end":{"line":7,"column":null}},"type":"if","locations":[{"start":{"line":5,"column":2},"end":{"line":7,"column":null}}]},"1":{"loc":{"start":{"line":5,"column":6},"end":{"line":5,"column":43}},"type":"binary-expr","locations":[{"start":{"line":5,"column":6},"end":{"line":5,"column":18}},{"start":{"line":5,"column":18},"end":{"line":5,"column":43}}]}},"s":{"0":0,"1":0,"2":0,"3":0,"4":0,"5":0,"6":0,"7":0},"f":{"0":0},"b":{"0":[0],"1":[0,0]}}
,"C:\\Users\\유석근PD\\Desktop\\developments\\Videoplanet\\src\\hooks\\Usefile.js": {"path":"C:\\Users\\유석근PD\\Desktop\\developments\\Videoplanet\\src\\hooks\\Usefile.js","statementMap":{"0":{"start":{"line":18,"column":0},"end":{"line":18,"column":15}},"1":{"start":{"line":1,"column":25},"end":{"line":1,"column":null}},"2":{"start":{"line":3,"column":16},"end":{"line":16,"column":null}},"3":{"start":{"line":4,"column":29},"end":{"line":4,"column":null}},"4":{"start":{"line":5,"column":21},"end":{"line":9,"column":null}},"5":{"start":{"line":6,"column":20},"end":{"line":6,"column":38}},"6":{"start":{"line":7,"column":4},"end":{"line":7,"column":null}},"7":{"start":{"line":8,"column":4},"end":{"line":8,"column":null}},"8":{"start":{"line":10,"column":21},"end":{"line":14,"column":null}},"9":{"start":{"line":11,"column":20},"end":{"line":11,"column":null}},"10":{"start":{"line":12,"column":4},"end":{"line":12,"column":null}},"11":{"start":{"line":13,"column":4},"end":{"line":13,"column":null}},"12":{"start":{"line":15,"column":2},"end":{"line":15,"column":null}},"13":{"start":{"line":18,"column":15},"end":{"line":18,"column":null}}},"fnMap":{"0":{"name":"(anonymous_1)","decl":{"start":{"line":3,"column":16},"end":{"line":3,"column":17}},"loc":{"start":{"line":3,"column":17},"end":{"line":16,"column":null}}},"1":{"name":"(anonymous_2)","decl":{"start":{"line":5,"column":21},"end":{"line":5,"column":22}},"loc":{"start":{"line":5,"column":22},"end":{"line":9,"column":null}}},"2":{"name":"(anonymous_3)","decl":{"start":{"line":10,"column":21},"end":{"line":10,"column":22}},"loc":{"start":{"line":10,"column":22},"end":{"line":14,"column":null}}}},"branchMap":{},"s":{"0":0,"1":0,"2":0,"3":0,"4":0,"5":0,"6":0,"7":0,"8":0,"9":0,"10":0,"11":0,"12":0,"13":0},"f":{"0":0,"1":0,"2":0},"b":{}}
,"C:\\Users\\유석근PD\\Desktop\\developments\\Videoplanet\\src\\hooks\\useAxios.ts": {"path":"C:\\Users\\유석근PD\\Desktop\\developments\\Videoplanet\\src\\hooks\\useAxios.ts","statementMap":{"0":{"start":{"line":87,"column":0},"end":{"line":87,"column":15}},"1":{"start":{"line":3,"column":49},"end":{"line":3,"column":null}},"2":{"start":{"line":4,"column":26},"end":{"line":4,"column":null}},"3":{"start":{"line":5,"column":18},"end":{"line":5,"column":null}},"4":{"start":{"line":6,"column":29},"end":{"line":6,"column":null}},"5":{"start":{"line":8,"column":0},"end":{"line":8,"column":null}},"6":{"start":{"line":9,"column":0},"end":{"line":9,"column":null}},"7":{"start":{"line":24,"column":17},"end":{"line":85,"column":null}},"8":{"start":{"line":25,"column":17},"end":{"line":25,"column":null}},"9":{"start":{"line":26,"column":28},"end":{"line":30,"column":null}},"10":{"start":{"line":31,"column":32},"end":{"line":31,"column":null}},"11":{"start":{"line":33,"column":18},"end":{"line":39,"column":null}},"12":{"start":{"line":34,"column":4},"end":{"line":37,"column":null}},"13":{"start":{"line":38,"column":4},"end":{"line":38,"column":null}},"14":{"start":{"line":41,"column":20},"end":{"line":75,"column":null}},"15":{"start":{"line":42,"column":4},"end":{"line":74,"column":null}},"16":{"start":{"line":44,"column":8},"end":{"line":48,"column":null}},"17":{"start":{"line":51,"column":8},"end":{"line":73,"column":null}},"18":{"start":{"line":56,"column":10},"end":{"line":60,"column":null}},"19":{"start":{"line":57,"column":12},"end":{"line":59,"column":null}},"20":{"start":{"line":58,"column":14},"end":{"line":58,"column":null}},"21":{"start":{"line":61,"column":10},"end":{"line":61,"column":null}},"22":{"start":{"line":63,"column":10},"end":{"line":67,"column":null}},"23":{"start":{"line":64,"column":12},"end":{"line":66,"column":null}},"24":{"start":{"line":65,"column":14},"end":{"line":65,"column":null}},"25":{"start":{"line":68,"column":10},"end":{"line":72,"column":null}},"26":{"start":{"line":77,"column":2},"end":{"line":82,"column":null}},"27":{"start":{"line":78,"column":4},"end":{"line":80,"column":null}},"28":{"start":{"line":79,"column":6},"end":{"line":79,"column":null}},"29":{"start":{"line":81,"column":4},"end":{"line":81,"column":null}},"30":{"start":{"line":84,"column":2},"end":{"line":84,"column":null}},"31":{"start":{"line":87,"column":15},"end":{"line":87,"column":null}}},"fnMap":{"0":{"name":"(anonymous_2)","decl":{"start":{"line":24,"column":17},"end":{"line":24,"column":18}},"loc":{"start":{"line":24,"column":62},"end":{"line":85,"column":null}}},"1":{"name":"(anonymous_3)","decl":{"start":{"line":33,"column":18},"end":{"line":33,"column":null}},"loc":{"start":{"line":33,"column":18},"end":{"line":39,"column":null}}},"2":{"name":"(anonymous_4)","decl":{"start":{"line":41,"column":32},"end":{"line":41,"column":null}},"loc":{"start":{"line":41,"column":32},"end":{"line":75,"column":5}}},"3":{"name":"(anonymous_5)","decl":{"start":{"line":43,"column":12},"end":{"line":43,"column":13}},"loc":{"start":{"line":43,"column":13},"end":{"line":49,"column":null}}},"4":{"name":"(anonymous_6)","decl":{"start":{"line":50,"column":13},"end":{"line":50,"column":14}},"loc":{"start":{"line":50,"column":14},"end":{"line":74,"column":null}}},"5":{"name":"(anonymous_7)","decl":{"start":{"line":77,"column":12},"end":{"line":77,"column":null}},"loc":{"start":{"line":77,"column":12},"end":{"line":82,"column":5}}}},"branchMap":{"0":{"loc":{"start":{"line":24,"column":41},"end":{"line":24,"column":62}},"type":"default-arg","locations":[{"start":{"line":24,"column":57},"end":{"line":24,"column":62}}]},"1":{"loc":{"start":{"line":51,"column":8},"end":{"line":73,"column":null}},"type":"if","locations":[{"start":{"line":51,"column":8},"end":{"line":73,"column":null}},{"start":{"line":62,"column":15},"end":{"line":73,"column":null}}]},"2":{"loc":{"start":{"line":52,"column":10},"end":{"line":54,"column":null}},"type":"binary-expr","locations":[{"start":{"line":52,"column":10},"end":{"line":52,"column":24}},{"start":{"line":53,"column":10},"end":{"line":53,"column":29}},{"start":{"line":54,"column":10},"end":{"line":54,"column":null}}]},"3":{"loc":{"start":{"line":56,"column":10},"end":{"line":60,"column":null}},"type":"if","locations":[{"start":{"line":56,"column":10},"end":{"line":60,"column":null}}]},"4":{"loc":{"start":{"line":57,"column":12},"end":{"line":59,"column":null}},"type":"if","locations":[{"start":{"line":57,"column":12},"end":{"line":59,"column":null}}]},"5":{"loc":{"start":{"line":63,"column":10},"end":{"line":67,"column":null}},"type":"if","locations":[{"start":{"line":63,"column":10},"end":{"line":67,"column":null}}]},"6":{"loc":{"start":{"line":63,"column":14},"end":{"line":63,"column":51}},"type":"binary-expr","locations":[{"start":{"line":63,"column":14},"end":{"line":63,"column":28}},{"start":{"line":63,"column":32},"end":{"line":63,"column":51}}]},"7":{"loc":{"start":{"line":64,"column":12},"end":{"line":66,"column":null}},"type":"if","locations":[{"start":{"line":64,"column":12},"end":{"line":66,"column":null}}]},"8":{"loc":{"start":{"line":78,"column":4},"end":{"line":80,"column":null}},"type":"if","locations":[{"start":{"line":78,"column":4},"end":{"line":80,"column":null}}]}},"s":{"0":0,"1":0,"2":0,"3":0,"4":0,"5":0,"6":0,"7":0,"8":0,"9":0,"10":0,"11":0,"12":0,"13":0,"14":0,"15":0,"16":0,"17":0,"18":0,"19":0,"20":0,"21":0,"22":0,"23":0,"24":0,"25":0,"26":0,"27":0,"28":0,"29":0,"30":0,"31":0},"f":{"0":0,"1":0,"2":0,"3":0,"4":0,"5":0},"b":{"0":[0],"1":[0,0],"2":[0,0,0],"3":[0],"4":[0],"5":[0],"6":[0,0],"7":[0],"8":[0]}}
,"C:\\Users\\유석근PD\\Desktop\\developments\\Videoplanet\\src\\hooks\\useInput.ts": {"path":"C:\\Users\\유석근PD\\Desktop\\developments\\Videoplanet\\src\\hooks\\useInput.ts","statementMap":{"0":{"start":{"line":28,"column":0},"end":{"line":28,"column":15}},"1":{"start":{"line":1,"column":25},"end":{"line":1,"column":null}},"2":{"start":{"line":6,"column":17},"end":{"line":26,"column":null}},"3":{"start":{"line":7,"column":31},"end":{"line":7,"column":null}},"4":{"start":{"line":9,"column":19},"end":{"line":23,"column":null}},"5":{"start":{"line":10,"column":28},"end":{"line":10,"column":40}},"6":{"start":{"line":11,"column":21},"end":{"line":11,"column":null}},"7":{"start":{"line":13,"column":4},"end":{"line":15,"column":null}},"8":{"start":{"line":14,"column":6},"end":{"line":14,"column":null}},"9":{"start":{"line":17,"column":4},"end":{"line":22,"column":null}},"10":{"start":{"line":18,"column":6},"end":{"line":21,"column":null}},"11":{"start":{"line":25,"column":2},"end":{"line":25,"column":null}},"12":{"start":{"line":28,"column":15},"end":{"line":28,"column":null}}},"fnMap":{"0":{"name":"(anonymous_1)","decl":{"start":{"line":6,"column":17},"end":{"line":6,"column":18}},"loc":{"start":{"line":6,"column":37},"end":{"line":26,"column":null}}},"1":{"name":"(anonymous_2)","decl":{"start":{"line":9,"column":19},"end":{"line":9,"column":20}},"loc":{"start":{"line":9,"column":20},"end":{"line":23,"column":null}}}},"branchMap":{"0":{"loc":{"start":{"line":13,"column":4},"end":{"line":15,"column":null}},"type":"if","locations":[{"start":{"line":13,"column":4},"end":{"line":15,"column":null}}]},"1":{"loc":{"start":{"line":13,"column":8},"end":{"line":13,"column":67}},"type":"binary-expr","locations":[{"start":{"line":13,"column":8},"end":{"line":13,"column":43}},{"start":{"line":13,"column":43},"end":{"line":13,"column":67}}]},"2":{"loc":{"start":{"line":17,"column":4},"end":{"line":22,"column":null}},"type":"if","locations":[{"start":{"line":17,"column":4},"end":{"line":22,"column":null}}]}},"s":{"0":0,"1":0,"2":0,"3":0,"4":0,"5":0,"6":0,"7":0,"8":0,"9":0,"10":0,"11":0,"12":0},"f":{"0":0,"1":0},"b":{"0":[0],"1":[0,0],"2":[0]}}
,"C:\\Users\\유석근PD\\Desktop\\developments\\Videoplanet\\src\\pages\\Home.jsx": {"path":"C:\\Users\\유석근PD\\Desktop\\developments\\Videoplanet\\src\\pages\\Home.jsx","statementMap":{"0":{"start":{"line":37,"column":24},"end":{"line":37,"column":null}},"1":{"start":{"line":1,"column":25},"end":{"line":1,"column":null}},"2":{"start":{"line":2,"column":28},"end":{"line":2,"column":null}},"3":{"start":{"line":3,"column":7},"end":{"line":3,"column":null}},"4":{"start":{"line":4,"column":17},"end":{"line":4,"column":null}},"5":{"start":{"line":5,"column":19},"end":{"line":5,"column":null}},"6":{"start":{"line":6,"column":19},"end":{"line":6,"column":null}},"7":{"start":{"line":7,"column":19},"end":{"line":7,"column":null}},"8":{"start":{"line":8,"column":19},"end":{"line":8,"column":null}},"9":{"start":{"line":9,"column":17},"end":{"line":9,"column":null}},"10":{"start":{"line":10,"column":20},"end":{"line":10,"column":null}},"11":{"start":{"line":11,"column":20},"end":{"line":11,"column":null}},"12":{"start":{"line":12,"column":20},"end":{"line":12,"column":null}},"13":{"start":{"line":13,"column":20},"end":{"line":13,"column":null}},"14":{"start":{"line":14,"column":18},"end":{"line":14,"column":null}},"15":{"start":{"line":15,"column":18},"end":{"line":15,"column":null}},"16":{"start":{"line":16,"column":18},"end":{"line":16,"column":null}},"17":{"start":{"line":18,"column":17},"end":{"line":18,"column":null}},"18":{"start":{"line":19,"column":19},"end":{"line":19,"column":null}},"19":{"start":{"line":21,"column":19},"end":{"line":21,"column":null}},"20":{"start":{"line":23,"column":21},"end":{"line":23,"column":null}},"21":{"start":{"line":25,"column":20},"end":{"line":25,"column":null}},"22":{"start":{"line":27,"column":20},"end":{"line":27,"column":null}},"23":{"start":{"line":29,"column":21},"end":{"line":29,"column":null}},"24":{"start":{"line":30,"column":23},"end":{"line":30,"column":null}},"25":{"start":{"line":31,"column":23},"end":{"line":31,"column":null}},"26":{"start":{"line":32,"column":23},"end":{"line":32,"column":null}},"27":{"start":{"line":34,"column":16},"end":{"line":34,"column":null}},"28":{"start":{"line":35,"column":18},"end":{"line":35,"column":null}},"29":{"start":{"line":38,"column":19},"end":{"line":38,"column":null}},"30":{"start":{"line":67,"column":35},"end":{"line":67,"column":55}},"31":{"start":{"line":134,"column":39},"end":{"line":134,"column":59}},"32":{"start":{"line":160,"column":39},"end":{"line":160,"column":59}},"33":{"start":{"line":186,"column":39},"end":{"line":186,"column":59}},"34":{"start":{"line":213,"column":39},"end":{"line":213,"column":59}},"35":{"start":{"line":692,"column":35},"end":{"line":692,"column":55}},"36":{"start":{"line":693,"column":35},"end":{"line":693,"column":57}}},"fnMap":{"0":{"name":"Home","decl":{"start":{"line":37,"column":24},"end":{"line":37,"column":null}},"loc":{"start":{"line":37,"column":24},"end":{"line":723,"column":null}}},"1":{"name":"(anonymous_3)","decl":{"start":{"line":67,"column":29},"end":{"line":67,"column":35}},"loc":{"start":{"line":67,"column":35},"end":{"line":67,"column":55}}},"2":{"name":"(anonymous_4)","decl":{"start":{"line":134,"column":33},"end":{"line":134,"column":39}},"loc":{"start":{"line":134,"column":39},"end":{"line":134,"column":59}}},"3":{"name":"(anonymous_5)","decl":{"start":{"line":160,"column":33},"end":{"line":160,"column":39}},"loc":{"start":{"line":160,"column":39},"end":{"line":160,"column":59}}},"4":{"name":"(anonymous_6)","decl":{"start":{"line":186,"column":33},"end":{"line":186,"column":39}},"loc":{"start":{"line":186,"column":39},"end":{"line":186,"column":59}}},"5":{"name":"(anonymous_7)","decl":{"start":{"line":213,"column":33},"end":{"line":213,"column":39}},"loc":{"start":{"line":213,"column":39},"end":{"line":213,"column":59}}},"6":{"name":"(anonymous_8)","decl":{"start":{"line":692,"column":29},"end":{"line":692,"column":35}},"loc":{"start":{"line":692,"column":35},"end":{"line":692,"column":55}}},"7":{"name":"(anonymous_9)","decl":{"start":{"line":693,"column":29},"end":{"line":693,"column":35}},"loc":{"start":{"line":693,"column":35},"end":{"line":693,"column":57}}}},"branchMap":{},"s":{"0":0,"1":0,"2":0,"3":0,"4":0,"5":0,"6":0,"7":0,"8":0,"9":0,"10":0,"11":0,"12":0,"13":0,"14":0,"15":0,"16":0,"17":0,"18":0,"19":0,"20":0,"21":0,"22":0,"23":0,"24":0,"25":0,"26":0,"27":0,"28":0,"29":0,"30":0,"31":0,"32":0,"33":0,"34":0,"35":0,"36":0},"f":{"0":0,"1":0,"2":0,"3":0,"4":0,"5":0,"6":0,"7":0},"b":{}}
,"C:\\Users\\유석근PD\\Desktop\\developments\\Videoplanet\\src\\pages\\Privacy.jsx": {"path":"C:\\Users\\유석근PD\\Desktop\\developments\\Videoplanet\\src\\pages\\Privacy.jsx","statementMap":{"0":{"start":{"line":5,"column":24},"end":{"line":5,"column":null}},"1":{"start":{"line":1,"column":36},"end":{"line":1,"column":null}},"2":{"start":{"line":2,"column":28},"end":{"line":2,"column":null}},"3":{"start":{"line":3,"column":7},"end":{"line":3,"column":null}},"4":{"start":{"line":6,"column":19},"end":{"line":6,"column":null}},"5":{"start":{"line":8,"column":23},"end":{"line":10,"column":null}},"6":{"start":{"line":9,"column":4},"end":{"line":9,"column":null}},"7":{"start":{"line":11,"column":2},"end":{"line":13,"column":null}},"8":{"start":{"line":12,"column":4},"end":{"line":12,"column":null}}},"fnMap":{"0":{"name":"Privacy","decl":{"start":{"line":5,"column":24},"end":{"line":5,"column":null}},"loc":{"start":{"line":5,"column":24},"end":{"line":181,"column":null}}},"1":{"name":"(anonymous_2)","decl":{"start":{"line":8,"column":23},"end":{"line":8,"column":null}},"loc":{"start":{"line":8,"column":23},"end":{"line":10,"column":null}}},"2":{"name":"(anonymous_3)","decl":{"start":{"line":11,"column":12},"end":{"line":11,"column":null}},"loc":{"start":{"line":11,"column":12},"end":{"line":13,"column":5}}}},"branchMap":{},"s":{"0":0,"1":0,"2":0,"3":0,"4":0,"5":0,"6":0,"7":0,"8":0},"f":{"0":0,"1":0,"2":0},"b":{}}
,"C:\\Users\\유석근PD\\Desktop\\developments\\Videoplanet\\src\\pages\\Terms.jsx": {"path":"C:\\Users\\유석근PD\\Desktop\\developments\\Videoplanet\\src\\pages\\Terms.jsx","statementMap":{"0":{"start":{"line":5,"column":24},"end":{"line":5,"column":null}},"1":{"start":{"line":1,"column":36},"end":{"line":1,"column":null}},"2":{"start":{"line":2,"column":28},"end":{"line":2,"column":null}},"3":{"start":{"line":3,"column":7},"end":{"line":3,"column":null}},"4":{"start":{"line":6,"column":19},"end":{"line":6,"column":null}},"5":{"start":{"line":8,"column":23},"end":{"line":10,"column":null}},"6":{"start":{"line":9,"column":4},"end":{"line":9,"column":null}},"7":{"start":{"line":12,"column":2},"end":{"line":14,"column":null}},"8":{"start":{"line":13,"column":4},"end":{"line":13,"column":null}}},"fnMap":{"0":{"name":"Terms","decl":{"start":{"line":5,"column":24},"end":{"line":5,"column":null}},"loc":{"start":{"line":5,"column":24},"end":{"line":249,"column":null}}},"1":{"name":"(anonymous_2)","decl":{"start":{"line":8,"column":23},"end":{"line":8,"column":null}},"loc":{"start":{"line":8,"column":23},"end":{"line":10,"column":null}}},"2":{"name":"(anonymous_3)","decl":{"start":{"line":12,"column":12},"end":{"line":12,"column":null}},"loc":{"start":{"line":12,"column":12},"end":{"line":14,"column":5}}}},"branchMap":{},"s":{"0":0,"1":0,"2":0,"3":0,"4":0,"5":0,"6":0,"7":0,"8":0},"f":{"0":0,"1":0,"2":0},"b":{}}
,"C:\\Users\\유석근PD\\Desktop\\developments\\Videoplanet\\src\\pages\\Cms\\Calendar.jsx": {"path":"C:\\Users\\유석근PD\\Desktop\\developments\\Videoplanet\\src\\pages\\Cms\\Calendar.jsx","statementMap":{"0":{"start":{"line":20,"column":24},"end":{"line":20,"column":null}},"1":{"start":{"line":1,"column":7},"end":{"line":1,"column":null}},"2":{"start":{"line":3,"column":25},"end":{"line":3,"column":null}},"3":{"start":{"line":4,"column":20},"end":{"line":4,"column":null}},"4":{"start":{"line":5,"column":25},"end":{"line":5,"column":null}},"5":{"start":{"line":6,"column":27},"end":{"line":6,"column":null}},"6":{"start":{"line":7,"column":26},"end":{"line":7,"column":null}},"7":{"start":{"line":8,"column":24},"end":{"line":8,"column":null}},"8":{"start":{"line":10,"column":45},"end":{"line":10,"column":null}},"9":{"start":{"line":11,"column":28},"end":{"line":11,"column":null}},"10":{"start":{"line":12,"column":41},"end":{"line":12,"column":null}},"11":{"start":{"line":14,"column":30},"end":{"line":14,"column":null}},"12":{"start":{"line":16,"column":19},"end":{"line":16,"column":null}},"13":{"start":{"line":17,"column":7},"end":{"line":17,"column":null}},"14":{"start":{"line":18,"column":31},"end":{"line":18,"column":null}},"15":{"start":{"line":21,"column":19},"end":{"line":21,"column":null}},"16":{"start":{"line":22,"column":19},"end":{"line":22,"column":null}},"17":{"start":{"line":24,"column":4},"end":{"line":24,"column":null}},"18":{"start":{"line":24,"column":23},"end":{"line":24,"column":37}},"19":{"start":{"line":25,"column":47},"end":{"line":25,"column":null}},"20":{"start":{"line":26,"column":21},"end":{"line":26,"column":27}},"21":{"start":{"line":28,"column":19},"end":{"line":28,"column":null}},"22":{"start":{"line":29,"column":34},"end":{"line":29,"column":null}},"23":{"start":{"line":31,"column":24},"end":{"line":38,"column":null}},"24":{"start":{"line":32,"column":4},"end":{"line":37,"column":null}},"25":{"start":{"line":33,"column":6},"end":{"line":33,"column":null}},"26":{"start":{"line":35,"column":21},"end":{"line":35,"column":null}},"27":{"start":{"line":35,"column":62},"end":{"line":35,"column":null}},"28":{"start":{"line":36,"column":6},"end":{"line":36,"column":null}},"29":{"start":{"line":41,"column":4},"end":{"line":41,"column":null}},"30":{"start":{"line":44,"column":25},"end":{"line":48,"column":null}},"31":{"start":{"line":45,"column":18},"end":{"line":45,"column":null}},"32":{"start":{"line":46,"column":4},"end":{"line":46,"column":null}},"33":{"start":{"line":47,"column":4},"end":{"line":47,"column":null}},"34":{"start":{"line":50,"column":24},"end":{"line":50,"column":null}},"35":{"start":{"line":51,"column":28},"end":{"line":51,"column":null}},"36":{"start":{"line":52,"column":26},"end":{"line":52,"column":null}},"37":{"start":{"line":53,"column":39},"end":{"line":53,"column":null}},"38":{"start":{"line":54,"column":36},"end":{"line":54,"column":null}},"39":{"start":{"line":56,"column":31},"end":{"line":60,"column":null}},"40":{"start":{"line":57,"column":4},"end":{"line":59,"column":null}},"41":{"start":{"line":58,"column":6},"end":{"line":58,"column":null}},"42":{"start":{"line":62,"column":2},"end":{"line":64,"column":null}},"43":{"start":{"line":63,"column":4},"end":{"line":63,"column":null}},"44":{"start":{"line":66,"column":21},"end":{"line":129,"column":null}},"45":{"start":{"line":68,"column":21},"end":{"line":68,"column":null}},"46":{"start":{"line":69,"column":20},"end":{"line":69,"column":null}},"47":{"start":{"line":70,"column":4},"end":{"line":70,"column":null}},"48":{"start":{"line":72,"column":24},"end":{"line":72,"column":null}},"49":{"start":{"line":73,"column":25},"end":{"line":73,"column":null}},"50":{"start":{"line":74,"column":4},"end":{"line":74,"column":null}},"51":{"start":{"line":77,"column":15},"end":{"line":77,"column":17}},"52":{"start":{"line":78,"column":4},"end":{"line":88,"column":null}},"53":{"start":{"line":79,"column":22},"end":{"line":79,"column":null}},"54":{"start":{"line":80,"column":21},"end":{"line":80,"column":null}},"55":{"start":{"line":81,"column":6},"end":{"line":84,"column":null}},"56":{"start":{"line":82,"column":8},"end":{"line":82,"column":null}},"57":{"start":{"line":83,"column":8},"end":{"line":83,"column":null}},"58":{"start":{"line":85,"column":6},"end":{"line":87,"column":null}},"59":{"start":{"line":85,"column":19},"end":{"line":85,"column":22}},"60":{"start":{"line":86,"column":8},"end":{"line":86,"column":null}},"61":{"start":{"line":91,"column":14},"end":{"line":91,"column":16}},"62":{"start":{"line":92,"column":21},"end":{"line":92,"column":null}},"63":{"start":{"line":93,"column":20},"end":{"line":93,"column":null}},"64":{"start":{"line":94,"column":4},"end":{"line":97,"column":null}},"65":{"start":{"line":95,"column":6},"end":{"line":95,"column":null}},"66":{"start":{"line":96,"column":6},"end":{"line":96,"column":null}},"67":{"start":{"line":98,"column":4},"end":{"line":103,"column":null}},"68":{"start":{"line":98,"column":17},"end":{"line":98,"column":20}},"69":{"start":{"line":99,"column":6},"end":{"line":101,"column":null}},"70":{"start":{"line":100,"column":8},"end":{"line":100,"column":null}},"71":{"start":{"line":102,"column":6},"end":{"line":102,"column":null}},"72":{"start":{"line":106,"column":13},"end":{"line":106,"column":15}},"73":{"start":{"line":108,"column":4},"end":{"line":110,"column":null}},"74":{"start":{"line":108,"column":17},"end":{"line":108,"column":20}},"75":{"start":{"line":109,"column":6},"end":{"line":109,"column":null}},"76":{"start":{"line":113,"column":4},"end":{"line":128,"column":null}},"77":{"start":{"line":114,"column":6},"end":{"line":114,"column":null}},"78":{"start":{"line":115,"column":6},"end":{"line":115,"column":null}},"79":{"start":{"line":116,"column":6},"end":{"line":116,"column":null}},"80":{"start":{"line":118,"column":6},"end":{"line":118,"column":null}},"81":{"start":{"line":119,"column":26},"end":{"line":119,"column":28}},"82":{"start":{"line":121,"column":6},"end":{"line":124,"column":null}},"83":{"start":{"line":121,"column":19},"end":{"line":121,"column":22}},"84":{"start":{"line":122,"column":24},"end":{"line":122,"column":null}},"85":{"start":{"line":123,"column":8},"end":{"line":123,"column":null}},"86":{"start":{"line":126,"column":6},"end":{"line":126,"column":null}},"87":{"start":{"line":127,"column":6},"end":{"line":127,"column":null}},"88":{"start":{"line":131,"column":2},"end":{"line":133,"column":null}},"89":{"start":{"line":132,"column":4},"end":{"line":132,"column":null}},"90":{"start":{"line":168,"column":22},"end":{"line":168,"column":42}},"91":{"start":{"line":178,"column":55},"end":{"line":181,"column":null}},"92":{"start":{"line":202,"column":18},"end":{"line":202,"column":null}}},"fnMap":{"0":{"name":"Calendar","decl":{"start":{"line":20,"column":24},"end":{"line":20,"column":null}},"loc":{"start":{"line":20,"column":24},"end":{"line":220,"column":null}}},"1":{"name":"(anonymous_3)","decl":{"start":{"line":24,"column":16},"end":{"line":24,"column":17}},"loc":{"start":{"line":24,"column":23},"end":{"line":24,"column":37}}},"2":{"name":"(anonymous_4)","decl":{"start":{"line":31,"column":24},"end":{"line":31,"column":25}},"loc":{"start":{"line":31,"column":25},"end":{"line":38,"column":null}}},"3":{"name":"(anonymous_5)","decl":{"start":{"line":35,"column":49},"end":{"line":35,"column":50}},"loc":{"start":{"line":35,"column":62},"end":{"line":35,"column":null}}},"4":{"name":"refetch","decl":{"start":{"line":40,"column":11},"end":{"line":40,"column":null}},"loc":{"start":{"line":40,"column":11},"end":{"line":42,"column":null}}},"5":{"name":"(anonymous_7)","decl":{"start":{"line":44,"column":25},"end":{"line":44,"column":26}},"loc":{"start":{"line":44,"column":26},"end":{"line":48,"column":null}}},"6":{"name":"(anonymous_8)","decl":{"start":{"line":56,"column":39},"end":{"line":56,"column":null}},"loc":{"start":{"line":56,"column":39},"end":{"line":60,"column":5}}},"7":{"name":"(anonymous_9)","decl":{"start":{"line":57,"column":31},"end":{"line":57,"column":32}},"loc":{"start":{"line":57,"column":32},"end":{"line":59,"column":null}}},"8":{"name":"(anonymous_10)","decl":{"start":{"line":62,"column":12},"end":{"line":62,"column":null}},"loc":{"start":{"line":62,"column":12},"end":{"line":64,"column":5}}},"9":{"name":"(anonymous_11)","decl":{"start":{"line":66,"column":21},"end":{"line":66,"column":22}},"loc":{"start":{"line":66,"column":22},"end":{"line":129,"column":null}}},"10":{"name":"(anonymous_12)","decl":{"start":{"line":131,"column":12},"end":{"line":131,"column":null}},"loc":{"start":{"line":131,"column":12},"end":{"line":133,"column":5}}},"11":{"name":"(anonymous_13)","decl":{"start":{"line":167,"column":38},"end":{"line":167,"column":39}},"loc":{"start":{"line":168,"column":22},"end":{"line":168,"column":42}}},"12":{"name":"(anonymous_14)","decl":{"start":{"line":178,"column":42},"end":{"line":178,"column":43}},"loc":{"start":{"line":178,"column":55},"end":{"line":181,"column":null}}},"13":{"name":"(anonymous_15)","decl":{"start":{"line":201,"column":42},"end":{"line":201,"column":43}},"loc":{"start":{"line":202,"column":18},"end":{"line":202,"column":null}}}},"branchMap":{"0":{"loc":{"start":{"line":32,"column":4},"end":{"line":37,"column":null}},"type":"if","locations":[{"start":{"line":32,"column":4},"end":{"line":37,"column":null}},{"start":{"line":34,"column":11},"end":{"line":37,"column":null}}]},"1":{"loc":{"start":{"line":58,"column":13},"end":{"line":58,"column":null}},"type":"binary-expr","locations":[{"start":{"line":58,"column":13},"end":{"line":58,"column":57}},{"start":{"line":58,"column":57},"end":{"line":58,"column":null}}]},"2":{"loc":{"start":{"line":78,"column":4},"end":{"line":88,"column":null}},"type":"if","locations":[{"start":{"line":78,"column":4},"end":{"line":88,"column":null}}]},"3":{"loc":{"start":{"line":81,"column":6},"end":{"line":84,"column":null}},"type":"if","locations":[{"start":{"line":81,"column":6},"end":{"line":84,"column":null}}]},"4":{"loc":{"start":{"line":94,"column":4},"end":{"line":97,"column":null}},"type":"if","locations":[{"start":{"line":94,"column":4},"end":{"line":97,"column":null}}]},"5":{"loc":{"start":{"line":99,"column":6},"end":{"line":101,"column":null}},"type":"if","locations":[{"start":{"line":99,"column":6},"end":{"line":101,"column":null}}]},"6":{"loc":{"start":{"line":113,"column":4},"end":{"line":128,"column":null}},"type":"if","locations":[{"start":{"line":113,"column":4},"end":{"line":128,"column":null}},{"start":{"line":117,"column":11},"end":{"line":128,"column":null}}]},"7":{"loc":{"start":{"line":186,"column":13},"end":{"line":186,"column":null}},"type":"binary-expr","locations":[{"start":{"line":186,"column":13},"end":{"line":186,"column":null}}]}},"s":{"0":0,"1":0,"2":0,"3":0,"4":0,"5":0,"6":0,"7":0,"8":0,"9":0,"10":0,"11":0,"12":0,"13":0,"14":0,"15":0,"16":0,"17":0,"18":0,"19":0,"20":0,"21":0,"22":0,"23":0,"24":0,"25":0,"26":0,"27":0,"28":0,"29":0,"30":0,"31":0,"32":0,"33":0,"34":0,"35":0,"36":0,"37":0,"38":0,"39":0,"40":0,"41":0,"42":0,"43":0,"44":0,"45":0,"46":0,"47":0,"48":0,"49":0,"50":0,"51":0,"52":0,"53":0,"54":0,"55":0,"56":0,"57":0,"58":0,"59":0,"60":0,"61":0,"62":0,"63":0,"64":0,"65":0,"66":0,"67":0,"68":0,"69":0,"70":0,"71":0,"72":0,"73":0,"74":0,"75":0,"76":0,"77":0,"78":0,"79":0,"80":0,"81":0,"82":0,"83":0,"84":0,"85":0,"86":0,"87":0,"88":0,"89":0,"90":0,"91":0,"92":0},"f":{"0":0,"1":0,"2":0,"3":0,"4":0,"5":0,"6":0,"7":0,"8":0,"9":0,"10":0,"11":0,"12":0,"13":0},"b":{"0":[0,0],"1":[0,0],"2":[0],"3":[0],"4":[0],"5":[0],"6":[0,0],"7":[0]}}
,"C:\\Users\\유석근PD\\Desktop\\developments\\Videoplanet\\src\\pages\\Cms\\CmsHome.jsx": {"path":"C:\\Users\\유석근PD\\Desktop\\developments\\Videoplanet\\src\\pages\\Cms\\CmsHome.jsx","statementMap":{"0":{"start":{"line":13,"column":24},"end":{"line":13,"column":null}},"1":{"start":{"line":1,"column":7},"end":{"line":1,"column":null}},"2":{"start":{"line":3,"column":25},"end":{"line":3,"column":null}},"3":{"start":{"line":4,"column":20},"end":{"line":4,"column":null}},"4":{"start":{"line":6,"column":44},"end":{"line":6,"column":null}},"5":{"start":{"line":7,"column":28},"end":{"line":7,"column":null}},"6":{"start":{"line":8,"column":28},"end":{"line":8,"column":null}},"7":{"start":{"line":10,"column":19},"end":{"line":10,"column":null}},"8":{"start":{"line":11,"column":7},"end":{"line":11,"column":null}},"9":{"start":{"line":14,"column":19},"end":{"line":14,"column":null}},"10":{"start":{"line":15,"column":67},"end":{"line":16,"column":null}},"11":{"start":{"line":16,"column":11},"end":{"line":16,"column":25}},"12":{"start":{"line":18,"column":19},"end":{"line":18,"column":null}},"13":{"start":{"line":19,"column":15},"end":{"line":19,"column":null}},"14":{"start":{"line":20,"column":26},"end":{"line":20,"column":null}},"15":{"start":{"line":21,"column":18},"end":{"line":21,"column":null}},"16":{"start":{"line":22,"column":27},"end":{"line":22,"column":null}},"17":{"start":{"line":23,"column":27},"end":{"line":23,"column":null}},"18":{"start":{"line":25,"column":2},"end":{"line":35,"column":null}},"19":{"start":{"line":26,"column":4},"end":{"line":26,"column":null}},"20":{"start":{"line":28,"column":4},"end":{"line":33,"column":null}},"21":{"start":{"line":29,"column":6},"end":{"line":29,"column":null}},"22":{"start":{"line":30,"column":6},"end":{"line":32,"column":null}},"23":{"start":{"line":31,"column":8},"end":{"line":31,"column":null}},"24":{"start":{"line":34,"column":4},"end":{"line":34,"column":null}},"25":{"start":{"line":34,"column":17},"end":{"line":34,"column":null}},"26":{"start":{"line":52,"column":33},"end":{"line":52,"column":null}},"27":{"start":{"line":60,"column":20},"end":{"line":67,"column":null}},"28":{"start":{"line":61,"column":22},"end":{"line":61,"column":null}},"29":{"start":{"line":63,"column":22},"end":{"line":66,"column":null}},"30":{"start":{"line":76,"column":20},"end":{"line":83,"column":null}},"31":{"start":{"line":77,"column":22},"end":{"line":77,"column":null}},"32":{"start":{"line":79,"column":22},"end":{"line":82,"column":null}},"33":{"start":{"line":91,"column":33},"end":{"line":91,"column":null}}},"fnMap":{"0":{"name":"CmsHome","decl":{"start":{"line":13,"column":24},"end":{"line":13,"column":null}},"loc":{"start":{"line":13,"column":24},"end":{"line":144,"column":null}}},"1":{"name":"(anonymous_3)","decl":{"start":{"line":16,"column":4},"end":{"line":16,"column":5}},"loc":{"start":{"line":16,"column":11},"end":{"line":16,"column":25}}},"2":{"name":"(anonymous_4)","decl":{"start":{"line":25,"column":12},"end":{"line":25,"column":null}},"loc":{"start":{"line":25,"column":12},"end":{"line":35,"column":5}}},"3":{"name":"(anonymous_5)","decl":{"start":{"line":28,"column":29},"end":{"line":28,"column":null}},"loc":{"start":{"line":28,"column":29},"end":{"line":33,"column":7}}},"4":{"name":"(anonymous_6)","decl":{"start":{"line":34,"column":11},"end":{"line":34,"column":17}},"loc":{"start":{"line":34,"column":17},"end":{"line":34,"column":null}}},"5":{"name":"(anonymous_7)","decl":{"start":{"line":52,"column":27},"end":{"line":52,"column":33}},"loc":{"start":{"line":52,"column":33},"end":{"line":52,"column":null}}},"6":{"name":"(anonymous_8)","decl":{"start":{"line":59,"column":27},"end":{"line":59,"column":null}},"loc":{"start":{"line":59,"column":27},"end":{"line":68,"column":null}}},"7":{"name":"(anonymous_9)","decl":{"start":{"line":75,"column":27},"end":{"line":75,"column":null}},"loc":{"start":{"line":75,"column":27},"end":{"line":84,"column":null}}},"8":{"name":"(anonymous_10)","decl":{"start":{"line":91,"column":27},"end":{"line":91,"column":33}},"loc":{"start":{"line":91,"column":33},"end":{"line":91,"column":null}}}},"branchMap":{"0":{"loc":{"start":{"line":30,"column":6},"end":{"line":32,"column":null}},"type":"if","locations":[{"start":{"line":30,"column":6},"end":{"line":32,"column":null}}]},"1":{"loc":{"start":{"line":60,"column":20},"end":{"line":67,"column":null}},"type":"if","locations":[{"start":{"line":60,"column":20},"end":{"line":67,"column":null}},{"start":{"line":62,"column":27},"end":{"line":67,"column":null}}]},"2":{"loc":{"start":{"line":76,"column":20},"end":{"line":83,"column":null}},"type":"if","locations":[{"start":{"line":76,"column":20},"end":{"line":83,"column":null}},{"start":{"line":78,"column":27},"end":{"line":83,"column":null}}]}},"s":{"0":0,"1":0,"2":0,"3":0,"4":0,"5":0,"6":0,"7":0,"8":0,"9":0,"10":0,"11":0,"12":0,"13":0,"14":0,"15":0,"16":0,"17":0,"18":0,"19":0,"20":0,"21":0,"22":0,"23":0,"24":0,"25":0,"26":0,"27":0,"28":0,"29":0,"30":0,"31":0,"32":0,"33":0},"f":{"0":0,"1":0,"2":0,"3":0,"4":0,"5":0,"6":0,"7":0,"8":0},"b":{"0":[0],"1":[0,0],"2":[0,0]}}
,"C:\\Users\\유석근PD\\Desktop\\developments\\Videoplanet\\src\\pages\\Cms\\Elearning.jsx": {"path":"C:\\Users\\유석근PD\\Desktop\\developments\\Videoplanet\\src\\pages\\Cms\\Elearning.jsx","statementMap":{"0":{"start":{"line":10,"column":24},"end":{"line":10,"column":null}},"1":{"start":{"line":1,"column":36},"end":{"line":1,"column":null}},"2":{"start":{"line":2,"column":28},"end":{"line":2,"column":null}},"3":{"start":{"line":3,"column":7},"end":{"line":3,"column":null}},"4":{"start":{"line":6,"column":25},"end":{"line":6,"column":null}},"5":{"start":{"line":7,"column":20},"end":{"line":7,"column":null}},"6":{"start":{"line":8,"column":30},"end":{"line":8,"column":null}},"7":{"start":{"line":11,"column":19},"end":{"line":11,"column":null}},"8":{"start":{"line":12,"column":31},"end":{"line":12,"column":null}},"9":{"start":{"line":14,"column":2},"end":{"line":22,"column":null}},"10":{"start":{"line":15,"column":4},"end":{"line":21,"column":null}},"11":{"start":{"line":17,"column":8},"end":{"line":17,"column":null}},"12":{"start":{"line":20,"column":8},"end":{"line":20,"column":null}},"13":{"start":{"line":33,"column":16},"end":{"line":33,"column":null}}},"fnMap":{"0":{"name":"Elearning","decl":{"start":{"line":10,"column":24},"end":{"line":10,"column":null}},"loc":{"start":{"line":10,"column":24},"end":{"line":51,"column":null}}},"1":{"name":"(anonymous_3)","decl":{"start":{"line":14,"column":12},"end":{"line":14,"column":null}},"loc":{"start":{"line":14,"column":12},"end":{"line":22,"column":5}}},"2":{"name":"(anonymous_4)","decl":{"start":{"line":16,"column":12},"end":{"line":16,"column":13}},"loc":{"start":{"line":16,"column":13},"end":{"line":18,"column":null}}},"3":{"name":"(anonymous_5)","decl":{"start":{"line":19,"column":13},"end":{"line":19,"column":14}},"loc":{"start":{"line":19,"column":14},"end":{"line":21,"column":null}}},"4":{"name":"(anonymous_6)","decl":{"start":{"line":32,"column":26},"end":{"line":32,"column":27}},"loc":{"start":{"line":33,"column":16},"end":{"line":33,"column":null}}}},"branchMap":{},"s":{"0":0,"1":0,"2":0,"3":0,"4":0,"5":0,"6":0,"7":0,"8":0,"9":0,"10":0,"11":0,"12":0,"13":0},"f":{"0":0,"1":0,"2":0,"3":0,"4":0},"b":{}}
,"C:\\Users\\유석근PD\\Desktop\\developments\\Videoplanet\\src\\pages\\Cms\\Feedback.jsx": {"path":"C:\\Users\\유석근PD\\Desktop\\developments\\Videoplanet\\src\\pages\\Cms\\Feedback.jsx","statementMap":{"0":{"start":{"line":24,"column":24},"end":{"line":24,"column":null}},"1":{"start":{"line":1,"column":60},"end":{"line":1,"column":null}},"2":{"start":{"line":2,"column":39},"end":{"line":2,"column":null}},"3":{"start":{"line":3,"column":7},"end":{"line":3,"column":null}},"4":{"start":{"line":6,"column":25},"end":{"line":6,"column":null}},"5":{"start":{"line":7,"column":20},"end":{"line":7,"column":null}},"6":{"start":{"line":8,"column":26},"end":{"line":8,"column":null}},"7":{"start":{"line":9,"column":27},"end":{"line":9,"column":null}},"8":{"start":{"line":10,"column":25},"end":{"line":10,"column":null}},"9":{"start":{"line":11,"column":28},"end":{"line":11,"column":null}},"10":{"start":{"line":13,"column":19},"end":{"line":13,"column":null}},"11":{"start":{"line":15,"column":17},"end":{"line":15,"column":null}},"12":{"start":{"line":17,"column":28},"end":{"line":17,"column":null}},"13":{"start":{"line":19,"column":62},"end":{"line":19,"column":null}},"14":{"start":{"line":21,"column":19},"end":{"line":21,"column":null}},"15":{"start":{"line":22,"column":7},"end":{"line":22,"column":null}},"16":{"start":{"line":25,"column":19},"end":{"line":25,"column":null}},"17":{"start":{"line":26,"column":19},"end":{"line":26,"column":null}},"18":{"start":{"line":26,"column":38},"end":{"line":26,"column":52}},"19":{"start":{"line":28,"column":25},"end":{"line":28,"column":null}},"20":{"start":{"line":30,"column":32},"end":{"line":30,"column":null}},"21":{"start":{"line":31,"column":49},"end":{"line":31,"column":null}},"22":{"start":{"line":33,"column":19},"end":{"line":49,"column":null}},"23":{"start":{"line":34,"column":4},"end":{"line":48,"column":null}},"24":{"start":{"line":35,"column":6},"end":{"line":45,"column":null}},"25":{"start":{"line":39,"column":12},"end":{"line":39,"column":null}},"26":{"start":{"line":42,"column":8},"end":{"line":42,"column":null}},"27":{"start":{"line":44,"column":8},"end":{"line":44,"column":null}},"28":{"start":{"line":47,"column":6},"end":{"line":47,"column":null}},"29":{"start":{"line":51,"column":18},"end":{"line":53,"column":null}},"30":{"start":{"line":52,"column":4},"end":{"line":52,"column":null}},"31":{"start":{"line":54,"column":2},"end":{"line":64,"column":null}},"32":{"start":{"line":55,"column":4},"end":{"line":63,"column":null}},"33":{"start":{"line":57,"column":8},"end":{"line":57,"column":null}},"34":{"start":{"line":60,"column":8},"end":{"line":62,"column":null}},"35":{"start":{"line":61,"column":10},"end":{"line":61,"column":null}},"36":{"start":{"line":67,"column":4},"end":{"line":71,"column":null}},"37":{"start":{"line":68,"column":6},"end":{"line":68,"column":null}},"38":{"start":{"line":70,"column":6},"end":{"line":70,"column":null}},"39":{"start":{"line":74,"column":48},"end":{"line":74,"column":null}},"40":{"start":{"line":75,"column":23},"end":{"line":79,"column":null}},"41":{"start":{"line":80,"column":23},"end":{"line":80,"column":83}},"42":{"start":{"line":81,"column":11},"end":{"line":81,"column":null}},"43":{"start":{"line":83,"column":28},"end":{"line":83,"column":null}},"44":{"start":{"line":85,"column":2},"end":{"line":107,"column":null}},"45":{"start":{"line":86,"column":4},"end":{"line":106,"column":null}},"46":{"start":{"line":87,"column":6},"end":{"line":105,"column":null}},"47":{"start":{"line":88,"column":8},"end":{"line":92,"column":null}},"48":{"start":{"line":94,"column":24},"end":{"line":95,"column":null}},"49":{"start":{"line":95,"column":17},"end":{"line":95,"column":null}},"50":{"start":{"line":97,"column":8},"end":{"line":104,"column":null}},"51":{"start":{"line":98,"column":10},"end":{"line":98,"column":null}},"52":{"start":{"line":99,"column":10},"end":{"line":103,"column":null}},"53":{"start":{"line":109,"column":2},"end":{"line":145,"column":null}},"54":{"start":{"line":111,"column":4},"end":{"line":111,"column":null}},"55":{"start":{"line":113,"column":4},"end":{"line":123,"column":null}},"56":{"start":{"line":115,"column":6},"end":{"line":115,"column":null}},"57":{"start":{"line":116,"column":6},"end":{"line":116,"column":null}},"58":{"start":{"line":117,"column":20},"end":{"line":117,"column":null}},"59":{"start":{"line":118,"column":6},"end":{"line":122,"column":null}},"60":{"start":{"line":119,"column":8},"end":{"line":119,"column":null}},"61":{"start":{"line":121,"column":8},"end":{"line":121,"column":null}},"62":{"start":{"line":124,"column":4},"end":{"line":127,"column":null}},"63":{"start":{"line":126,"column":6},"end":{"line":126,"column":null}},"64":{"start":{"line":128,"column":4},"end":{"line":131,"column":null}},"65":{"start":{"line":129,"column":6},"end":{"line":129,"column":null}},"66":{"start":{"line":130,"column":6},"end":{"line":130,"column":null}},"67":{"start":{"line":133,"column":4},"end":{"line":136,"column":null}},"68":{"start":{"line":134,"column":19},"end":{"line":134,"column":null}},"69":{"start":{"line":135,"column":6},"end":{"line":135,"column":null}},"70":{"start":{"line":135,"column":30},"end":{"line":135,"column":null}},"71":{"start":{"line":140,"column":4},"end":{"line":144,"column":null}},"72":{"start":{"line":141,"column":6},"end":{"line":143,"column":null}},"73":{"start":{"line":142,"column":8},"end":{"line":142,"column":null}},"74":{"start":{"line":146,"column":2},"end":{"line":151,"column":null}},"75":{"start":{"line":147,"column":4},"end":{"line":150,"column":null}},"76":{"start":{"line":148,"column":22},"end":{"line":148,"column":null}},"77":{"start":{"line":149,"column":6},"end":{"line":149,"column":null}},"78":{"start":{"line":152,"column":18},"end":{"line":244,"column":null}},"79":{"start":{"line":192,"column":14},"end":{"line":193,"column":null}},"80":{"start":{"line":235,"column":16},"end":{"line":235,"column":null}},"81":{"start":{"line":245,"column":38},"end":{"line":245,"column":null}},"82":{"start":{"line":248,"column":4},"end":{"line":257,"column":null}},"83":{"start":{"line":251,"column":27},"end":{"line":251,"column":null}},"84":{"start":{"line":254,"column":6},"end":{"line":254,"column":null}},"85":{"start":{"line":256,"column":6},"end":{"line":256,"column":null}},"86":{"start":{"line":261,"column":18},"end":{"line":261,"column":35}},"87":{"start":{"line":262,"column":21},"end":{"line":262,"column":null}},"88":{"start":{"line":264,"column":4},"end":{"line":264,"column":null}},"89":{"start":{"line":265,"column":4},"end":{"line":281,"column":null}},"90":{"start":{"line":266,"column":6},"end":{"line":266,"column":null}},"91":{"start":{"line":267,"column":6},"end":{"line":278,"column":null}},"92":{"start":{"line":269,"column":10},"end":{"line":269,"column":null}},"93":{"start":{"line":270,"column":10},"end":{"line":270,"column":null}},"94":{"start":{"line":273,"column":10},"end":{"line":273,"column":null}},"95":{"start":{"line":274,"column":10},"end":{"line":277,"column":null}},"96":{"start":{"line":275,"column":12},"end":{"line":275,"column":null}},"97":{"start":{"line":276,"column":12},"end":{"line":276,"column":null}},"98":{"start":{"line":280,"column":6},"end":{"line":280,"column":null}},"99":{"start":{"line":283,"column":36},"end":{"line":283,"column":null}},"100":{"start":{"line":286,"column":4},"end":{"line":296,"column":null}},"101":{"start":{"line":287,"column":6},"end":{"line":295,"column":null}},"102":{"start":{"line":289,"column":10},"end":{"line":289,"column":null}},"103":{"start":{"line":292,"column":10},"end":{"line":294,"column":null}},"104":{"start":{"line":293,"column":12},"end":{"line":293,"column":null}},"105":{"start":{"line":300,"column":21},"end":{"line":300,"column":null}},"106":{"start":{"line":301,"column":4},"end":{"line":301,"column":null}},"107":{"start":{"line":302,"column":4},"end":{"line":302,"column":null}},"108":{"start":{"line":303,"column":4},"end":{"line":303,"column":null}},"109":{"start":{"line":304,"column":4},"end":{"line":304,"column":null}},"110":{"start":{"line":305,"column":4},"end":{"line":305,"column":null}},"111":{"start":{"line":306,"column":4},"end":{"line":306,"column":null}},"112":{"start":{"line":354,"column":24},"end":{"line":356,"column":null}},"113":{"start":{"line":392,"column":37},"end":{"line":392,"column":null}},"114":{"start":{"line":410,"column":22},"end":{"line":414,"column":null}},"115":{"start":{"line":415,"column":39},"end":{"line":415,"column":null}},"116":{"start":{"line":433,"column":13},"end":{"line":471,"column":null}},"117":{"start":{"line":434,"column":19},"end":{"line":434,"column":null}},"118":{"start":{"line":435,"column":2},"end":{"line":437,"column":null}},"119":{"start":{"line":436,"column":4},"end":{"line":436,"column":null}},"120":{"start":{"line":447,"column":8},"end":{"line":447,"column":null}}},"fnMap":{"0":{"name":"Feedback","decl":{"start":{"line":24,"column":24},"end":{"line":24,"column":null}},"loc":{"start":{"line":24,"column":24},"end":{"line":431,"column":null}}},"1":{"name":"(anonymous_6)","decl":{"start":{"line":26,"column":31},"end":{"line":26,"column":32}},"loc":{"start":{"line":26,"column":38},"end":{"line":26,"column":52}}},"2":{"name":"(anonymous_7)","decl":{"start":{"line":33,"column":27},"end":{"line":33,"column":null}},"loc":{"start":{"line":33,"column":27},"end":{"line":49,"column":5}}},"3":{"name":"(anonymous_8)","decl":{"start":{"line":38,"column":10},"end":{"line":38,"column":11}},"loc":{"start":{"line":39,"column":12},"end":{"line":39,"column":null}}},"4":{"name":"(anonymous_9)","decl":{"start":{"line":51,"column":18},"end":{"line":51,"column":null}},"loc":{"start":{"line":51,"column":18},"end":{"line":53,"column":null}}},"5":{"name":"(anonymous_10)","decl":{"start":{"line":54,"column":12},"end":{"line":54,"column":null}},"loc":{"start":{"line":54,"column":12},"end":{"line":64,"column":5}}},"6":{"name":"(anonymous_11)","decl":{"start":{"line":56,"column":12},"end":{"line":56,"column":13}},"loc":{"start":{"line":56,"column":13},"end":{"line":58,"column":null}}},"7":{"name":"(anonymous_12)","decl":{"start":{"line":59,"column":13},"end":{"line":59,"column":14}},"loc":{"start":{"line":59,"column":14},"end":{"line":63,"column":null}}},"8":{"name":"Rating","decl":{"start":{"line":66,"column":11},"end":{"line":66,"column":18}},"loc":{"start":{"line":66,"column":24},"end":{"line":72,"column":null}}},"9":{"name":"(anonymous_14)","decl":{"start":{"line":85,"column":12},"end":{"line":85,"column":null}},"loc":{"start":{"line":85,"column":12},"end":{"line":107,"column":5}}},"10":{"name":"(anonymous_15)","decl":{"start":{"line":95,"column":10},"end":{"line":95,"column":11}},"loc":{"start":{"line":95,"column":17},"end":{"line":95,"column":null}}},"11":{"name":"(anonymous_16)","decl":{"start":{"line":109,"column":12},"end":{"line":109,"column":null}},"loc":{"start":{"line":109,"column":12},"end":{"line":145,"column":5}}},"12":{"name":"(anonymous_17)","decl":{"start":{"line":113,"column":24},"end":{"line":113,"column":null}},"loc":{"start":{"line":113,"column":24},"end":{"line":123,"column":null}}},"13":{"name":"(anonymous_18)","decl":{"start":{"line":124,"column":25},"end":{"line":124,"column":26}},"loc":{"start":{"line":124,"column":26},"end":{"line":127,"column":null}}},"14":{"name":"(anonymous_19)","decl":{"start":{"line":128,"column":25},"end":{"line":128,"column":26}},"loc":{"start":{"line":128,"column":26},"end":{"line":131,"column":null}}},"15":{"name":"(anonymous_20)","decl":{"start":{"line":133,"column":27},"end":{"line":133,"column":28}},"loc":{"start":{"line":133,"column":28},"end":{"line":136,"column":null}}},"16":{"name":"(anonymous_21)","decl":{"start":{"line":135,"column":15},"end":{"line":135,"column":16}},"loc":{"start":{"line":135,"column":30},"end":{"line":135,"column":null}}},"17":{"name":"(anonymous_22)","decl":{"start":{"line":140,"column":11},"end":{"line":140,"column":null}},"loc":{"start":{"line":140,"column":11},"end":{"line":144,"column":null}}},"18":{"name":"(anonymous_23)","decl":{"start":{"line":146,"column":12},"end":{"line":146,"column":null}},"loc":{"start":{"line":146,"column":12},"end":{"line":151,"column":5}}},"19":{"name":"(anonymous_24)","decl":{"start":{"line":191,"column":45},"end":{"line":191,"column":46}},"loc":{"start":{"line":192,"column":14},"end":{"line":193,"column":null}}},"20":{"name":"(anonymous_25)","decl":{"start":{"line":234,"column":23},"end":{"line":234,"column":null}},"loc":{"sta
[...]
},"end":{"line":141,"column":25}},"9":{"start":{"line":87,"column":13},"end":{"line":87,"column":35}},"10":{"start":{"line":1,"column":36},"end":{"line":1,"column":null}},"11":{"start":{"line":2,"column":38},"end":{"line":2,"column":null}},"12":{"start":{"line":3,"column":25},"end":{"line":3,"column":null}},"13":{"start":{"line":4,"column":31},"end":{"line":4,"column":null}},"14":{"start":{"line":5,"column":27},"end":{"line":5,"column":null}},"15":{"start":{"line":8,"column":24},"end":{"line":19,"column":null}},"16":{"start":{"line":9,"column":2},"end":{"line":18,"column":null}},"17":{"start":{"line":15,"column":6},"end":{"line":17,"column":null}},"18":{"start":{"line":27,"column":56},"end":{"line":36,"column":null}},"19":{"start":{"line":44,"column":21},"end":{"line":57,"column":null}},"20":{"start":{"line":56,"column":2},"end":{"line":56,"column":null}},"21":{"start":{"line":60,"column":30},"end":{"line":66,"column":null}},"22":{"start":{"line":60,"column":51},"end":{"line":66,"column":null}},"23":{"start":{"line":68,"column":33},"end":{"line":75,"column":null}},"24":{"start":{"line":68,"column":54},"end":{"line":75,"column":null}},"25":{"start":{"line":77,"column":34},"end":{"line":84,"column":null}},"26":{"start":{"line":77,"column":55},"end":{"line":84,"column":null}},"27":{"start":{"line":87,"column":38},"end":{"line":91,"column":null}},"28":{"start":{"line":88,"column":2},"end":{"line":90,"column":null}},"29":{"start":{"line":89,"column":4},"end":{"line":89,"column":null}},"30":{"start":{"line":94,"column":31},"end":{"line":99,"column":null}},"31":{"start":{"line":94,"column":52},"end":{"line":99,"column":null}},"32":{"start":{"line":102,"column":37},"end":{"line":107,"column":null}},"33":{"start":{"line":102,"column":67},"end":{"line":107,"column":null}},"34":{"start":{"line":105,"column":14},"end":{"line":105,"column":null}},"35":{"start":{"line":106,"column":14},"end":{"line":106,"column":null}},"36":{"start":{"line":110,"column":31},"end":{"line":117,"column":null}},"37":{"start":{"line":110,"column":74},"end":{"line":117,"column":null}},"38":{"start":{"line":120,"column":32},"end":{"line":135,"column":null}},"39":{"start":{"line":121,"column":43},"end":{"line":121,"column":null}},"40":{"start":{"line":123,"column":2},"end":{"line":134,"column":null}},"41":{"start":{"line":124,"column":38},"end":{"line":124,"column":null}},"42":{"start":{"line":126,"column":6},"end":{"line":126,"column":null}},"43":{"start":{"line":129,"column":6},"end":{"line":129,"column":null}},"44":{"start":{"line":132,"column":6},"end":{"line":132,"column":null}},"45":{"start":{"line":132,"column":40},"end":{"line":132,"column":57}}},"fnMap":{"0":{"name":"(anonymous_15)","decl":{"start":{"line":8,"column":24},"end":{"line":8,"column":25}},"loc":{"start":{"line":8,"column":44},"end":{"line":19,"column":null}}},"1":{"name":"(anonymous_16)","decl":{"start":{"line":14,"column":16},"end":{"line":14,"column":17}},"loc":{"start":{"line":15,"column":6},"end":{"line":17,"column":null}}},"2":{"name":"(anonymous_17)","decl":{"start":{"line":27,"column":56},"end":{"line":27,"column":57}},"loc":{"start":{"line":30,"column":1},"end":{"line":36,"column":null}}},"3":{"name":"(anonymous_18)","decl":{"start":{"line":44,"column":21},"end":{"line":44,"column":null}},"loc":{"start":{"line":50,"column":29},"end":{"line":57,"column":null}}},"4":{"name":"(anonymous_20)","decl":{"start":{"line":60,"column":30},"end":{"line":60,"column":31}},"loc":{"start":{"line":60,"column":51},"end":{"line":66,"column":null}}},"5":{"name":"(anonymous_21)","decl":{"start":{"line":68,"column":33},"end":{"line":68,"column":34}},"loc":{"start":{"line":68,"column":54},"end":{"line":75,"column":null}}},"6":{"name":"(anonymous_22)","decl":{"start":{"line":77,"column":34},"end":{"line":77,"column":35}},"loc":{"start":{"line":77,"column":55},"end":{"line":84,"column":null}}},"7":{"name":"(anonymous_23)","decl":{"start":{"line":87,"column":38},"end":{"line":87,"column":null}},"loc":{"start":{"line":87,"column":38},"end":{"line":91,"column":null}}},"8":{"name":"(anonymous_24)","decl":{"start":{"line":88,"column":21},"end":{"line":88,"column":22}},"loc":{"start":{"line":88,"column":22},"end":{"line":90,"column":null}}},"9":{"name":"(anonymous_25)","decl":{"start":{"line":94,"column":31},"end":{"line":94,"column":32}},"loc":{"start":{"line":94,"column":52},"end":{"line":99,"column":null}}},"10":{"name":"(anonymous_26)","decl":{"start":{"line":102,"column":37},"end":{"line":102,"column":38}},"loc":{"start":{"line":102,"column":67},"end":{"line":107,"column":null}}},"11":{"name":"(anonymous_27)","decl":{"start":{"line":105,"column":8},"end":{"line":105,"column":14}},"loc":{"start":{"line":105,"column":14},"end":{"line":105,"column":null}}},"12":{"name":"(anonymous_28)","decl":{"start":{"line":106,"column":8},"end":{"line":106,"column":14}},"loc":{"start":{"line":106,"column":14},"end":{"line":106,"column":null}}},"13":{"name":"(anonymous_29)","decl":{"start":{"line":110,"column":31},"end":{"line":110,"column":32}},"loc":{"start":{"line":110,"column":74},"end":{"line":117,"column":null}}},"14":{"name":"(anonymous_30)","decl":{"start":{"line":120,"column":32},"end":{"line":120,"column":null}},"loc":{"start":{"line":120,"column":32},"end":{"line":135,"column":null}}},"15":{"name":"(anonymous_31)","decl":{"start":{"line":124,"column":21},"end":{"line":124,"column":22}},"loc":{"start":{"line":124,"column":38},"end":{"line":124,"column":null}}},"16":{"name":"(anonymous_32)","decl":{"start":{"line":125,"column":21},"end":{"line":125,"column":22}},"loc":{"start":{"line":125,"column":35},"end":{"line":127,"column":null}}},"17":{"name":"(anonymous_33)","decl":{"start":{"line":128,"column":24},"end":{"line":128,"column":25}},"loc":{"start":{"line":128,"column":25},"end":{"line":130,"column":null}}},"18":{"name":"(anonymous_34)","decl":{"start":{"line":131,"column":19},"end":{"line":131,"column":null}},"loc":{"start":{"line":131,"column":19},"end":{"line":133,"column":null}}},"19":{"name":"(anonymous_35)","decl":{"start":{"line":132,"column":33},"end":{"line":132,"column":40}},"loc":{"start":{"line":132,"column":40},"end":{"line":132,"column":57}}}},"branchMap":{"0":{"loc":{"start":{"line":8,"column":25},"end":{"line":8,"column":44}},"type":"default-arg","locations":[{"start":{"line":8,"column":42},"end":{"line":8,"column":44}}]},"1":{"loc":{"start":{"line":29,"column":2},"end":{"line":29,"column":27}},"type":"default-arg","locations":[{"start":{"line":29,"column":10},"end":{"line":29,"column":27}}]},"2":{"loc":{"start":{"line":46,"column":2},"end":{"line":50,"column":29}},"type":"default-arg","locations":[{"start":{"line":50,"column":27},"end":{"line":50,"column":29}}]},"3":{"loc":{"start":{"line":47,"column":4},"end":{"line":47,"column":23}},"type":"default-arg","locations":[{"start":{"line":47,"column":21},"end":{"line":47,"column":23}}]},"4":{"loc":{"start":{"line":48,"column":4},"end":{"line":48,"column":43}},"type":"default-arg","locations":[{"start":{"line":48,"column":12},"end":{"line":48,"column":43}}]},"5":{"loc":{"start":{"line":60,"column":31},"end":{"line":60,"column":45}},"type":"default-arg","locations":[{"start":{"line":60,"column":43},"end":{"line":60,"column":45}}]},"6":{"loc":{"start":{"line":68,"column":34},"end":{"line":68,"column":48}},"type":"default-arg","locations":[{"start":{"line":68,"column":46},"end":{"line":68,"column":48}}]},"7":{"loc":{"start":{"line":77,"column":35},"end":{"line":77,"column":49}},"type":"default-arg","locations":[{"start":{"line":77,"column":47},"end":{"line":77,"column":49}}]},"8":{"loc":{"start":{"line":94,"column":32},"end":{"line":94,"column":46}},"type":"default-arg","locations":[{"start":{"line":94,"column":44},"end":{"line":94,"column":46}}]},"9":{"loc":{"start":{"line":102,"column":49},"end":{"line":102,"column":61}},"type":"default-arg","locations":[{"start":{"line":102,"column":58},"end":{"line":102,"column":61}}]},"10":{"loc":{"start":{"line":103,"column":6},"end":{"line":103,"column":null}},"type":"binary-expr","locations":[{"start":{"line":103,"column":6},"end":{"line":103,"column":23}},{"start":{"line":103,"column":23},"end":{"line":103,"column":null}}]},"11":{"loc":{"start":{"line":110,"column":32},"end":{"line":110,"column":54}},"type":"default-arg","locations":[{"start":{"line":110,"column":42},"end":{"line":110,"column":54}}]},"12":{"loc":{"start":{"line":110,"column":56},"end":{"line":110,"column":68}},"type":"default-arg","locations":[{"start":{"line":110,"column":65},"end":{"line":110,"column":68}}]},"13":{"loc":{"start":{"line":124,"column":38},"end":{"line":124,"column":null}},"type":"binary-expr","locations":[{"start":{"line":124,"column":38},"end":{"line":124,"column":48}},{"start":{"line":124,"column":52},"end":{"line":124,"column":null}}]}},"s":{"0":13,"1":0,"2":0,"3":0,"4":0,"5":0,"6":0,"7":0,"8":78,"9":0,"10":4,"11":4,"12":4,"13":4,"14":4,"15":4,"16":78,"17":78,"18":4,"19":4,"20":78,"21":4,"22":0,"23":4,"24":0,"25":4,"26":0,"27":4,"28":0,"29":0,"30":4,"31":0,"32":4,"33":13,"34":0,"35":0,"36":4,"37":0,"38":4,"39":0,"40":0,"41":0,"42":0,"43":0,"44":0,"45":0},"f":{"0":78,"1":78,"2":178,"3":78,"4":0,"5":0,"6":0,"7":0,"8":0,"9":0,"10":13,"11":0,"12":0,"13":0,"14":0,"15":0,"16":0,"17":0,"18":0,"19":0},"b":{"0":[0],"1":[0],"2":[59],"3":[78],"4":[78],"5":[0],"6":[0],"7":[0],"8":[0],"9":[0],"10":[13,13],"11":[0],"12":[0],"13":[0,0]}}
,"C:\\Users\\유석근PD\\Desktop\\developments\\Videoplanet\\src\\utils\\util.js": {"path":"C:\\Users\\유석근PD\\Desktop\\developments\\Videoplanet\\src\\utils\\util.js","statementMap":{"0":{"start":{"line":205,"column":16},"end":{"line":205,"column":29}},"1":{"start":{"line":18,"column":16},"end":{"line":18,"column":32}},"2":{"start":{"line":7,"column":16},"end":{"line":7,"column":25}},"3":{"start":{"line":30,"column":16},"end":{"line":30,"column":28}},"4":{"start":{"line":104,"column":16},"end":{"line":104,"column":33}},"5":{"start":{"line":86,"column":16},"end":{"line":86,"column":31}},"6":{"start":{"line":37,"column":16},"end":{"line":37,"column":30}},"7":{"start":{"line":1,"column":18},"end":{"line":1,"column":null}},"8":{"start":{"line":2,"column":35},"end":{"line":2,"column":null}},"9":{"start":{"line":3,"column":28},"end":{"line":3,"column":null}},"10":{"start":{"line":4,"column":19},"end":{"line":4,"column":null}},"11":{"start":{"line":5,"column":7},"end":{"line":5,"column":null}},"12":{"start":{"line":8,"column":2},"end":{"line":15,"column":null}},"13":{"start":{"line":19,"column":2},"end":{"line":27,"column":null}},"14":{"start":{"line":31,"column":2},"end":{"line":31,"column":null}},"15":{"start":{"line":31,"column":37},"end":{"line":31,"column":null}},"16":{"start":{"line":32,"column":16},"end":{"line":32,"column":null}},"17":{"start":{"line":33,"column":2},"end":{"line":33,"column":null}},"18":{"start":{"line":33,"column":15},"end":{"line":33,"column":null}},"19":{"start":{"line":34,"column":2},"end":{"line":34,"column":null}},"20":{"start":{"line":38,"column":2},"end":{"line":83,"column":null}},"21":{"start":{"line":39,"column":17},"end":{"line":39,"column":null}},"22":{"start":{"line":40,"column":4},"end":{"line":82,"column":null}},"23":{"start":{"line":42,"column":21},"end":{"line":42,"column":36}},"24":{"start":{"line":43,"column":23},"end":{"line":45,"column":null}},"25":{"start":{"line":44,"column":10},"end":{"line":44,"column":null}},"26":{"start":{"line":47,"column":30},"end":{"line":47,"column":null}},"27":{"start":{"line":48,"column":35},"end":{"line":51,"column":null}},"28":{"start":{"line":50,"column":12},"end":{"line":51,"column":null}},"29":{"start":{"line":53,"column":35},"end":{"line":56,"column":null}},"30":{"start":{"line":55,"column":12},"end":{"line":56,"column":null}},"31":{"start":{"line":58,"column":8},"end":{"line":67,"column":null}},"32":{"start":{"line":71,"column":8},"end":{"line":71,"column":null}},"33":{"start":{"line":72,"column":8},"end":{"line":81,"column":null}},"34":{"start":{"line":77,"column":10},"end":{"line":79,"column":null}},"35":{"start":{"line":78,"column":12},"end":{"line":78,"column":null}},"36":{"start":{"line":80,"column":10},"end":{"line":80,"column":null}},"37":{"start":{"line":87,"column":2},"end":{"line":101,"column":null}},"38":{"start":{"line":88,"column":4},"end":{"line":93,"column":null}},"39":{"start":{"line":95,"column":4},"end":{"line":100,"column":null}},"40":{"start":{"line":105,"column":2},"end":{"line":202,"column":null}},"41":{"start":{"line":106,"column":4},"end":{"line":155,"column":null}},"42":{"start":{"line":157,"column":4},"end":{"line":201,"column":null}},"43":{"start":{"line":206,"column":19},"end":{"line":206,"column":null}},"44":{"start":{"line":208,"column":22},"end":{"line":208,"column":null}},"45":{"start":{"line":210,"column":18},"end":{"line":210,"column":20}},"46":{"start":{"line":211,"column":18},"end":{"line":211,"column":20}},"47":{"start":{"line":213,"column":12},"end":{"line":213,"column":14}},"48":{"start":{"line":214,"column":12},"end":{"line":214,"column":14}},"49":{"start":{"line":215,"column":2},"end":{"line":230,"column":null}},"50":{"start":{"line":215,"column":15},"end":{"line":215,"column":18}},"51":{"start":{"line":216,"column":4},"end":{"line":227,"column":null}},"52":{"start":{"line":216,"column":17},"end":{"line":216,"column":20}},"53":{"start":{"line":217,"column":6},"end":{"line":226,"column":null}},"54":{"start":{"line":219,"column":8},"end":{"line":219,"column":null}},"55":{"start":{"line":222,"column":20},"end":{"line":222,"column":null}},"56":{"start":{"line":223,"column":8},"end":{"line":225,"column":null}},"57":{"start":{"line":224,"column":10},"end":{"line":224,"column":null}},"58":{"start":{"line":228,"column":4},"end":{"line":228,"column":null}},"59":{"start":{"line":229,"column":4},"end":{"line":229,"column":null}},"60":{"start":{"line":231,"column":2},"end":{"line":231,"column":null}},"61":{"start":{"line":231,"column":26},"end":{"line":231,"column":null}},"62":{"start":{"line":232,"column":2},"end":{"line":232,"column":null}}},"fnMap":{"0":{"name":"axiosOpts","decl":{"start":{"line":7,"column":16},"end":{"line":7,"column":25}},"loc":{"start":{"line":7,"column":51},"end":{"line":16,"column":null}}},"1":{"name":"axiosCredentials","decl":{"start":{"line":18,"column":16},"end":{"line":18,"column":32}},"loc":{"start":{"line":18,"column":58},"end":{"line":28,"column":null}}},"2":{"name":"checkSession","decl":{"start":{"line":30,"column":16},"end":{"line":30,"column":28}},"loc":{"start":{"line":30,"column":16},"end":{"line":35,"column":null}}},"3":{"name":"refetchProject","decl":{"start":{"line":37,"column":16},"end":{"line":37,"column":30}},"loc":{"start":{"line":37,"column":47},"end":{"line":84,"column":null}}},"4":{"name":"(anonymous_13)","decl":{"start":{"line":41,"column":12},"end":{"line":41,"column":13}},"loc":{"start":{"line":41,"column":13},"end":{"line":69,"column":null}}},"5":{"name":"(anonymous_14)","decl":{"start":{"line":43,"column":33},"end":{"line":43,"column":34}},"loc":{"start":{"line":43,"column":37},"end":{"line":45,"column":null}}},"6":{"name":"(anonymous_15)","decl":{"start":{"line":49,"column":10},"end":{"line":49,"column":11}},"loc":{"start":{"line":50,"column":12},"end":{"line":51,"column":null}}},"7":{"name":"(anonymous_16)","decl":{"start":{"line":54,"column":10},"end":{"line":54,"column":11}},"loc":{"start":{"line":55,"column":12},"end":{"line":56,"column":null}}},"8":{"name":"(anonymous_17)","decl":{"start":{"line":70,"column":13},"end":{"line":70,"column":14}},"loc":{"start":{"line":70,"column":14},"end":{"line":82,"column":null}}},"9":{"name":"project_initial","decl":{"start":{"line":86,"column":16},"end":{"line":86,"column":31}},"loc":{"start":{"line":86,"column":47},"end":{"line":102,"column":null}}},"10":{"name":"project_dateRange","decl":{"start":{"line":104,"column":16},"end":{"line":104,"column":33}},"loc":{"start":{"line":104,"column":49},"end":{"line":203,"column":null}}},"11":{"name":"MonthCalendar","decl":{"start":{"line":205,"column":16},"end":{"line":205,"column":29}},"loc":{"start":{"line":205,"column":41},"end":{"line":233,"column":null}}},"12":{"name":"(anonymous_21)","decl":{"start":{"line":231,"column":19},"end":{"line":231,"column":20}},"loc":{"start":{"line":231,"column":26},"end":{"line":231,"column":null}}}},"branchMap":{"0":{"loc":{"start":{"line":31,"column":2},"end":{"line":31,"column":null}},"type":"if","locations":[{"start":{"line":31,"column":2},"end":{"line":31,"column":null}}]},"1":{"loc":{"start":{"line":33,"column":2},"end":{"line":33,"column":null}},"type":"if","locations":[{"start":{"line":33,"column":2},"end":{"line":33,"column":null}}]},"2":{"loc":{"start":{"line":38,"column":2},"end":{"line":83,"column":null}},"type":"if","locations":[{"start":{"line":38,"column":2},"end":{"line":83,"column":null}}]},"3":{"loc":{"start":{"line":50,"column":12},"end":{"line":51,"column":null}},"type":"binary-expr","locations":[{"start":{"line":50,"column":12},"end":{"line":50,"column":null}},{"start":{"line":51,"column":12},"end":{"line":51,"column":null}}]},"4":{"loc":{"start":{"line":55,"column":12},"end":{"line":56,"column":null}},"type":"binary-expr","locations":[{"start":{"line":55,"column":12},"end":{"line":55,"column":null}},{"start":{"line":56,"column":12},"end":{"line":56,"column":null}}]},"5":{"loc":{"start":{"line":72,"column":8},"end":{"line":81,"column":null}},"type":"if","locations":[{"start":{"line":72,"column":8},"end":{"line":81,"column":null}}]},"6":{"loc":{"start":{"line":73,"column":10},"end":{"line":75,"column":null}},"type":"binary-expr","locations":[{"start":{"line":73,"column":10},"end":{"line":73,"column":24}},{"start":{"line":74,"column":10},"end":{"line":74,"column":29}},{"start":{"line":75,"column":10},"end":{"line":75,"column":null}}]},"7":{"loc":{"start":{"line":77,"column":10},"end":{"line":79,"column":null}},"type":"if","locations":[{"start":{"line":77,"column":10},"end":{"line":79,"column":null}}]},"8":{"loc":{"start":{"line":87,"column":2},"end":{"line":101,"column":null}},"type":"if","locations":[{"start":{"line":87,"column":2},"end":{"line":101,"column":null}},{"start":{"line":94,"column":9},"end":{"line":101,"column":null}}]},"9":{"loc":{"start":{"line":105,"column":2},"end":{"line":202,"column":null}},"type":"if","locations":[{"start":{"line":105,"column":2},"end":{"line":202,"column":null}},{"start":{"line":156,"column":9},"end":{"line":202,"column":null}}]},"10":{"loc":{"start":{"line":217,"column":6},"end":{"line":226,"column":null}},"type":"if","locations":[{"start":{"line":217,"column":6},"end":{"line":226,"column":null}},{"start":{"line":220,"column":13},"end":{"line":226,"column":null}}]},"11":{"loc":{"start":{"line":217,"column":10},"end":{"line":217,"column":38}},"type":"binary-expr","locations":[{"start":{"line":217,"column":10},"end":{"line":217,"column":21}},{"start":{"line":217,"column":21},"end":{"line":217,"column":38}}]},"12":{"loc":{"start":{"line":223,"column":8},"end":{"line":225,"column":null}},"type":"if","locations":[{"start":{"line":223,"column":8},"end":{"line":225,"column":null}}]},"13":{"loc":{"start":{"line":223,"column":12},"end":{"line":223,"column":66}},"type":"binary-expr","locations":[{"start":{"line":223,"column":12},"end":{"line":223,"column":23}},{"start":{"line":223,"column":23},"end":{"line":223,"column":66}}]}},"s":{"0":0,"1":12,"2":0,"3":0,"4":0,"5":0,"6":0,"7":1,"8":1,"9":1,"10":1,"11":1,"12":0,"13":12,"14":0,"15":0,"16":0,"17":0,"18":0,"19":0,"20":0,"21":0,"22":0,"23":0,"24":0,"25":0,"26":0,"27":0,"28":0,"29":0,"30":0,"31":0,"32":0,"33":0,"34":0,"35":0,"36":0,"37":0,"38":0,"39":0,"40":0,"41":0,"42":0,"43":0,"44":0,"45":0,"46":0,"47":0,"48":0,"49":0,"50":0,"51":0,"52":0,"53":0,"54":0,"55":0,"56":0,"57":0,"58":0,"59":0,"60":0,"61":0,"62":0},"f":{"0":0,"1":12,"2":0,"3":0,"4":0,"5":0,"6":0,"7":0,"8":0,"9":0,"10":0,"11":0,"12":0},"b":{"0":[0],"1":[0],"2":[0],"3":[0,0],"4":[0,0],"5":[0],"6":[0,0,0],"7":[0],"8":[0,0],"9":[0,0],"10":[0,0],"11":[0,0],"12":[0],"13":[0,0]}}
}
