TN:
SF:components/atoms/Avatar/Avatar.stories.tsx
FN:96,(anonymous_0)
FN:127,(anonymous_1)
FN:172,(anonymous_2)
FNF:3
FNH:0
FNDA:0,(anonymous_0)
FNDA:0,(anonymous_1)
FNDA:0,(anonymous_2)
DA:4,0
DA:56,0
DA:63,0
DA:71,0
DA:78,0
DA:85,0
DA:93,0
DA:96,0
DA:101,0
DA:110,0
DA:118,0
DA:126,0
DA:128,0
DA:153,0
DA:168,0
DA:172,0
DA:198,0
LF:17
LH:0
BRF:0
BRH:0
end_of_record
TN:
SF:components/atoms/Avatar/Avatar.tsx
FN:24,(anonymous_0)
FN:37,(anonymous_1)
FN:42,(anonymous_2)
FN:48,(anonymous_3)
FN:84,(anonymous_4)
FNF:5
FNH:0
FNDA:0,(anonymous_0)
FNDA:0,(anonymous_1)
FNDA:0,(anonymous_2)
FNDA:0,(anonymous_3)
FNDA:0,(anonymous_4)
DA:24,0
DA:37,0
DA:38,0
DA:39,0
DA:42,0
DA:43,0
DA:44,0
DA:48,0
DA:49,0
DA:50,0
DA:51,0
DA:55,0
DA:62,0
DA:67,0
DA:86,0
LF:15
LH:0
BRDA:27,0,0,0
BRDA:28,1,0,0
BRDA:29,2,0,0
BRDA:32,3,0,0
BRDA:38,4,0,0
BRDA:38,4,1,0
BRDA:43,5,0,0
BRDA:43,5,1,0
BRDA:49,6,0,0
BRDA:49,6,1,0
BRDA:49,7,0,0
BRDA:49,7,1,0
BRDA:49,7,2,0
BRDA:58,8,0,0
BRDA:58,8,1,0
BRDA:63,9,0,0
BRDA:63,9,1,0
BRDA:73,10,0,0
BRDA:73,10,1,0
BRDA:74,11,0,0
BRDA:74,11,1,0
BRDA:75,12,0,0
BRDA:75,12,1,0
BRDA:79,13,0,0
BRDA:79,13,1,0
BRDA:82,14,0,0
BRDA:82,14,1,0
BRF:27
BRH:0
end_of_record
TN:
SF:components/atoms/Badge/Badge.tsx
FN:26,(anonymous_0)
FN:40,(anonymous_1)
FN:74,(anonymous_2)
FNF:3
FNH:0
FNDA:0,(anonymous_0)
FNDA:0,(anonymous_1)
FNDA:0,(anonymous_2)
DA:26,0
DA:40,0
DA:41,0
DA:43,0
DA:44,0
DA:45,0
DA:46,0
DA:49,0
DA:50,0
DA:51,0
DA:54,0
DA:57,0
DA:60,0
DA:61,0
DA:64,0
DA:74,0
DA:75,0
DA:77,0
DA:79,0
DA:80,0
DA:81,0
DA:82,0
DA:83,0
DA:86,0
DA:89,0
LF:25
LH:0
BRDA:28,0,0,0
BRDA:29,1,0,0
BRDA:30,2,0,0
BRDA:31,3,0,0
BRDA:32,4,0,0
BRDA:33,5,0,0
BRDA:34,6,0,0
BRDA:41,7,0,0
BRDA:41,7,1,0
BRDA:43,8,0,0
BRDA:43,8,1,0
BRDA:44,9,0,0
BRDA:44,9,1,0
BRDA:44,10,0,0
BRDA:44,10,1,0
BRDA:45,11,0,0
BRDA:45,11,1,0
BRDA:49,12,0,0
BRDA:49,12,1,0
BRDA:50,13,0,0
BRDA:50,13,1,0
BRDA:50,14,0,0
BRDA:50,14,1,0
BRDA:60,15,0,0
BRDA:60,15,1,0
BRDA:60,16,0,0
BRDA:60,16,1,0
BRDA:60,16,2,0
BRDA:68,17,0,0
BRDA:68,17,1,0
BRDA:69,18,0,0
BRDA:69,18,1,0
BRDA:75,19,0,0
BRDA:75,19,1,0
BRDA:77,20,0,0
BRDA:77,20,1,0
BRDA:79,21,0,0
BRDA:79,21,1,0
BRDA:80,22,0,0
BRDA:80,22,1,0
BRDA:81,23,0,0
BRDA:81,23,1,0
BRDA:82,24,0,0
BRDA:82,24,1,0
BRDA:86,25,0,0
BRDA:86,25,1,0
BRDA:96,26,0,0
BRDA:96,26,1,0
BRF:48
BRH:0
end_of_record
TN:
SF:components/atoms/Button/Button.tsx
FN:18,(anonymous_0)
FNF:1
FNH:1
FNDA:9,(anonymous_0)
DA:18,1
DA:31,9
DA:43,9
LF:3
LH:3
BRDA:20,0,0,8
BRDA:21,1,0,8
BRDA:22,2,0,8
BRDA:23,3,0,7
BRDA:25,4,0,8
BRDA:26,5,0,8
BRDA:27,6,0,9
BRDA:29,7,0,9
BRDA:35,8,0,9
BRDA:35,8,1,0
BRDA:36,9,0,9
BRDA:36,9,1,2
BRDA:37,10,0,9
BRDA:37,10,1,1
BRDA:47,11,0,9
BRDA:47,11,1,8
BRDA:50,12,0,9
BRDA:50,12,1,8
BRDA:52,13,0,2
BRDA:52,13,1,7
BRDA:58,14,0,7
BRDA:58,14,1,0
BRDA:58,14,2,0
BRDA:62,15,0,7
BRDA:62,15,1,0
BRDA:62,15,2,0
BRF:26
BRH:21
end_of_record
TN:
SF:components/atoms/Icon/Icon.tsx
FN:84,(anonymous_0)
FNF:1
FNH:1
FNDA:18,(anonymous_0)
DA:20,1
DA:84,1
DA:95,18
DA:96,18
DA:98,18
DA:110,18
DA:115,18
DA:117,18
LF:8
LH:8
BRDA:86,0,0,16
BRDA:88,1,0,16
BRDA:90,2,0,17
BRDA:91,3,0,17
BRDA:96,4,0,18
BRDA:96,4,1,15
BRDA:103,5,0,18
BRDA:103,5,1,0
BRDA:103,6,0,18
BRDA:103,6,1,2
BRDA:104,7,0,18
BRDA:104,7,1,0
BRDA:105,8,0,18
BRDA:105,8,1,0
BRDA:112,9,0,1
BRDA:112,9,1,17
BRDA:112,10,0,18
BRDA:112,10,1,3
BRDA:115,11,0,18
BRDA:115,11,1,4
BRDA:122,12,0,2
BRDA:122,12,1,16
BRDA:123,13,0,2
BRDA:123,13,1,16
BRDA:125,14,0,2
BRDA:125,14,1,16
BRF:26
BRH:23
end_of_record
TN:
SF:components/atoms/Input/Input.tsx
FN:17,(anonymous_0)
FN:91,(anonymous_1)
FNF:2
FNH:1
FNDA:9,(anonymous_0)
FNDA:0,(anonymous_1)
DA:16,1
DA:35,9
DA:37,9
DA:39,9
DA:49,9
DA:58,9
DA:91,0
DA:115,1
LF:8
LH:7
BRDA:22,0,0,9
BRDA:23,1,0,9
BRDA:24,2,0,8
BRDA:25,3,0,8
BRDA:27,4,0,9
BRDA:28,5,0,7
BRDA:29,6,0,9
BRDA:30,7,0,8
BRDA:37,8,0,0
BRDA:37,8,1,9
BRDA:37,9,0,9
BRDA:37,9,1,1
BRDA:42,10,0,9
BRDA:42,10,1,2
BRDA:43,11,0,9
BRDA:43,11,1,0
BRDA:44,12,0,9
BRDA:44,12,1,1
BRDA:51,13,0,9
BRDA:51,13,1,0
BRDA:52,14,0,9
BRDA:52,14,1,2
BRDA:60,15,0,9
BRDA:60,15,1,2
BRDA:63,16,0,2
BRDA:63,16,1,1
BRDA:68,17,0,9
BRDA:68,17,1,0
BRDA:68,17,2,0
BRDA:79,18,0,2
BRDA:79,18,1,7
BRDA:79,19,0,0
BRDA:79,19,1,7
BRDA:83,20,0,9
BRDA:83,20,1,0
BRDA:83,20,2,0
BRDA:83,20,3,0
BRDA:87,21,0,9
BRDA:87,21,1,1
BRDA:87,21,2,1
BRDA:92,22,0,0
BRDA:92,22,1,1
BRDA:94,23,0,0
BRDA:94,23,1,1
BRDA:99,24,0,9
BRDA:99,24,1,0
BRDA:99,24,2,0
BRDA:105,25,0,9
BRDA:105,25,1,2
BRF:49
BRH:36
end_of_record
TN:
SF:components/atoms/Logo/Logo.tsx
FN:25,(anonymous_0)
FN:38,(anonymous_1)
FN:53,(anonymous_2)
FN:65,(anonymous_3)
FN:72,(anonymous_4)
FNF:5
FNH:0
FNDA:0,(anonymous_0)
FNDA:0,(anonymous_1)
FNDA:0,(anonymous_2)
FNDA:0,(anonymous_3)
FNDA:0,(anonymous_4)
DA:25,0
DA:38,0
DA:39,0
DA:41,0
DA:43,0
DA:45,0
DA:48,0
DA:53,0
DA:54,0
DA:56,0
DA:58,0
DA:61,0
DA:65,0
DA:66,0
DA:67,0
DA:68,0
DA:72,0
DA:73,0
DA:74,0
DA:75,0
DA:79,0
DA:87,0
DA:88,0
DA:91,0
DA:114,0
DA:115,0
DA:116,0
DA:123,0
LF:28
LH:0
BRDA:26,0,0,0
BRDA:27,1,0,0
BRDA:31,2,0,0
BRDA:32,3,0,0
BRDA:33,4,0,0
BRDA:39,5,0,0
BRDA:39,5,1,0
BRDA:41,6,0,0
BRDA:41,6,1,0
BRDA:41,6,2,0
BRDA:41,6,3,0
BRDA:54,7,0,0
BRDA:54,7,1,0
BRDA:54,7,2,0
BRDA:54,7,3,0
BRDA:66,8,0,0
BRDA:66,8,1,0
BRDA:73,9,0,0
BRDA:73,9,1,0
BRDA:73,10,0,0
BRDA:73,10,1,0
BRDA:73,10,2,0
BRDA:83,11,0,0
BRDA:83,11,1,0
BRDA:83,12,0,0
BRDA:83,12,1,0
BRDA:95,13,0,0
BRDA:95,13,1,0
BRDA:96,14,0,0
BRDA:96,14,1,0
BRDA:97,15,0,0
BRDA:97,15,1,0
BRDA:114,16,0,0
BRDA:114,16,1,0
BRDA:114,17,0,0
BRDA:114,17,1,0
BRF:36
BRH:0
end_of_record
TN:
SF:components/molecules/FormGroup/FormGroup.tsx
FN:21,(anonymous_0)
FNF:1
FNH:1
FNDA:18,(anonymous_0)
DA:21,1
DA:34,18
DA:45,18
DA:46,18
DA:48,18
LF:5
LH:5
BRDA:24,0,0,16
BRDA:27,1,0,17
BRDA:28,2,0,16
BRDA:29,3,0,17
BRDA:31,4,0,17
BRDA:39,5,0,18
BRDA:39,5,1,0
BRDA:40,6,0,18
BRDA:40,6,1,0
BRDA:45,7,0,18
BRDA:45,7,1,2
BRDA:50,8,0,18
BRDA:50,8,1,17
BRDA:56,9,0,17
BRDA:56,9,1,1
BRDA:66,10,0,18
BRDA:66,10,1,3
BRDA:72,11,0,18
BRDA:72,11,1,1
BRF:19
BRH:17
end_of_record
TN:
SF:components/molecules/MenuItem/MenuItem.tsx
FN:31,(anonymous_0)
FN:47,(anonymous_1)
FN:53,(anonymous_2)
FN:59,(anonymous_3)
FN:76,(anonymous_4)
FN:103,(anonymous_5)
FNF:6
FNH:6
FNDA:31,(anonymous_0)
FNDA:31,(anonymous_1)
FNDA:4,(anonymous_2)
FNDA:4,(anonymous_3)
FNDA:31,(anonymous_4)
FNDA:1,(anonymous_5)
DA:31,1
DA:47,31
DA:48,31
DA:49,30
DA:50,30
DA:53,31
DA:54,4
DA:55,3
DA:59,31
DA:60,4
DA:61,2
DA:62,2
DA:66,31
DA:73,31
DA:76,31
DA:77,31
DA:103,1
DA:112,31
DA:113,3
DA:114,1
DA:131,2
DA:147,28
LF:22
LH:22
BRDA:35,0,0,27
BRDA:36,1,0,27
BRDA:39,2,0,30
BRDA:41,3,0,29
BRDA:48,4,0,1
BRDA:48,4,1,30
BRDA:54,5,0,3
BRDA:54,5,1,1
BRDA:54,6,0,4
BRDA:54,6,1,3
BRDA:60,7,0,2
BRDA:60,7,1,2
BRDA:60,8,0,4
BRDA:60,8,1,3
BRDA:60,8,2,2
BRDA:68,9,0,3
BRDA:68,9,1,28
BRDA:69,10,0,4
BRDA:69,10,1,27
BRDA:78,11,0,31
BRDA:78,11,1,30
BRDA:93,12,0,31
BRDA:93,12,1,1
BRDA:100,13,0,31
BRDA:100,13,1,2
BRDA:112,14,0,3
BRDA:112,14,1,28
BRDA:113,15,0,1
BRDA:113,15,1,2
BRDA:120,16,0,1
BRDA:120,16,1,1
BRDA:122,17,0,0
BRDA:122,17,1,1
BRDA:135,18,0,2
BRDA:135,18,1,2
BRDA:137,19,0,0
BRDA:137,19,1,2
BRDA:153,20,0,4
BRDA:153,20,1,24
BRDA:154,21,0,28
BRDA:154,21,1,27
BRDA:156,22,0,3
BRDA:156,22,1,25
BRF:43
BRH:41
end_of_record
TN:
SF:components/molecules/NavItem/NavItem.tsx
FN:29,(anonymous_0)
FN:44,(anonymous_1)
FN:53,(anonymous_2)
FN:59,(anonymous_3)
FNF:4
FNH:0
FNDA:0,(anonymous_0)
FNDA:0,(anonymous_1)
FNDA:0,(anonymous_2)
FNDA:0,(anonymous_3)
DA:29,0
DA:44,0
DA:45,0
DA:46,0
DA:48,0
DA:50,0
DA:53,0
DA:54,0
DA:55,0
DA:59,0
DA:60,0
DA:61,0
DA:62,0
DA:66,0
DA:74,0
DA:76,0
LF:16
LH:0
BRDA:33,0,0,0
BRDA:35,1,0,0
BRDA:38,2,0,0
BRDA:39,3,0,0
BRDA:46,4,0,0
BRDA:46,4,1,0
BRDA:54,5,0,0
BRDA:54,5,1,0
BRDA:54,6,0,0
BRDA:54,6,1,0
BRDA:60,7,0,0
BRDA:60,7,1,0
BRDA:60,8,0,0
BRDA:60,8,1,0
BRDA:60,8,2,0
BRDA:68,9,0,0
BRDA:68,9,1,0
BRDA:69,10,0,0
BRDA:69,10,1,0
BRDA:70,11,0,0
BRDA:70,11,1,0
BRDA:82,12,0,0
BRDA:82,12,1,0
BRDA:83,13,0,0
BRDA:83,13,1,0
BRDA:102,14,0,0
BRDA:102,14,1,0
BRDA:102,14,2,0
BRDA:107,15,0,0
BRDA:107,15,1,0
BRDA:111,16,0,0
BRDA:111,16,1,0
BRF:32
BRH:0
end_of_record
TN:
SF:components/molecules/SearchBox/SearchBox.tsx
FN:42,(anonymous_0)
FN:75,(anonymous_1)
FN:79,(anonymous_2)
FN:84,(anonymous_3)
FN:100,(anonymous_4)
FN:107,(anonymous_5)
FN:131,(anonymous_6)
FN:150,(anonymous_7)
FN:159,(anonymous_8)
FN:175,(anonymous_9)
FN:196,(anonymous_10)
FN:205,(anonymous_11)
FN:207,(anonymous_12)
FN:314,(anonymous_13)
FN:323,(anonymous_14)
FNF:15
FNH:13
FNDA:79,(anonymous_0)
FNDA:47,(anonymous_1)
FNDA:79,(anonymous_2)
FNDA:10,(anonymous_3)
FNDA:2,(anonymous_4)
FNDA:1,(anonymous_5)
FNDA:16,(anonymous_6)
FNDA:3,(anonymous_7)
FNDA:0,(anonymous_8)
FNDA:2,(anonymous_9)
FNDA:7,(anonymous_10)
FNDA:1,(anonymous_11)
FNDA:0,(anonymous_12)
FNDA:31,(anonymous_13)
FNDA:1,(anonymous_14)
DA:42,1
DA:63,79
DA:64,79
DA:65,79
DA:66,79
DA:67,79
DA:68,79
DA:71,79
DA:72,79
DA:75,79
DA:76,47
DA:79,79
DA:80,79
DA:81,79
DA:84,79
DA:85,10
DA:87,10
DA:88,10
DA:91,10
DA:92,10
DA:96,10
DA:97,10
DA:100,79
DA:101,2
DA:102,2
DA:103,2
DA:107,79
DA:108,1
DA:110,1
DA:111,0
DA:114,1
DA:115,1
DA:118,1
DA:119,1
DA:122,1
DA:123,1
DA:126,1
DA:127,1
DA:131,79
DA:132,16
DA:134,16
DA:135,16
DA:137,16
DA:139,2
DA:140,2
DA:141,1
DA:143,1
DA:145,2
DA:148,3
DA:149,3
DA:150,3
DA:151,3
DA:154,3
DA:157,0
DA:158,0
DA:159,0
DA:160,0
DA:163,0
DA:166,1
DA:167,1
DA:168,1
DA:169,1
DA:171,1
DA:175,79
DA:176,2
DA:177,0
DA:180,2
DA:181,2
DA:184,2
DA:185,2
DA:188,2
DA:189,2
DA:191,2
DA:192,2
DA:196,79
DA:197,7
DA:198,7
DA:200,7
DA:201,0
DA:205,79
DA:207,1
DA:208,0
DA:209,0
DA:210,0
DA:213,1
DA:214,0
DA:218,79
DA:226,79
DA:227,79
DA:229,79
DA:315,31
DA:323,1
LF:92
LH:80
BRDA:43,0,0,0
BRDA:45,1,0,78
BRDA:46,2,0,76
BRDA:47,3,0,73
BRDA:48,4,0,78
BRDA:49,5,0,78
BRDA:50,6,0,78
BRDA:51,7,0,55
BRDA:52,8,0,55
BRDA:59,9,0,78
BRDA:72,10,0,30
BRDA:72,10,1,49
BRDA:76,11,0,47
BRDA:76,11,1,23
BRDA:76,11,2,5
BRDA:87,12,0,10
BRDA:87,12,1,0
BRDA:91,13,0,10
BRDA:91,13,1,0
BRDA:97,14,0,10
BRDA:97,14,1,10
BRDA:97,14,2,0
BRDA:101,15,0,2
BRDA:101,15,1,0
BRDA:101,16,0,2
BRDA:101,16,1,2
BRDA:101,16,2,2
BRDA:110,17,0,0
BRDA:110,17,1,1
BRDA:114,18,0,1
BRDA:114,18,1,0
BRDA:118,19,0,1
BRDA:118,19,1,0
BRDA:126,20,0,1
BRDA:126,20,1,0
BRDA:132,21,0,0
BRDA:132,21,1,16
BRDA:132,22,0,16
BRDA:132,22,1,16
BRDA:134,23,0,16
BRDA:134,23,1,4
BRDA:135,24,0,4
BRDA:135,24,1,12
BRDA:137,25,0,2
BRDA:137,25,1,3
BRDA:137,25,2,0
BRDA:137,25,3,1
BRDA:140,26,0,1
BRDA:140,26,1,1
BRDA:140,27,0,2
BRDA:140,27,1,1
BRDA:140,27,2,1
BRDA:148,28,0,3
BRDA:148,28,1,0
BRDA:151,29,0,3
BRDA:151,29,1,0
BRDA:157,30,0,0
BRDA:157,30,1,0
BRDA:160,31,0,0
BRDA:160,31,1,0
BRDA:168,32,0,1
BRDA:168,32,1,0
BRDA:176,33,0,0
BRDA:176,33,1,2
BRDA:180,34,0,2
BRDA:180,34,1,0
BRDA:184,35,0,2
BRDA:184,35,1,0
BRDA:191,36,0,2
BRDA:191,36,1,0
BRDA:198,37,0,7
BRDA:198,37,1,5
BRDA:198,37,2,3
BRDA:200,38,0,0
BRDA:200,38,1,7
BRDA:213,39,0,0
BRDA:213,39,1,1
BRDA:220,40,0,37
BRDA:220,40,1,42
BRDA:221,41,0,6
BRDA:221,41,1,73
BRDA:222,42,0,3
BRDA:222,42,1,76
BRDA:226,43,0,79
BRDA:226,43,1,78
BRDA:226,43,2,49
BRDA:227,44,0,79
BRDA:227,44,1,11
BRDA:237,45,0,79
BRDA:237,45,1,76
BRDA:255,46,0,79
BRDA:255,46,1,76
BRDA:261,47,0,23
BRDA:261,47,1,56
BRDA:266,48,0,79
BRDA:266,48,1,6
BRDA:281,49,0,79
BRDA:281,49,1,49
BRDA:307,50,0,79
BRDA:307,50,1,11
BRDA:319,51,0,3
BRDA:319,51,1,28
BRF:102
BRH:78
end_of_record
TN:
SF:components/molecules/UserProfile/UserProfile.tsx
FN:23,(anonymous_0)
FN:35,(anonymous_1)
FN:43,(anonymous_2)
FN:63,(anonymous_3)
FN:69,(anonymous_4)
FNF:5
FNH:0
FNDA:0,(anonymous_0)
FNDA:0,(anonymous_1)
FNDA:0,(anonymous_2)
FNDA:0,(anonymous_3)
FNDA:0,(anonymous_4)
DA:23,0
DA:35,0
DA:36,0
DA:37,0
DA:39,0
DA:43,0
DA:44,0
DA:45,0
DA:47,0
DA:48,0
DA:50,0
DA:53,0
DA:60,0
DA:61,0
DA:63,0
DA:64,0
DA:65,0
DA:69,0
DA:70,0
DA:71,0
DA:72,0
DA:76,0
LF:22
LH:0
BRDA:26,0,0,0
BRDA:27,1,0,0
BRDA:28,2,0,0
BRDA:29,3,0,0
BRDA:30,4,0,0
BRDA:36,5,0,0
BRDA:36,5,1,0
BRDA:36,6,0,0
BRDA:36,6,1,0
BRDA:39,7,0,0
BRDA:39,7,1,0
BRDA:39,7,2,0
BRDA:39,7,3,0
BRDA:44,8,0,0
BRDA:44,8,1,0
BRDA:47,9,0,0
BRDA:47,9,1,0
BRDA:47,10,0,0
BRDA:47,10,1,0
BRDA:55,11,0,0
BRDA:55,11,1,0
BRDA:56,12,0,0
BRDA:56,12,1,0
BRDA:64,13,0,0
BRDA:64,13,1,0
BRDA:70,14,0,0
BRDA:70,14,1,0
BRDA:70,15,0,0
BRDA:70,15,1,0
BRDA:70,15,2,0
BRDA:81,16,0,0
BRDA:81,16,1,0
BRDA:82,17,0,0
BRDA:82,17,1,0
BRDA:83,18,0,0
BRDA:83,18,1,0
BRDA:89,19,0,0
BRDA:89,19,1,0
BRDA:91,20,0,0
BRDA:91,20,1,0
BRDA:99,21,0,0
BRDA:99,21,1,0
BRF:42
BRH:0
end_of_record
TN:
SF:components/organisms/Header/Header.stories.tsx
FN:57,(anonymous_0)
FN:63,(anonymous_1)
FN:115,(anonymous_2)
FN:127,(anonymous_3)
FN:133,(anonymous_4)
FN:149,(anonymous_5)
FN:158,(anonymous_6)
FN:243,(anonymous_7)
FN:277,(anonymous_8)
FN:281,(anonymous_9)
FN:285,(anonymous_10)
FN:289,(anonymous_11)
FN:325,(anonymous_12)
FNF:13
FNH:0
FNDA:0,(anonymous_0)
FNDA:0,(anonymous_1)
FNDA:0,(anonymous_2)
FNDA:0,(anonymous_3)
FNDA:0,(anonymous_4)
FNDA:0,(anonymous_5)
FNDA:0,(anonymous_6)
FNDA:0,(anonymous_7)
FNDA:0,(anonymous_8)
FNDA:0,(anonymous_9)
FNDA:0,(anonymous_10)
FNDA:0,(anonymous_11)
FNDA:0,(anonymous_12)
DA:6,0
DA:13,0
DA:58,0
DA:64,0
DA:76,0
DA:81,0
DA:88,0
DA:104,0
DA:112,0
DA:115,0
DA:127,0
DA:133,0
DA:141,0
DA:149,0
DA:158,0
DA:165,0
DA:192,0
DA:208,0
DA:225,0
DA:240,0
DA:243,0
DA:273,0
DA:277,0
DA:281,0
DA:285,0
DA:289,0
DA:304,0
DA:318,0
DA:325,0
LF:29
LH:0
BRF:0
BRH:0
end_of_record
TN:
SF:components/organisms/Header/Header.tsx
FN:11,(anonymous_0)
FN:32,(anonymous_1)
FN:41,(anonymous_2)
FN:42,(anonymous_3)
FN:84,(anonymous_4)
FN:94,(anonymous_5)
FN:151,(anonymous_6)
FN:167,(anonymous_7)
FNF:8
FNH:0
FNDA:0,(anonymous_0)
FNDA:0,(anonymous_1)
FNDA:0,(anonymous_2)
FNDA:0,(anonymous_3)
FNDA:0,(anonymous_4)
FNDA:0,(anonymous_5)
FNDA:0,(anonymous_6)
FNDA:0,(anonymous_7)
DA:11,0
DA:22,0
DA:23,0
DA:26,0
DA:32,0
DA:41,0
DA:42,0
DA:43,0
DA:45,0
DA:47,0
DA:59,0
DA:71,0
DA:78,0
DA:84,0
DA:85,0
DA:96,0
DA:104,0
DA:108,0
DA:109,0
DA:111,0
DA:118,0
DA:148,0
DA:151,0
DA:167,0
LF:24
LH:0
BRDA:12,0,0,0
BRDA:13,1,0,0
BRDA:14,2,0,0
BRDA:15,3,0,0
BRDA:17,4,0,0
BRDA:32,5,0,0
BRDA:32,5,1,0
BRDA:45,6,0,0
BRDA:45,6,1,0
BRDA:45,6,2,0
BRDA:45,6,3,0
BRDA:48,7,0,0
BRDA:48,7,1,0
BRDA:51,8,0,0
BRDA:51,8,1,0
BRDA:53,9,0,0
BRDA:53,9,1,0
BRDA:62,10,0,0
BRDA:62,10,1,0
BRDA:64,11,0,0
BRDA:64,11,1,0
BRDA:72,12,0,0
BRDA:72,12,1,0
BRDA:108,13,0,0
BRDA:108,13,1,0
BRDA:113,14,0,0
BRDA:113,14,1,0
BRDA:114,15,0,0
BRDA:114,15,1,0
BRDA:132,16,0,0
BRDA:132,16,1,0
BRDA:169,17,0,0
BRDA:169,17,1,0
BRF:33
BRH:0
end_of_record
TN:
SF:components/organisms/Sidebar/Sidebar.stories.tsx
FN:101,(anonymous_0)
FN:198,(anonymous_1)
FN:219,(anonymous_2)
FN:341,(anonymous_3)
FN:344,(anonymous_4)
FN:347,(anonymous_5)
FN:381,(anonymous_6)
FNF:7
FNH:0
FNDA:0,(anonymous_0)
FNDA:0,(anonymous_1)
FNDA:0,(anonymous_2)
FNDA:0,(anonymous_3)
FNDA:0,(anonymous_4)
FNDA:0,(anonymous_5)
FNDA:0,(anonymous_6)
DA:6,0
DA:13,0
DA:40,0
DA:102,0
DA:118,0
DA:126,0
DA:143,0
DA:160,0
DA:177,0
DA:193,0
DA:198,0
DA:218,0
DA:220,0
DA:250,0
DA:268,0
DA:286,0
DA:304,0
DA:337,0
DA:342,0
DA:345,0
DA:348,0
DA:361,0
DA:376,0
DA:382,0
DA:405,0
DA:422,0
DA:443,0
LF:27
LH:0
BRF:0
BRH:0
end_of_record
TN:
SF:components/organisms/Sidebar/Sidebar.tsx
FN:11,(anonymous_0)
FN:36,(anonymous_1)
FN:39,(anonymous_2)
FN:47,(anonymous_3)
FN:48,(anonymous_4)
FN:57,(anonymous_5)
FN:76,(anonymous_6)
FN:85,(anonymous_7)
FN:97,(anonymous_8)
FN:107,(anonymous_9)
FN:109,(anonymous_10)
FN:115,(anonymous_11)
FN:116,(anonymous_12)
FN:124,(anonymous_13)
FN:129,(anonymous_14)
FN:134,(anonymous_15)
FN:135,(anonymous_16)
FN:140,(anonymous_17)
FN:153,(anonymous_18)
FN:177,(anonymous_19)
FN:198,(anonymous_20)
FNF:21
FNH:0
FNDA:0,(anonymous_0)
FNDA:0,(anonymous_1)
FNDA:0,(anonymous_2)
FNDA:0,(anonymous_3)
FNDA:0,(anonymous_4)
FNDA:0,(anonymous_5)
FNDA:0,(anonymous_6)
FNDA:0,(anonymous_7)
FNDA:0,(anonymous_8)
FNDA:0,(anonymous_9)
FNDA:0,(anonymous_10)
FNDA:0,(anonymous_11)
FNDA:0,(anonymous_12)
FNDA:0,(anonymous_13)
FNDA:0,(anonymous_14)
FNDA:0,(anonymous_15)
FNDA:0,(anonymous_16)
FNDA:0,(anonymous_17)
FNDA:0,(anonymous_18)
FNDA:0,(anonymous_19)
FNDA:0,(anonymous_20)
DA:11,0
DA:25,0
DA:26,0
DA:29,0
DA:36,0
DA:37,0
DA:39,0
DA:40,0
DA:43,0
DA:47,0
DA:48,0
DA:57,0
DA:58,0
DA:60,0
DA:61,0
DA:63,0
DA:64,0
DA:68,0
DA:69,0
DA:72,0
DA:76,0
DA:77,0
DA:78,0
DA:80,0
DA:85,0
DA:86,0
DA:89,0
DA:90,0
DA:94,0
DA:95,0
DA:97,0
DA:103,0
DA:107,0
DA:108,0
DA:109,0
DA:110,0
DA:115,0
DA:116,0
DA:124,0
DA:125,0
DA:129,0
DA:130,0
DA:134,0
DA:135,0
DA:136,0
DA:140,0
DA:141,0
DA:142,0
DA:145,0
DA:146,0
DA:148,0
DA:153,0
DA:154,0
DA:155,0
DA:156,0
DA:160,0
DA:166,0
DA:178,0
DA:198,0
DA:221,0
LF:60
LH:0
BRDA:13,0,0,0
BRDA:14,1,0,0
BRDA:19,2,0,0
BRDA:20,3,0,0
BRDA:21,4,0,0
BRDA:37,5,0,0
BRDA:37,5,1,0
BRDA:52,6,0,0
BRDA:52,6,1,0
BRDA:58,7,0,0
BRDA:58,7,1,0
BRDA:58,8,0,0
BRDA:58,8,1,0
BRDA:60,9,0,0
BRDA:60,9,1,0
BRDA:61,10,0,0
BRDA:61,10,1,0
BRDA:61,10,2,0
BRDA:63,11,0,0
BRDA:63,11,1,0
BRDA:64,12,0,0
BRDA:64,12,1,0
BRDA:64,12,2,0
BRDA:68,13,0,0
BRDA:68,13,1,0
BRDA:69,14,0,0
BRDA:69,14,1,0
BRDA:77,15,0,0
BRDA:77,15,1,0
BRDA:86,16,0,0
BRDA:86,16,1,0
BRDA:89,17,0,0
BRDA:89,17,1,0
BRDA:94,18,0,0
BRDA:94,18,1,0
BRDA:94,19,0,0
BRDA:94,19,1,0
BRDA:95,20,0,0
BRDA:95,20,1,0
BRDA:100,21,0,0
BRDA:100,21,1,0
BRDA:108,22,0,0
BRDA:108,22,1,0
BRDA:125,23,0,0
BRDA:125,23,1,0
BRDA:141,24,0,0
BRDA:141,24,1,0
BRDA:145,25,0,0
BRDA:145,25,1,0
BRDA:154,26,0,0
BRDA:154,26,1,0
BRDA:154,27,0,0
BRDA:154,27,1,0
BRDA:162,28,0,0
BRDA:162,28,1,0
BRDA:184,29,0,0
BRDA:184,29,1,0
BRDA:184,29,2,0
BRDA:185,30,0,0
BRDA:185,30,1,0
BRDA:186,31,0,0
BRDA:186,31,1,0
BRDA:206,32,0,0
BRDA:206,32,1,0
BRF:64
BRH:0
end_of_record
TN:
SF:components/organisms/Submenu/Submenu.tsx
FN:9,(anonymous_0)
FN:23,(anonymous_1)
FN:35,(anonymous_2)
FN:40,(anonymous_3)
FN:49,(anonymous_4)
FN:84,(anonymous_5)
FN:99,(anonymous_6)
FN:115,(anonymous_7)
FN:119,(anonymous_8)
FN:120,(anonymous_9)
FN:120,(anonymous_10)
FN:151,(anonymous_11)
FNF:12
FNH:0
FNDA:0,(anonymous_0)
FNDA:0,(anonymous_1)
FNDA:0,(anonymous_2)
FNDA:0,(anonymous_3)
FNDA:0,(anonymous_4)
FNDA:0,(anonymous_5)
FNDA:0,(anonymous_6)
FNDA:0,(anonymous_7)
FNDA:0,(anonymous_8)
FNDA:0,(anonymous_9)
FNDA:0,(anonymous_10)
FNDA:0,(anonymous_11)
DA:9,0
DA:20,0
DA:23,0
DA:24,0
DA:26,0
DA:28,0
DA:30,0
DA:35,0
DA:36,0
DA:40,0
DA:41,0
DA:42,0
DA:44,0
DA:49,0
DA:50,0
DA:51,0
DA:52,0
DA:56,0
DA:62,0
DA:64,0
DA:84,0
DA:99,0
DA:116,0
DA:119,0
DA:120,0
DA:151,0
LF:26
LH:0
BRDA:16,0,0,0
BRDA:24,1,0,0
BRDA:24,1,1,0
BRDA:24,1,2,0
BRDA:41,2,0,0
BRDA:41,2,1,0
BRDA:50,3,0,0
BRDA:50,3,1,0
BRDA:50,4,0,0
BRDA:50,4,1,0
BRDA:58,5,0,0
BRDA:58,5,1,0
BRDA:79,6,0,0
BRDA:79,6,1,0
BRDA:79,6,2,0
BRDA:112,7,0,0
BRDA:112,7,1,0
BRDA:123,8,0,0
BRDA:123,8,1,0
BRDA:128,9,0,0
BRDA:128,9,1,0
BRDA:146,10,0,0
BRDA:146,10,1,0
BRF:23
BRH:0
end_of_record
TN:
SF:components/templates/PageLayout/PageLayout.stories.tsx
FN:103,(anonymous_0)
FN:201,(anonymous_1)
FN:214,(anonymous_2)
FN:223,(anonymous_3)
FN:554,(anonymous_4)
FN:555,(anonymous_5)
FN:556,(anonymous_6)
FNF:7
FNH:0
FNDA:0,(anonymous_0)
FNDA:0,(anonymous_1)
FNDA:0,(anonymous_2)
FNDA:0,(anonymous_3)
FNDA:0,(anonymous_4)
FNDA:0,(anonymous_5)
FNDA:0,(anonymous_6)
DA:6,0
DA:13,0
DA:34,0
DA:40,0
DA:104,0
DA:115,0
DA:143,0
DA:161,0
DA:184,0
DA:201,0
DA:214,0
DA:224,0
DA:242,0
DA:310,0
DA:335,0
DA:358,0
DA:376,0
DA:408,0
DA:441,0
DA:474,0
DA:506,0
DA:554,0
DA:555,0
DA:556,0
LF:24
LH:0
BRF:0
BRH:0
end_of_record
TN:
SF:components/templates/PageLayout/PageLayout.tsx
FN:12,(anonymous_0)
FN:42,(anonymous_1)
FN:63,(anonymous_2)
FN:73,(anonymous_3)
FN:83,(anonymous_4)
FN:84,(anonymous_5)
FN:91,(anonymous_6)
FN:95,(anonymous_7)
FN:97,(anonymous_8)
FN:99,(anonymous_9)
FN:101,(anonymous_10)
FN:106,(anonymous_11)
FN:116,(anonymous_12)
FN:125,(anonymous_13)
FN:138,(anonymous_14)
FN:139,(anonymous_15)
FN:206,(anonymous_16)
FN:215,(anonymous_17)
FNF:18
FNH:0
FNDA:0,(anonymous_0)
FNDA:0,(anonymous_1)
FNDA:0,(anonymous_2)
FNDA:0,(anonymous_3)
FNDA:0,(anonymous_4)
FNDA:0,(anonymous_5)
FNDA:0,(anonymous_6)
FNDA:0,(anonymous_7)
FNDA:0,(anonymous_8)
FNDA:0,(anonymous_9)
FNDA:0,(anonymous_10)
FNDA:0,(anonymous_11)
FNDA:0,(anonymous_12)
FNDA:0,(anonymous_13)
FNDA:0,(anonymous_14)
FNDA:0,(anonymous_15)
FNDA:0,(anonymous_16)
FNDA:0,(anonymous_17)
DA:12,0
DA:38,0
DA:39,0
DA:42,0
DA:47,0
DA:50,0
DA:56,0
DA:63,0
DA:70,0
DA:73,0
DA:74,0
DA:75,0
DA:76,0
DA:77,0
DA:83,0
DA:84,0
DA:85,0
DA:86,0
DA:89,0
DA:90,0
DA:91,0
DA:95,0
DA:96,0
DA:97,0
DA:98,0
DA:99,0
DA:101,0
DA:106,0
DA:107,0
DA:109,0
DA:116,0
DA:117,0
DA:118,0
DA:120,0
DA:125,0
DA:126,0
DA:127,0
DA:130,0
DA:131,0
DA:133,0
DA:138,0
DA:139,0
DA:147,0
DA:156,0
DA:159,0
DA:160,0
DA:171,0
DA:207,0
DA:215,0
DA:278,0
LF:50
LH:0
BRDA:13,0,0,0
BRDA:14,1,0,0
BRDA:15,2,0,0
BRDA:16,3,0,0
BRDA:17,4,0,0
BRDA:18,5,0,0
BRDA:22,6,0,0
BRDA:28,7,0,0
BRDA:29,8,0,0
BRDA:31,9,0,0
BRDA:32,10,0,0
BRDA:33,11,0,0
BRDA:42,12,0,0
BRDA:42,12,1,0
BRDA:46,13,0,0
BRDA:56,14,0,0
BRDA:56,14,1,0
BRDA:56,15,0,0
BRDA:56,15,1,0
BRDA:56,16,0,0
BRDA:56,16,1,0
BRDA:57,17,0,0
BRDA:57,17,1,0
BRDA:58,18,0,0
BRDA:58,18,1,0
BRDA:63,19,0,0
BRDA:63,19,1,0
BRDA:67,20,0,0
BRDA:67,20,1,0
BRDA:70,21,0,0
BRDA:70,21,1,0
BRDA:74,22,0,0
BRDA:74,22,1,0
BRDA:74,23,0,0
BRDA:74,23,1,0
BRDA:76,24,0,0
BRDA:76,24,1,0
BRDA:96,25,0,0
BRDA:96,25,1,0
BRDA:98,26,0,0
BRDA:98,26,1,0
BRDA:107,27,0,0
BRDA:107,27,1,0
BRDA:110,28,0,0
BRDA:110,28,1,0
BRDA:111,29,0,0
BRDA:111,29,1,0
BRDA:117,30,0,0
BRDA:117,30,1,0
BRDA:126,31,0,0
BRDA:126,31,1,0
BRDA:130,32,0,0
BRDA:130,32,1,0
BRDA:149,33,0,0
BRDA:149,33,1,0
BRDA:150,34,0,0
BRDA:150,34,1,0
BRDA:151,35,0,0
BRDA:151,35,1,0
BRDA:152,36,0,0
BRDA:152,36,1,0
BRDA:159,37,0,0
BRDA:159,37,1,0
BRDA:174,38,0,0
BRDA:174,38,1,0
BRDA:178,39,0,0
BRDA:178,39,1,0
BRDA:184,40,0,0
BRDA:184,40,1,0
BRDA:184,40,2,0
BRDA:184,40,3,0
BRDA:193,41,0,0
BRDA:193,41,1,0
BRDA:200,42,0,0
BRDA:200,42,1,0
BRDA:200,42,2,0
BRDA:200,42,3,0
BRDA:200,42,4,0
BRDA:203,43,0,0
BRDA:203,43,1,0
BRDA:203,43,2,0
BRDA:210,44,0,0
BRDA:210,44,1,0
BRDA:213,45,0,0
BRDA:213,45,1,0
BRDA:230,46,0,0
BRDA:230,46,1,0
BRDA:230,46,2,0
BRDA:232,47,0,0
BRDA:232,47,1,0
BRDA:233,48,0,0
BRDA:233,48,1,0
BRDA:238,49,0,0
BRDA:238,49,1,0
BRDA:247,50,0,0
BRDA:247,50,1,0
BRDA:249,51,0,0
BRDA:249,51,1,0
BRDA:254,52,0,0
BRDA:254,52,1,0
BRDA:269,53,0,0
BRDA:269,53,1,0
BRF:102
BRH:0
end_of_record
TN:
SF:features/auth/types.ts
FNF:0
FNH:0
LF:0
LH:0
BRF:0
BRH:0
end_of_record
TN:
SF:features/auth/api/authApi.ts
FN:16,(anonymous_0)
FN:23,(anonymous_1)
FN:32,(anonymous_2)
FN:41,(anonymous_3)
FN:48,(anonymous_4)
FN:55,(anonymous_5)
FN:62,(anonymous_6)
FN:69,(anonymous_7)
FN:76,(anonymous_8)
FN:83,(anonymous_9)
FN:94,(anonymous_10)
FN:101,(anonymous_11)
FN:108,(anonymous_12)
FN:115,(anonymous_13)
FN:122,(anonymous_14)
FN:129,(anonymous_15)
FN:135,(anonymous_16)
FN:144,(anonymous_17)
FN:170,(anonymous_18)
FNF:19
FNH:2
FNDA:2,(anonymous_0)
FNDA:1,(anonymous_1)
FNDA:0,(anonymous_2)
FNDA:0,(anonymous_3)
FNDA:0,(anonymous_4)
FNDA:0,(anonymous_5)
FNDA:0,(anonymous_6)
FNDA:0,(anonymous_7)
FNDA:0,(anonymous_8)
FNDA:0,(anonymous_9)
FNDA:0,(anonymous_10)
FNDA:0,(anonymous_11)
FNDA:0,(anonymous_12)
FNDA:0,(anonymous_13)
FNDA:0,(anonymous_14)
FNDA:0,(anonymous_15)
FNDA:0,(anonymous_16)
FNDA:0,(anonymous_17)
FNDA:0,(anonymous_18)
DA:6,3
DA:7,3
DA:9,0
DA:12,3
DA:17,2
DA:24,1
DA:33,0
DA:42,0
DA:49,0
DA:56,0
DA:63,0
DA:70,0
DA:77,0
DA:88,0
DA:95,0
DA:102,0
DA:109,0
DA:116,0
DA:123,0
DA:130,0
DA:135,3
DA:136,0
DA:144,3
DA:146,0
DA:148,0
DA:149,0
DA:150,0
DA:153,0
DA:155,0
DA:156,0
DA:157,0
DA:161,0
DA:166,0
DA:170,3
DA:171,0
LF:35
LH:8
BRDA:136,0,0,0
BRDA:136,0,1,0
BRDA:136,0,2,0
BRDA:136,0,3,0
BRDA:136,0,4,0
BRDA:146,1,0,0
BRDA:146,1,1,0
BRDA:153,2,0,0
BRDA:153,2,1,0
BRDA:161,3,0,0
BRDA:161,3,1,0
BRDA:161,3,2,0
BRDA:161,3,3,0
BRF:13
BRH:0
end_of_record
TN:
SF:features/auth/hooks/useAuth.ts
FN:39,(anonymous_0)
FN:44,(anonymous_1)
FN:55,(anonymous_2)
FN:62,(anonymous_3)
FN:75,(anonymous_4)
FN:86,(anonymous_5)
FN:95,(anonymous_6)
FN:114,(anonymous_7)
FN:152,(anonymous_8)
FN:189,(anonymous_9)
FN:217,(anonymous_10)
FN:239,(anonymous_11)
FN:263,(anonymous_12)
FN:264,(anonymous_13)
FN:300,(anonymous_14)
FN:304,(anonymous_15)
FN:322,(anonymous_16)
FN:345,(anonymous_17)
FN:352,(anonymous_18)
FN:356,(anonymous_19)
FN:373,(anonymous_20)
FN:390,(anonymous_21)
FN:417,(anonymous_22)
FNF:23
FNH:0
FNDA:0,(anonymous_0)
FNDA:0,(anonymous_1)
FNDA:0,(anonymous_2)
FNDA:0,(anonymous_3)
FNDA:0,(anonymous_4)
FNDA:0,(anonymous_5)
FNDA:0,(anonymous_6)
FNDA:0,(anonymous_7)
FNDA:0,(anonymous_8)
FNDA:0,(anonymous_9)
FNDA:0,(anonymous_10)
FNDA:0,(anonymous_11)
FNDA:0,(anonymous_12)
FNDA:0,(anonymous_13)
FNDA:0,(anonymous_14)
FNDA:0,(anonymous_15)
FNDA:0,(anonymous_16)
FNDA:0,(anonymous_17)
FNDA:0,(anonymous_18)
FNDA:0,(anonymous_19)
FNDA:0,(anonymous_20)
FNDA:0,(anonymous_21)
FNDA:0,(anonymous_22)
DA:15,0
DA:39,0
DA:40,0
DA:41,0
DA:44,0
DA:47,0
DA:48,0
DA:49,0
DA:50,0
DA:55,0
DA:56,0
DA:62,0
DA:63,0
DA:64,0
DA:65,0
DA:67,0
DA:68,0
DA:75,0
DA:76,0
DA:77,0
DA:79,0
DA:86,0
DA:87,0
DA:88,0
DA:89,0
DA:95,0
DA:96,0
DA:97,0
DA:99,0
DA:100,0
DA:101,0
DA:103,0
DA:104,0
DA:105,0
DA:106,0
DA:114,0
DA:115,0
DA:116,0
DA:117,0
DA:119,0
DA:121,0
DA:122,0
DA:125,0
DA:128,0
DA:129,0
DA:130,0
DA:133,0
DA:136,0
DA:139,0
DA:140,0
DA:141,0
DA:142,0
DA:143,0
DA:145,0
DA:152,0
DA:153,0
DA:154,0
DA:156,0
DA:157,0
DA:158,0
DA:159,0
DA:161,0
DA:166,0
DA:169,0
DA:170,0
DA:171,0
DA:173,0
DA:176,0
DA:179,0
DA:180,0
DA:182,0
DA:189,0
DA:190,0
DA:191,0
DA:192,0
DA:194,0
DA:197,0
DA:198,0
DA:199,0
DA:200,0
DA:201,0
DA:205,0
DA:206,0
DA:207,0
DA:208,0
DA:210,0
DA:217,0
DA:218,0
DA:219,0
DA:220,0
DA:222,0
DA:223,0
DA:224,0
DA:227,0
DA:228,0
DA:229,0
DA:230,0
DA:232,0
DA:239,0
DA:244,0
DA:245,0
DA:246,0
DA:248,0
DA:251,0
DA:252,0
DA:253,0
DA:254,0
DA:256,0
DA:263,0
DA:264,0
DA:265,0
DA:266,0
DA:267,0
DA:268,0
DA:270,0
DA:272,0
DA:273,0
DA:278,0
DA:281,0
DA:300,0
DA:301,0
DA:302,0
DA:304,0
DA:305,0
DA:306,0
DA:307,0
DA:309,0
DA:310,0
DA:313,0
DA:314,0
DA:315,0
DA:316,0
DA:318,0
DA:322,0
DA:323,0
DA:324,0
DA:325,0
DA:327,0
DA:328,0
DA:331,0
DA:332,0
DA:333,0
DA:334,0
DA:336,0
DA:340,0
DA:345,0
DA:352,0
DA:353,0
DA:354,0
DA:356,0
DA:357,0
DA:358,0
DA:359,0
DA:361,0
DA:364,0
DA:365,0
DA:366,0
DA:367,0
DA:369,0
DA:373,0
DA:374,0
DA:375,0
DA:376,0
DA:378,0
DA:381,0
DA:382,0
DA:383,0
DA:384,0
DA:386,0
DA:390,0
DA:395,0
DA:396,0
DA:397,0
DA:399,0
DA:402,0
DA:403,0
DA:404,0
DA:405,0
DA:407,0
DA:411,0
DA:417,0
LF:181
LH:0
BRDA:44,0,0,0
BRDA:44,0,1,0
BRDA:49,1,0,0
BRDA:49,1,1,0
BRDA:65,2,0,0
BRDA:65,2,1,0
BRDA:97,3,0,0
BRDA:97,3,1,0
BRDA:105,4,0,0
BRDA:105,4,1,0
BRDA:128,5,0,0
BRDA:128,5,1,0
BRDA:141,6,0,0
BRDA:141,6,1,0
BRDA:157,7,0,0
BRDA:157,7,1,0
BRDA:197,8,0,0
BRDA:197,8,1,0
BRDA:207,9,0,0
BRDA:207,9,1,0
BRDA:229,10,0,0
BRDA:229,10,1,0
BRDA:253,11,0,0
BRDA:253,11,1,0
BRDA:266,12,0,0
BRDA:266,12,1,0
BRDA:315,13,0,0
BRDA:315,13,1,0
BRDA:333,14,0,0
BRDA:333,14,1,0
BRDA:366,15,0,0
BRDA:366,15,1,0
BRDA:383,16,0,0
BRDA:383,16,1,0
BRDA:404,17,0,0
BRDA:404,17,1,0
BRF:36
BRH:0
end_of_record
TN:
SF:features/calendar/api/calendarApi.ts
FN:23,(anonymous_0)
FN:34,(anonymous_1)
FN:43,(anonymous_2)
FN:51,(anonymous_3)
FN:52,(anonymous_4)
FN:96,(anonymous_5)
FN:120,(anonymous_6)
FN:132,(anonymous_7)
FN:149,(anonymous_8)
FN:167,(anonymous_9)
FN:186,(anonymous_10)
FN:220,(anonymous_11)
FN:241,(anonymous_12)
FN:259,(anonymous_13)
FN:277,(anonymous_14)
FN:293,(anonymous_15)
FN:316,(anonymous_16)
FN:336,(anonymous_17)
FN:346,(anonymous_18)
FN:353,(anonymous_19)
FN:400,(anonymous_20)
FN:412,(anonymous_21)
FN:429,(anonymous_22)
FN:454,(anonymous_23)
FN:465,(anonymous_24)
FN:471,(anonymous_25)
FN:475,(anonymous_26)
FN:484,(anonymous_27)
FN:488,(anonymous_28)
FNF:29
FNH:0
FNDA:0,(anonymous_0)
FNDA:0,(anonymous_1)
FNDA:0,(anonymous_2)
FNDA:0,(anonymous_3)
FNDA:0,(anonymous_4)
FNDA:0,(anonymous_5)
FNDA:0,(anonymous_6)
FNDA:0,(anonymous_7)
FNDA:0,(anonymous_8)
FNDA:0,(anonymous_9)
FNDA:0,(anonymous_10)
FNDA:0,(anonymous_11)
FNDA:0,(anonymous_12)
FNDA:0,(anonymous_13)
FNDA:0,(anonymous_14)
FNDA:0,(anonymous_15)
FNDA:0,(anonymous_16)
FNDA:0,(anonymous_17)
FNDA:0,(anonymous_18)
FNDA:0,(anonymous_19)
FNDA:0,(anonymous_20)
FNDA:0,(anonymous_21)
FNDA:0,(anonymous_22)
FNDA:0,(anonymous_23)
FNDA:0,(anonymous_24)
FNDA:0,(anonymous_25)
FNDA:0,(anonymous_26)
FNDA:0,(anonymous_27)
FNDA:0,(anonymous_28)
DA:23,0
DA:24,0
DA:33,0
DA:35,0
DA:36,0
DA:37,0
DA:38,0
DA:41,0
DA:44,0
DA:45,0
DA:50,0
DA:51,0
DA:53,0
DA:55,0
DA:56,0
DA:58,0
DA:59,0
DA:60,0
DA:61,0
DA:66,0
DA:67,0
DA:69,0
DA:70,0
DA:73,0
DA:75,0
DA:76,0
DA:77,0
DA:78,0
DA:83,0
DA:87,0
DA:90,0
DA:96,0
DA:97,0
DA:98,0
DA:103,0
DA:104,0
DA:109,0
DA:120,0
DA:121,0
DA:132,0
DA:133,0
DA:149,0
DA:150,0
DA:151,0
DA:153,0
DA:154,0
DA:157,0
DA:159,0
DA:160,0
DA:167,0
DA:168,0
DA:170,0
DA:172,0
DA:173,0
DA:176,0
DA:178,0
DA:179,0
DA:186,0
DA:187,0
DA:188,0
DA:190,0
DA:197,0
DA:202,0
DA:203,0
DA:206,0
DA:208,0
DA:209,0
DA:220,0
DA:221,0
DA:222,0
DA:227,0
DA:228,0
DA:231,0
DA:233,0
DA:234,0
DA:241,0
DA:242,0
DA:243,0
DA:247,0
DA:248,0
DA:251,0
DA:252,0
DA:259,0
DA:260,0
DA:261,0
DA:263,0
DA:264,0
DA:267,0
DA:269,0
DA:270,0
DA:277,0
DA:278,0
DA:279,0
DA:281,0
DA:282,0
DA:285,0
DA:286,0
DA:293,0
DA:294,0
DA:296,0
DA:298,0
DA:299,0
DA:302,0
DA:304,0
DA:305,0
DA:316,0
DA:317,0
DA:318,0
DA:322,0
DA:324,0
DA:325,0
DA:336,0
DA:337,0
DA:338,0
DA:339,0
DA:340,0
DA:346,0
DA:347,0
DA:353,0
DA:354,0
DA:400,0
DA:412,0
DA:413,0
DA:429,0
DA:436,0
DA:437,0
DA:438,0
DA:440,0
DA:442,0
DA:443,0
DA:447,0
DA:448,0
DA:450,0
DA:454,0
DA:458,0
DA:465,0
DA:466,0
DA:467,0
DA:469,0
DA:471,0
DA:472,0
DA:475,0
DA:476,0
DA:477,0
DA:478,0
DA:480,0
DA:484,0
DA:485,0
DA:488,0
DA:489,0
DA:492,0
DA:496,0
LF:152
LH:0
BRDA:25,0,0,0
BRDA:25,0,1,0
BRDA:35,1,0,0
BRDA:35,1,1,0
BRDA:37,2,0,0
BRDA:37,2,1,0
BRDA:55,3,0,0
BRDA:55,3,1,0
BRDA:55,4,0,0
BRDA:55,4,1,0
BRDA:60,5,0,0
BRDA:60,5,1,0
BRDA:75,6,0,0
BRDA:75,6,1,0
BRDA:97,7,0,0
BRDA:97,7,1,0
BRDA:99,8,0,0
BRDA:99,8,1,0
BRDA:103,9,0,0
BRDA:103,9,1,0
BRDA:110,10,0,0
BRDA:110,10,1,0
BRDA:122,11,0,0
BRDA:122,11,1,0
BRDA:122,11,2,0
BRDA:122,11,3,0
BRDA:122,11,4,0
BRDA:122,11,5,0
BRDA:122,11,6,0
BRDA:134,12,0,0
BRDA:134,12,1,0
BRDA:134,12,2,0
BRDA:134,12,3,0
BRDA:134,12,4,0
BRDA:153,13,0,0
BRDA:153,13,1,0
BRDA:153,14,0,0
BRDA:153,14,1,0
BRDA:172,15,0,0
BRDA:172,15,1,0
BRDA:172,16,0,0
BRDA:172,16,1,0
BRDA:202,17,0,0
BRDA:202,17,1,0
BRDA:202,18,0,0
BRDA:202,18,1,0
BRDA:227,19,0,0
BRDA:227,19,1,0
BRDA:227,20,0,0
BRDA:227,20,1,0
BRDA:247,21,0,0
BRDA:247,21,1,0
BRDA:263,22,0,0
BRDA:263,22,1,0
BRDA:263,23,0,0
BRDA:263,23,1,0
BRDA:281,24,0,0
BRDA:281,24,1,0
BRDA:298,25,0,0
BRDA:298,25,1,0
BRDA:298,26,0,0
BRDA:298,26,1,0
BRDA:361,27,0,0
BRDA:361,27,1,0
BRDA:362,28,0,0
BRDA:362,28,1,0
BRDA:366,29,0,0
BRDA:366,29,1,0
BRDA:367,30,0,0
BRDA:367,30,1,0
BRDA:371,31,0,0
BRDA:371,31,1,0
BRDA:372,32,0,0
BRDA:372,32,1,0
BRDA:376,33,0,0
BRDA:376,33,1,0
BRDA:377,34,0,0
BRDA:377,34,1,0
BRDA:381,35,0,0
BRDA:381,35,1,0
BRDA:382,36,0,0
BRDA:382,36,1,0
BRDA:386,37,0,0
BRDA:386,37,1,0
BRDA:387,38,0,0
BRDA:387,38,1,0
BRDA:391,39,0,0
BRDA:391,39,1,0
BRDA:392,40,0,0
BRDA:392,40,1,0
BRDA:396,41,0,0
BRDA:396,41,1,0
BRDA:397,42,0,0
BRDA:397,42,1,0
BRDA:431,43,0,0
BRDA:432,44,0,0
BRDA:442,45,0,0
BRDA:442,45,1,0
BRDA:448,46,0,0
BRDA:448,46,1,0
BRDA:448,47,0,0
BRDA:448,47,1,0
BRDA:466,48,0,0
BRDA:466,48,1,0
BRF:104
BRH:0
end_of_record
TN:
SF:features/calendar/components/CalendarBody.tsx
FN:12,(anonymous_0)
FN:27,(anonymous_1)
FN:28,(anonymous_2)
FN:35,(anonymous_3)
FN:49,(anonymous_4)
FN:55,(anonymous_5)
FN:68,(anonymous_6)
FN:91,(anonymous_7)
FNF:8
FNH:0
FNDA:0,(anonymous_0)
FNDA:0,(anonymous_1)
FNDA:0,(anonymous_2)
FNDA:0,(anonymous_3)
FNDA:0,(anonymous_4)
FNDA:0,(anonymous_5)
FNDA:0,(anonymous_6)
FNDA:0,(anonymous_7)
DA:12,0
DA:27,0
DA:28,0
DA:29,0
DA:31,0
DA:35,0
DA:49,0
DA:50,0
DA:52,0
DA:55,0
DA:68,0
DA:69,0
DA:71,0
DA:91,0
DA:92,0
DA:94,0
DA:97,0
DA:100,0
DA:103,0
DA:107,0
DA:109,0
LF:21
LH:0
BRDA:29,0,0,0
BRDA:29,0,1,0
BRDA:50,1,0,0
BRDA:50,1,1,0
BRDA:69,2,0,0
BRDA:69,2,1,0
BRDA:69,3,0,0
BRDA:69,3,1,0
BRDA:77,4,0,0
BRDA:77,4,1,0
BRDA:92,5,0,0
BRDA:92,5,1,0
BRDA:92,5,2,0
BRDA:92,5,3,0
BRDA:107,6,0,0
BRDA:107,6,1,0
BRF:16
BRH:0
end_of_record
TN:
SF:features/calendar/components/CalendarDate.tsx
FN:47,(anonymous_0)
FN:75,(anonymous_1)
FN:89,(anonymous_2)
FN:93,(anonymous_3)
FN:106,(anonymous_4)
FN:136,(anonymous_5)
FN:155,(anonymous_6)
FN:185,(anonymous_7)
FN:194,(anonymous_8)
FN:208,(anonymous_9)
FN:226,(anonymous_10)
FN:231,(anonymous_11)
FN:232,(anonymous_12)
FN:251,(anonymous_13)
FN:254,(anonymous_14)
FN:266,(anonymous_15)
FN:267,(anonymous_16)
FN:268,(anonymous_17)
FN:287,(anonymous_18)
FN:293,(anonymous_19)
FN:302,(anonymous_20)
FN:331,(anonymous_21)
FN:337,(anonymous_22)
FN:357,(anonymous_23)
FN:362,(anonymous_24)
FN:382,(anonymous_25)
FN:395,(anonymous_26)
FN:401,(anonymous_27)
FN:416,(anonymous_28)
FN:441,(anonymous_29)
FN:465,(anonymous_30)
FN:486,(anonymous_31)
FN:512,(anonymous_32)
FN:535,(anonymous_33)
FNF:34
FNH:0
FNDA:0,(anonymous_0)
FNDA:0,(anonymous_1)
FNDA:0,(anonymous_2)
FNDA:0,(anonymous_3)
FNDA:0,(anonymous_4)
FNDA:0,(anonymous_5)
FNDA:0,(anonymous_6)
FNDA:0,(anonymous_7)
FNDA:0,(anonymous_8)
FNDA:0,(anonymous_9)
FNDA:0,(anonymous_10)
FNDA:0,(anonymous_11)
FNDA:0,(anonymous_12)
FNDA:0,(anonymous_13)
FNDA:0,(anonymous_14)
FNDA:0,(anonymous_15)
FNDA:0,(anonymous_16)
FNDA:0,(anonymous_17)
FNDA:0,(anonymous_18)
FNDA:0,(anonymous_19)
FNDA:0,(anonymous_20)
FNDA:0,(anonymous_21)
FNDA:0,(anonymous_22)
FNDA:0,(anonymous_23)
FNDA:0,(anonymous_24)
FNDA:0,(anonymous_25)
FNDA:0,(anonymous_26)
FNDA:0,(anonymous_27)
FNDA:0,(anonymous_28)
FNDA:0,(anonymous_29)
FNDA:0,(anonymous_30)
FNDA:0,(anonymous_31)
FNDA:0,(anonymous_32)
FNDA:0,(anonymous_33)
DA:47,0
DA:57,0
DA:58,0
DA:59,0
DA:65,0
DA:66,0
DA:67,0
DA:68,0
DA:69,0
DA:75,0
DA:76,0
DA:78,0
DA:83,0
DA:84,0
DA:86,0
DA:89,0
DA:90,0
DA:93,0
DA:94,0
DA:98,0
DA:106,0
DA:107,0
DA:108,0
DA:109,0
DA:112,0
DA:113,0
DA:118,0
DA:119,0
DA:120,0
DA:121,0
DA:124,0
DA:125,0
DA:126,0
DA:128,0
DA:129,0
DA:131,0
DA:136,0
DA:137,0
DA:138,0
DA:139,0
DA:140,0
DA:141,0
DA:144,0
DA:145,0
DA:147,0
DA:148,0
DA:150,0
DA:155,0
DA:156,0
DA:157,0
DA:158,0
DA:161,0
DA:162,0
DA:163,0
DA:166,0
DA:167,0
DA:174,0
DA:175,0
DA:177,0
DA:178,0
DA:180,0
DA:185,0
DA:186,0
DA:187,0
DA:194,0
DA:195,0
DA:197,0
DA:208,0
DA:209,0
DA:211,0
DA:212,0
DA:215,0
DA:216,0
DA:217,0
DA:219,0
DA:220,0
DA:223,0
DA:227,0
DA:228,0
DA:231,0
DA:232,0
DA:251,0
DA:252,0
DA:254,0
DA:255,0
DA:256,0
DA:257,0
DA:259,0
DA:260,0
DA:263,0
DA:266,0
DA:267,0
DA:268,0
DA:287,0
DA:288,0
DA:293,0
DA:294,0
DA:295,0
DA:298,0
DA:302,0
DA:315,0
DA:331,0
DA:337,0
DA:346,0
DA:357,0
DA:362,0
DA:371,0
DA:383,0
DA:396,0
DA:397,0
DA:398,0
DA:402,0
DA:416,0
DA:429,0
DA:442,0
DA:443,0
DA:465,0
DA:478,0
DA:480,0
DA:487,0
DA:513,0
DA:536,0
LF:122
LH:0
BRDA:76,0,0,0
BRDA:76,0,1,0
BRDA:78,1,0,0
BRDA:78,1,1,0
BRDA:78,1,2,0
BRDA:78,1,3,0
BRDA:83,2,0,0
BRDA:83,2,1,0
BRDA:84,3,0,0
BRDA:84,3,1,0
BRDA:98,4,0,0
BRDA:98,4,1,0
BRDA:98,4,2,0
BRDA:107,5,0,0
BRDA:107,5,1,0
BRDA:118,6,0,0
BRDA:118,6,1,0
BRDA:118,7,0,0
BRDA:118,7,1,0
BRDA:120,8,0,0
BRDA:120,8,1,0
BRDA:128,9,0,0
BRDA:128,9,1,0
BRDA:138,10,0,0
BRDA:138,10,1,0
BRDA:138,11,0,0
BRDA:138,11,1,0
BRDA:140,12,0,0
BRDA:140,12,1,0
BRDA:147,13,0,0
BRDA:147,13,1,0
BRDA:156,14,0,0
BRDA:156,14,1,0
BRDA:156,15,0,0
BRDA:156,15,1,0
BRDA:161,16,0,0
BRDA:161,16,1,0
BRDA:177,17,0,0
BRDA:177,17,1,0
BRDA:187,18,0,0
BRDA:187,18,1,0
BRDA:195,19,0,0
BRDA:195,19,1,0
BRDA:211,20,0,0
BRDA:211,20,1,0
BRDA:211,21,0,0
BRDA:211,21,1,0
BRDA:219,22,0,0
BRDA:219,22,1,0
BRDA:219,23,0,0
BRDA:219,23,1,0
BRDA:227,24,0,0
BRDA:227,24,1,0
BRDA:233,25,0,0
BRDA:233,25,1,0
BRDA:239,26,0,0
BRDA:239,26,1,0
BRDA:252,27,0,0
BRDA:252,27,1,0
BRDA:259,28,0,0
BRDA:259,28,1,0
BRDA:259,29,0,0
BRDA:259,29,1,0
BRDA:275,30,0,0
BRDA:275,30,1,0
BRDA:289,31,0,0
BRDA:289,31,1,0
BRDA:290,32,0,0
BRDA:290,32,1,0
BRDA:294,33,0,0
BRDA:294,33,1,0
BRDA:315,34,0,0
BRDA:315,34,1,0
BRDA:346,35,0,0
BRDA:346,35,1,0
BRDA:354,36,0,0
BRDA:354,36,1,0
BRDA:354,36,2,0
BRDA:371,37,0,0
BRDA:371,37,1,0
BRDA:381,38,0,0
BRDA:381,38,1,0
BRDA:398,39,0,0
BRDA:398,39,1,0
BRDA:400,40,0,0
BRDA:400,40,1,0
BRDA:437,41,0,0
BRDA:437,41,1,0
BRDA:437,42,0,0
BRDA:437,42,1,0
BRDA:442,43,0,0
BRDA:442,43,1,0
BRDA:442,44,0,0
BRDA:442,44,1,0
BRDA:447,45,0,0
BRDA:447,45,1,0
BRDA:483,46,0,0
BRDA:483,46,1,0
BRDA:485,47,0,0
BRDA:485,47,1,0
BRDA:488,48,0,0
BRDA:488,48,1,0
BRDA:488,49,0,0
BRDA:488,49,1,0
BRDA:497,50,0,0
BRDA:497,50,1,0
BRDA:497,51,0,0
BRDA:497,51,1,0
BRDA:497,51,2,0
BRDA:502,52,0,0
BRDA:502,52,1,0
BRDA:509,53,0,0
BRDA:509,53,1,0
BRDA:509,53,2,0
BRDA:532,54,0,0
BRDA:532,54,1,0
BRDA:532,54,2,0
BRDA:555,55,0,0
BRDA:555,55,1,0
BRDA:555,55,2,0
BRF:120
BRH:0
end_of_record
TN:
SF:features/calendar/components/CalendarHeader.tsx
FN:20,(anonymous_0)
FN:35,(anonymous_1)
FN:39,(anonymous_2)
FN:43,(anonymous_3)
FN:47,(anonymous_4)
FN:56,(anonymous_5)
FN:68,(anonymous_6)
FN:74,(anonymous_7)
FN:78,(anonymous_8)
FN:100,(anonymous_9)
FN:113,(anonymous_10)
FN:132,(anonymous_11)
FN:135,(anonymous_12)
FN:147,(anonymous_13)
FN:151,(anonymous_14)
FNF:15
FNH:0
FNDA:0,(anonymous_0)
FNDA:0,(anonymous_1)
FNDA:0,(anonymous_2)
FNDA:0,(anonymous_3)
FNDA:0,(anonymous_4)
FNDA:0,(anonymous_5)
FNDA:0,(anonymous_6)
FNDA:0,(anonymous_7)
FNDA:0,(anonymous_8)
FNDA:0,(anonymous_9)
FNDA:0,(anonymous_10)
FNDA:0,(anonymous_11)
FNDA:0,(anonymous_12)
FNDA:0,(anonymous_13)
FNDA:0,(anonymous_14)
DA:12,0
DA:20,0
DA:35,0
DA:36,0
DA:39,0
DA:40,0
DA:43,0
DA:44,0
DA:47,0
DA:48,0
DA:49,0
DA:51,0
DA:52,0
DA:54,0
DA:56,0
DA:59,0
DA:68,0
DA:69,0
DA:70,0
DA:71,0
DA:74,0
DA:75,0
DA:76,0
DA:77,0
DA:78,0
DA:79,0
DA:81,0
DA:89,0
DA:101,0
DA:102,0
DA:103,0
DA:114,0
DA:115,0
DA:116,0
DA:132,0
DA:136,0
DA:147,0
DA:151,0
LF:38
LH:0
BRDA:27,0,0,0
BRDA:28,1,0,0
BRDA:48,2,0,0
BRDA:48,2,1,0
BRDA:48,3,0,0
BRDA:48,3,1,0
BRDA:51,4,0,0
BRDA:51,4,1,0
BRDA:54,5,0,0
BRDA:54,5,1,0
BRDA:75,6,0,0
BRDA:75,6,1,0
BRDA:77,7,0,0
BRDA:77,7,1,0
BRDA:79,8,0,0
BRDA:79,8,1,0
BRDA:101,9,0,0
BRDA:101,9,1,0
BRDA:101,10,0,0
BRDA:101,10,1,0
BRDA:114,11,0,0
BRDA:114,11,1,0
BRDA:114,12,0,0
BRDA:114,12,1,0
BRF:24
BRH:0
end_of_record
TN:
SF:features/calendar/components/CalendarModal.tsx
FN:22,(anonymous_0)
FNF:1
FNH:0
FNDA:0,(anonymous_0)
DA:22,0
DA:31,0
LF:2
LH:0
BRDA:25,0,0,0
BRDA:35,1,0,0
BRDA:35,1,1,0
BRDA:36,2,0,0
BRDA:36,2,1,0
BRDA:38,3,0,0
BRDA:38,3,1,0
BRDA:40,4,0,0
BRDA:40,4,1,0
BRDA:44,5,0,0
BRDA:44,5,1,0
BRDA:45,6,0,0
BRDA:45,6,1,0
BRF:13
BRH:0
end_of_record
TN:
SF:features/calendar/components/CalendarStats.tsx
FN:11,(anonymous_0)
FNF:1
FNH:0
FNDA:0,(anonymous_0)
DA:11,0
DA:15,0
LF:2
LH:0
BRDA:13,0,0,0
BRF:1
BRH:0
end_of_record
TN:
SF:features/calendar/components/ProjectList.tsx
FN:29,(anonymous_0)
FN:36,(anonymous_1)
FN:42,(anonymous_2)
FN:87,(anonymous_3)
FN:137,(anonymous_4)
FN:179,(anonymous_5)
FNF:6
FNH:0
FNDA:0,(anonymous_0)
FNDA:0,(anonymous_1)
FNDA:0,(anonymous_2)
FNDA:0,(anonymous_3)
FNDA:0,(anonymous_4)
FNDA:0,(anonymous_5)
DA:29,0
DA:35,0
DA:37,0
DA:39,0
DA:43,0
DA:44,0
DA:46,0
DA:47,0
DA:48,0
DA:50,0
DA:53,0
DA:88,0
DA:90,0
DA:137,0
DA:142,0
DA:177,0
DA:180,0
LF:17
LH:0
BRDA:39,0,0,0
BRDA:39,0,1,0
BRDA:39,0,2,0
BRDA:46,1,0,0
BRDA:46,1,1,0
BRDA:46,2,0,0
BRDA:46,2,1,0
BRDA:47,3,0,0
BRDA:47,3,1,0
BRDA:48,4,0,0
BRDA:48,4,1,0
BRDA:97,5,0,0
BRDA:97,5,1,0
BRDA:97,6,0,0
BRDA:97,6,1,0
BRDA:121,7,0,0
BRDA:121,7,1,0
BRDA:138,8,0,0
BRDA:139,9,0,0
BRF:19
BRH:0
end_of_record
TN:
SF:features/calendar/hooks/useCalendar.ts
FN:40,(anonymous_0)
FN:58,(anonymous_1)
FN:93,(anonymous_2)
FN:99,(anonymous_3)
FN:108,(anonymous_4)
FN:115,(anonymous_5)
FN:133,(anonymous_6)
FN:134,(anonymous_7)
FN:157,(anonymous_8)
FN:158,(anonymous_9)
FN:165,(anonymous_10)
FN:169,(anonymous_11)
FN:174,(anonymous_12)
FN:183,(anonymous_13)
FN:201,(anonymous_14)
FN:224,(anonymous_15)
FN:229,(anonymous_16)
FN:230,(anonymous_17)
FN:239,(anonymous_18)
FN:240,(anonymous_19)
FN:248,(anonymous_20)
FN:249,(anonymous_21)
FN:256,(anonymous_22)
FN:259,(anonymous_23)
FN:261,(anonymous_24)
FN:263,(anonymous_25)
FN:267,(anonymous_26)
FN:299,(anonymous_27)
FN:305,(anonymous_28)
FN:328,(anonymous_29)
FN:333,(anonymous_30)
FN:351,(anonymous_31)
FN:367,(anonymous_32)
FN:368,(anonymous_33)
FN:381,(anonymous_34)
FN:394,(anonymous_35)
FN:414,(anonymous_36)
FN:446,(anonymous_37)
FN:447,(anonymous_38)
FN:486,(anonymous_39)
FN:487,(anonymous_40)
FN:532,(anonymous_41)
FN:552,(anonymous_42)
FN:555,(anonymous_43)
FNF:44
FNH:0
FNDA:0,(anonymous_0)
FNDA:0,(anonymous_1)
FNDA:0,(anonymous_2)
FNDA:0,(anonymous_3)
FNDA:0,(anonymous_4)
FNDA:0,(anonymous_5)
FNDA:0,(anonymous_6)
FNDA:0,(anonymous_7)
FNDA:0,(anonymous_8)
FNDA:0,(anonymous_9)
FNDA:0,(anonymous_10)
FNDA:0,(anonymous_11)
FNDA:0,(anonymous_12)
FNDA:0,(anonymous_13)
FNDA:0,(anonymous_14)
FNDA:0,(anonymous_15)
FNDA:0,(anonymous_16)
FNDA:0,(anonymous_17)
FNDA:0,(anonymous_18)
FNDA:0,(anonymous_19)
FNDA:0,(anonymous_20)
FNDA:0,(anonymous_21)
FNDA:0,(anonymous_22)
FNDA:0,(anonymous_23)
FNDA:0,(anonymous_24)
FNDA:0,(anonymous_25)
FNDA:0,(anonymous_26)
FNDA:0,(anonymous_27)
FNDA:0,(anonymous_28)
FNDA:0,(anonymous_29)
FNDA:0,(anonymous_30)
FNDA:0,(anonymous_31)
FNDA:0,(anonymous_32)
FNDA:0,(anonymous_33)
FNDA:0,(anonymous_34)
FNDA:0,(anonymous_35)
FNDA:0,(anonymous_36)
FNDA:0,(anonymous_37)
FNDA:0,(anonymous_38)
FNDA:0,(anonymous_39)
FNDA:0,(anonymous_40)
FNDA:0,(anonymous_41)
FNDA:0,(anonymous_42)
FNDA:0,(anonymous_43)
DA:40,0
DA:41,0
DA:42,0
DA:43,0
DA:44,0
DA:45,0
DA:47,0
DA:58,0
DA:59,0
DA:60,0
DA:61,0
DA:62,0
DA:64,0
DA:67,0
DA:68,0
DA:69,0
DA:71,0
DA:72,0
DA:76,0
DA:77,0
DA:81,0
DA:82,0
DA:83,0
DA:84,0
DA:86,0
DA:87,0
DA:90,0
DA:93,0
DA:94,0
DA:95,0
DA:96,0
DA:99,0
DA:100,0
DA:101,0
DA:108,0
DA:109,0
DA:110,0
DA:111,0
DA:114,0
DA:115,0
DA:122,0
DA:127,0
DA:137,0
DA:143,0
DA:150,0
DA:151,0
DA:157,0
DA:158,0
DA:159,0
DA:160,0
DA:161,0
DA:165,0
DA:166,0
DA:167,0
DA:169,0
DA:170,0
DA:174,0
DA:175,0
DA:177,0
DA:179,0
DA:180,0
DA:182,0
DA:183,0
DA:190,0
DA:196,0
DA:200,0
DA:201,0
DA:210,0
DA:211,0
DA:220,0
DA:224,0
DA:225,0
DA:229,0
DA:230,0
DA:239,0
DA:240,0
DA:243,0
DA:244,0
DA:245,0
DA:248,0
DA:249,0
DA:256,0
DA:259,0
DA:260,0
DA:261,0
DA:263,0
DA:267,0
DA:268,0
DA:269,0
DA:270,0
DA:272,0
DA:273,0
DA:278,0
DA:280,0
DA:284,0
DA:288,0
DA:291,0
DA:293,0
DA:295,0
DA:299,0
DA:300,0
DA:301,0
DA:302,0
DA:305,0
DA:306,0
DA:307,0
DA:308,0
DA:310,0
DA:313,0
DA:314,0
DA:322,0
DA:324,0
DA:328,0
DA:329,0
DA:330,0
DA:331,0
DA:333,0
DA:334,0
DA:335,0
DA:336,0
DA:338,0
DA:341,0
DA:342,0
DA:345,0
DA:347,0
DA:351,0
DA:352,0
DA:353,0
DA:354,0
DA:356,0
DA:357,0
DA:359,0
DA:361,0
DA:363,0
DA:367,0
DA:368,0
DA:371,0
DA:381,0
DA:382,0
DA:383,0
DA:394,0
DA:395,0
DA:397,0
DA:405,0
DA:414,0
DA:415,0
DA:416,0
DA:417,0
DA:419,0
DA:420,0
DA:427,0
DA:430,0
DA:432,0
DA:433,0
DA:446,0
DA:447,0
DA:448,0
DA:450,0
DA:452,0
DA:453,0
DA:454,0
DA:458,0
DA:459,0
DA:460,0
DA:461,0
DA:462,0
DA:463,0
DA:465,0
DA:470,0
DA:471,0
DA:472,0
DA:473,0
DA:474,0
DA:476,0
DA:481,0
DA:486,0
DA:487,0
DA:488,0
DA:490,0
DA:492,0
DA:493,0
DA:494,0
DA:498,0
DA:499,0
DA:501,0
DA:502,0
DA:503,0
DA:504,0
DA:506,0
DA:511,0
DA:513,0
DA:514,0
DA:515,0
DA:516,0
DA:518,0
DA:523,0
DA:532,0
DA:533,0
DA:534,0
DA:535,0
DA:542,0
DA:544,0
DA:552,0
DA:553,0
DA:554,0
DA:555,0
DA:563,0
DA:581,0
LF:208
LH:0
BRDA:54,0,0,0
BRDA:54,0,1,0
BRDA:67,1,0,0
BRDA:67,1,1,0
BRDA:68,2,0,0
BRDA:68,2,1,0
BRDA:83,3,0,0
BRDA:83,3,1,0
BRDA:84,4,0,0
BRDA:84,4,1,0
BRDA:101,5,0,0
BRDA:101,5,1,0
BRDA:108,6,0,0
BRDA:158,7,0,0
BRDA:158,7,1,0
BRDA:161,8,0,0
BRDA:161,8,1,0
BRDA:166,9,0,0
BRDA:166,9,1,0
BRDA:177,10,0,0
BRDA:177,10,1,0
BRDA:177,10,2,0
BRDA:177,10,3,0
BRDA:226,11,0,0
BRDA:226,11,1,0
BRDA:227,12,0,0
BRDA:227,12,1,0
BRDA:228,13,0,0
BRDA:228,13,1,0
BRDA:229,14,0,0
BRDA:229,14,1,0
BRDA:230,15,0,0
BRDA:230,15,1,0
BRDA:260,16,0,0
BRDA:260,16,1,0
BRDA:272,17,0,0
BRDA:272,17,1,0
BRDA:293,18,0,0
BRDA:293,18,1,0
BRDA:306,19,0,0
BRDA:306,19,1,0
BRDA:307,20,0,0
BRDA:307,20,1,0
BRDA:313,21,0,0
BRDA:313,21,1,0
BRDA:316,22,0,0
BRDA:316,22,1,0
BRDA:322,23,0,0
BRDA:322,23,1,0
BRDA:334,24,0,0
BRDA:334,24,1,0
BRDA:335,25,0,0
BRDA:335,25,1,0
BRDA:345,26,0,0
BRDA:345,26,1,0
BRDA:361,27,0,0
BRDA:361,27,1,0
BRDA:382,28,0,0
BRDA:382,28,1,0
BRDA:395,29,0,0
BRDA:395,29,1,0
BRDA:395,30,0,0
BRDA:395,30,1,0
BRDA:419,31,0,0
BRDA:419,31,1,0
BRDA:419,32,0,0
BRDA:419,32,1,0
BRDA:430,33,0,0
BRDA:430,33,1,0
BRDA:450,34,0,0
BRDA:450,34,1,0
BRDA:450,34,2,0
BRDA:450,34,3,0
BRDA:452,35,0,0
BRDA:452,35,1,0
BRDA:453,36,0,0
BRDA:453,36,1,0
BRDA:458,37,0,0
BRDA:458,37,1,0
BRDA:459,38,0,0
BRDA:459,38,1,0
BRDA:460,39,0,0
BRDA:460,39,1,0
BRDA:470,40,0,0
BRDA:470,40,1,0
BRDA:471,41,0,0
BRDA:471,41,1,0
BRDA:472,42,0,0
BRDA:472,42,1,0
BRDA:490,43,0,0
BRDA:490,43,1,0
BRDA:490,43,2,0
BRDA:490,43,3,0
BRDA:492,44,0,0
BRDA:492,44,1,0
BRDA:493,45,0,0
BRDA:493,45,1,0
BRDA:501,46,0,0
BRDA:501,46,1,0
BRDA:502,47,0,0
BRDA:502,47,1,0
BRDA:503,48,0,0
BRDA:503,48,1,0
BRDA:513,49,0,0
BRDA:513,49,1,0
BRDA:514,50,0,0
BRDA:514,50,1,0
BRDA:515,51,0,0
BRDA:515,51,1,0
BRDA:542,52,0,0
BRDA:542,52,1,0
BRDA:554,53,0,0
BRDA:554,53,1,0
BRDA:554,54,0,0
BRDA:554,54,1,0
BRDA:586,55,0,0
BRDA:586,55,1,0
BRF:117
BRH:0
end_of_record
TN:
SF:features/calendar/hooks/useCalendarMemo.ts
FN:17,(anonymous_0)
FN:19,(anonymous_1)
FN:30,(anonymous_2)
FN:31,(anonymous_3)
FN:44,(anonymous_4)
FN:46,(anonymous_5)
FN:62,(anonymous_6)
FN:67,(anonymous_7)
FN:68,(anonymous_8)
FN:75,(anonymous_9)
FN:108,(anonymous_10)
FN:148,(anonymous_11)
FN:153,(anonymous_12)
FN:192,(anonymous_13)
FN:197,(anonymous_14)
FN:223,(anonymous_15)
FN:225,(anonymous_16)
FN:230,(anonymous_17)
FN:231,(anonymous_18)
FN:234,(anonymous_19)
FN:236,(anonymous_20)
FN:241,(anonymous_21)
FN:243,(anonymous_22)
FN:248,(anonymous_23)
FN:254,(anonymous_24)
FN:262,(anonymous_25)
FN:263,(anonymous_26)
FN:266,(anonymous_27)
FN:272,(anonymous_28)
FN:273,(anonymous_29)
FN:286,(anonymous_30)
FN:291,(anonymous_31)
FN:297,(anonymous_32)
FN:303,(anonymous_33)
FN:304,(anonymous_34)
FN:313,(anonymous_35)
FN:321,(anonymous_36)
FN:327,(anonymous_37)
FN:330,(anonymous_38)
FN:344,(anonymous_39)
FN:347,(anonymous_40)
FN:356,(anonymous_41)
FNF:42
FNH:0
FNDA:0,(anonymous_0)
FNDA:0,(anonymous_1)
FNDA:0,(anonymous_2)
FNDA:0,(anonymous_3)
FNDA:0,(anonymous_4)
FNDA:0,(anonymous_5)
FNDA:0,(anonymous_6)
FNDA:0,(anonymous_7)
FNDA:0,(anonymous_8)
FNDA:0,(anonymous_9)
FNDA:0,(anonymous_10)
FNDA:0,(anonymous_11)
FNDA:0,(anonymous_12)
FNDA:0,(anonymous_13)
FNDA:0,(anonymous_14)
FNDA:0,(anonymous_15)
FNDA:0,(anonymous_16)
FNDA:0,(anonymous_17)
FNDA:0,(anonymous_18)
FNDA:0,(anonymous_19)
FNDA:0,(anonymous_20)
FNDA:0,(anonymous_21)
FNDA:0,(anonymous_22)
FNDA:0,(anonymous_23)
FNDA:0,(anonymous_24)
FNDA:0,(anonymous_25)
FNDA:0,(anonymous_26)
FNDA:0,(anonymous_27)
FNDA:0,(anonymous_28)
FNDA:0,(anonymous_29)
FNDA:0,(anonymous_30)
FNDA:0,(anonymous_31)
FNDA:0,(anonymous_32)
FNDA:0,(anonymous_33)
FNDA:0,(anonymous_34)
FNDA:0,(anonymous_35)
FNDA:0,(anonymous_36)
FNDA:0,(anonymous_37)
FNDA:0,(anonymous_38)
FNDA:0,(anonymous_39)
FNDA:0,(anonymous_40)
FNDA:0,(anonymous_41)
DA:17,0
DA:18,0
DA:19,0
DA:21,0
DA:22,0
DA:23,0
DA:24,0
DA:30,0
DA:31,0
DA:42,0
DA:44,0
DA:45,0
DA:46,0
DA:47,0
DA:62,0
DA:63,0
DA:67,0
DA:68,0
DA:75,0
DA:76,0
DA:78,0
DA:79,0
DA:80,0
DA:81,0
DA:84,0
DA:85,0
DA:88,0
DA:89,0
DA:90,0
DA:91,0
DA:92,0
DA:94,0
DA:95,0
DA:96,0
DA:97,0
DA:101,0
DA:108,0
DA:109,0
DA:110,0
DA:111,0
DA:114,0
DA:115,0
DA:116,0
DA:119,0
DA:121,0
DA:126,0
DA:129,0
DA:133,0
DA:140,0
DA:141,0
DA:142,0
DA:144,0
DA:148,0
DA:149,0
DA:150,0
DA:151,0
DA:153,0
DA:154,0
DA:155,0
DA:159,0
DA:160,0
DA:162,0
DA:166,0
DA:167,0
DA:168,0
DA:173,0
DA:175,0
DA:179,0
DA:184,0
DA:185,0
DA:186,0
DA:188,0
DA:192,0
DA:193,0
DA:194,0
DA:195,0
DA:197,0
DA:198,0
DA:199,0
DA:202,0
DA:203,0
DA:205,0
DA:211,0
DA:212,0
DA:213,0
DA:215,0
DA:223,0
DA:224,0
DA:225,0
DA:226,0
DA:230,0
DA:231,0
DA:234,0
DA:235,0
DA:236,0
DA:237,0
DA:241,0
DA:242,0
DA:243,0
DA:244,0
DA:247,0
DA:248,0
DA:251,0
DA:254,0
DA:255,0
DA:256,0
DA:257,0
DA:259,0
DA:262,0
DA:264,0
DA:267,0
DA:272,0
DA:273,0
DA:274,0
DA:277,0
DA:278,0
DA:283,0
DA:286,0
DA:288,0
DA:291,0
DA:292,0
DA:293,0
DA:296,0
DA:297,0
DA:298,0
DA:303,0
DA:304,0
DA:305,0
DA:313,0
DA:314,0
DA:321,0
DA:322,0
DA:323,0
DA:324,0
DA:326,0
DA:327,0
DA:330,0
DA:331,0
DA:332,0
DA:336,0
DA:337,0
DA:338,0
DA:340,0
DA:344,0
DA:345,0
DA:346,0
DA:347,0
DA:356,0
DA:358,0
DA:366,0
LF:150
LH:0
BRDA:31,0,0,0
BRDA:31,0,1,0
BRDA:36,1,0,0
BRDA:36,1,1,0
BRDA:38,2,0,0
BRDA:38,2,1,0
BRDA:39,3,0,0
BRDA:39,3,1,0
BRDA:44,4,0,0
BRDA:44,4,1,0
BRDA:45,5,0,0
BRDA:45,5,1,0
BRDA:45,6,0,0
BRDA:45,6,1,0
BRDA:52,7,0,0
BRDA:52,7,1,0
BRDA:53,8,0,0
BRDA:53,8,1,0
BRDA:53,8,2,0
BRDA:55,9,0,0
BRDA:55,9,1,0
BRDA:56,10,0,0
BRDA:56,10,1,0
BRDA:78,11,0,0
BRDA:78,11,1,0
BRDA:78,12,0,0
BRDA:78,12,1,0
BRDA:80,13,0,0
BRDA:80,13,1,0
BRDA:84,14,0,0
BRDA:84,14,1,0
BRDA:94,15,0,0
BRDA:94,15,1,0
BRDA:96,16,0,0
BRDA:96,16,1,0
BRDA:115,17,0,0
BRDA:115,17,1,0
BRDA:116,18,0,0
BRDA:116,18,1,0
BRDA:116,18,2,0
BRDA:119,19,0,0
BRDA:119,19,1,0
BRDA:140,20,0,0
BRDA:140,20,1,0
BRDA:154,21,0,0
BRDA:154,21,1,0
BRDA:159,22,0,0
BRDA:159,22,1,0
BRDA:166,23,0,0
BRDA:166,23,1,0
BRDA:166,24,0,0
BRDA:166,24,1,0
BRDA:167,25,0,0
BRDA:167,25,1,0
BRDA:170,26,0,0
BRDA:170,26,1,0
BRDA:177,27,0,0
BRDA:177,27,1,0
BRDA:184,28,0,0
BRDA:184,28,1,0
BRDA:198,29,0,0
BRDA:198,29,1,0
BRDA:202,30,0,0
BRDA:202,30,1,0
BRDA:211,31,0,0
BRDA:211,31,1,0
BRDA:244,32,0,0
BRDA:244,32,1,0
BRDA:247,33,0,0
BRDA:247,33,1,0
BRDA:264,34,0,0
BRDA:264,34,1,0
BRDA:274,35,0,0
BRDA:274,35,1,0
BRDA:277,36,0,0
BRDA:277,36,1,0
BRDA:278,37,0,0
BRDA:278,37,1,0
BRDA:292,38,0,0
BRDA:292,38,1,0
BRDA:292,39,0,0
BRDA:292,39,1,0
BRDA:298,40,0,0
BRDA:298,40,1,0
BRDA:305,41,0,0
BRDA:305,41,1,0
BRDA:331,42,0,0
BRDA:331,42,1,0
BRDA:336,43,0,0
BRDA:336,43,1,0
BRDA:344,44,0,0
BRDA:345,45,0,0
BRDA:345,45,1,0
BRDA:352,46,0,0
BRDA:352,46,1,0
BRF:95
BRH:0
end_of_record
TN:
SF:features/calendar/hooks/useProjectSchedule.ts
FN:18,(anonymous_0)
FN:20,(anonymous_1)
FN:30,(anonymous_2)
FN:31,(anonymous_3)
FN:109,(anonymous_4)
FN:122,(anonymous_5)
FN:126,(anonymous_6)
FN:133,(anonymous_7)
FN:137,(anonymous_8)
FN:159,(anonymous_9)
FN:160,(anonymous_10)
FN:164,(anonymous_11)
FN:165,(anonymous_12)
FN:169,(anonymous_13)
FN:176,(anonymous_14)
FN:177,(anonymous_15)
FN:180,(anonymous_16)
FN:183,(anonymous_17)
FN:194,(anonymous_18)
FN:195,(anonymous_19)
FN:203,(anonymous_20)
FN:206,(anonymous_21)
FN:215,(anonymous_22)
FN:216,(anonymous_23)
FN:224,(anonymous_24)
FN:227,(anonymous_25)
FN:233,(anonymous_26)
FN:263,(anonymous_27)
FN:269,(anonymous_28)
FN:285,(anonymous_29)
FN:295,(anonymous_30)
FN:329,(anonymous_31)
FNF:32
FNH:0
FNDA:0,(anonymous_0)
FNDA:0,(anonymous_1)
FNDA:0,(anonymous_2)
FNDA:0,(anonymous_3)
FNDA:0,(anonymous_4)
FNDA:0,(anonymous_5)
FNDA:0,(anonymous_6)
FNDA:0,(anonymous_7)
FNDA:0,(anonymous_8)
FNDA:0,(anonymous_9)
FNDA:0,(anonymous_10)
FNDA:0,(anonymous_11)
FNDA:0,(anonymous_12)
FNDA:0,(anonymous_13)
FNDA:0,(anonymous_14)
FNDA:0,(anonymous_15)
FNDA:0,(anonymous_16)
FNDA:0,(anonymous_17)
FNDA:0,(anonymous_18)
FNDA:0,(anonymous_19)
FNDA:0,(anonymous_20)
FNDA:0,(anonymous_21)
FNDA:0,(anonymous_22)
FNDA:0,(anonymous_23)
FNDA:0,(anonymous_24)
FNDA:0,(anonymous_25)
FNDA:0,(anonymous_26)
FNDA:0,(anonymous_27)
FNDA:0,(anonymous_28)
FNDA:0,(anonymous_29)
FNDA:0,(anonymous_30)
FNDA:0,(anonymous_31)
DA:18,0
DA:19,0
DA:20,0
DA:22,0
DA:23,0
DA:24,0
DA:30,0
DA:31,0
DA:109,0
DA:122,0
DA:123,0
DA:124,0
DA:126,0
DA:133,0
DA:134,0
DA:137,0
DA:138,0
DA:139,0
DA:140,0
DA:142,0
DA:148,0
DA:149,0
DA:151,0
DA:159,0
DA:160,0
DA:161,0
DA:164,0
DA:165,0
DA:166,0
DA:168,0
DA:169,0
DA:170,0
DA:173,0
DA:176,0
DA:177,0
DA:180,0
DA:183,0
DA:184,0
DA:185,0
DA:186,0
DA:192,0
DA:194,0
DA:195,0
DA:196,0
DA:197,0
DA:198,0
DA:203,0
DA:206,0
DA:207,0
DA:213,0
DA:215,0
DA:216,0
DA:217,0
DA:218,0
DA:219,0
DA:224,0
DA:227,0
DA:230,0
DA:233,0
DA:234,0
DA:236,0
DA:237,0
DA:240,0
DA:241,0
DA:244,0
DA:245,0
DA:249,0
DA:250,0
DA:252,0
DA:253,0
DA:256,0
DA:263,0
DA:269,0
DA:270,0
DA:273,0
DA:274,0
DA:278,0
DA:279,0
DA:282,0
DA:285,0
DA:291,0
DA:292,0
DA:293,0
DA:295,0
DA:296,0
DA:298,0
DA:299,0
DA:302,0
DA:305,0
DA:306,0
DA:307,0
DA:310,0
DA:318,0
DA:319,0
DA:321,0
DA:329,0
DA:330,0
DA:337,0
LF:98
LH:0
BRDA:31,0,0,0
BRDA:31,0,1,0
BRDA:40,1,0,0
BRDA:40,1,1,0
BRDA:41,2,0,0
BRDA:41,2,1,0
BRDA:49,3,0,0
BRDA:49,3,1,0
BRDA:50,4,0,0
BRDA:50,4,1,0
BRDA:58,5,0,0
BRDA:58,5,1,0
BRDA:59,6,0,0
BRDA:59,6,1,0
BRDA:67,7,0,0
BRDA:67,7,1,0
BRDA:68,8,0,0
BRDA:68,8,1,0
BRDA:76,9,0,0
BRDA:76,9,1,0
BRDA:77,10,0,0
BRDA:77,10,1,0
BRDA:85,11,0,0
BRDA:85,11,1,0
BRDA:86,12,0,0
BRDA:86,12,1,0
BRDA:94,13,0,0
BRDA:94,13,1,0
BRDA:95,14,0,0
BRDA:95,14,1,0
BRDA:103,15,0,0
BRDA:103,15,1,0
BRDA:104,16,0,0
BRDA:104,16,1,0
BRDA:109,17,0,0
BRDA:109,17,1,0
BRDA:117,18,0,0
BRDA:117,18,1,0
BRDA:118,19,0,0
BRDA:118,19,1,0
BRDA:123,20,0,0
BRDA:123,20,1,0
BRDA:148,21,0,0
BRDA:148,21,1,0
BRDA:161,22,0,0
BRDA:161,22,1,0
BRDA:166,23,0,0
BRDA:166,23,1,0
BRDA:170,24,0,0
BRDA:170,24,1,0
BRDA:170,24,2,0
BRDA:180,25,0,0
BRDA:180,25,1,0
BRDA:183,26,0,0
BRDA:196,27,0,0
BRDA:196,27,1,0
BRDA:196,28,0,0
BRDA:196,28,1,0
BRDA:196,28,2,0
BRDA:217,29,0,0
BRDA:217,29,1,0
BRDA:217,30,0,0
BRDA:217,30,1,0
BRDA:236,31,0,0
BRDA:236,31,1,0
BRDA:240,32,0,0
BRDA:240,32,1,0
BRDA:244,33,0,0
BRDA:244,33,1,0
BRDA:244,34,0,0
BRDA:244,34,1,0
BRDA:244,34,2,0
BRDA:252,35,0,0
BRDA:252,35,1,0
BRDA:252,36,0,0
BRDA:252,36,1,0
BRDA:270,37,0,0
BRDA:270,37,1,0
BRDA:273,38,0,0
BRDA:273,38,1,0
BRDA:273,39,0,0
BRDA:273,39,1,0
BRDA:278,40,0,0
BRDA:278,40,1,0
BRDA:298,41,0,0
BRDA:298,41,1,0
BRDA:305,42,0,0
BRDA:305,42,1,0
BRDA:305,43,0,0
BRDA:305,43,1,0
BRDA:318,44,0,0
BRDA:318,44,1,0
BRF:92
BRH:0
end_of_record
TN:
SF:features/dashboard/hooks/useDashboard.ts
FN:33,(anonymous_0)
FN:34,(anonymous_1)
FN:61,(anonymous_2)
FN:66,(anonymous_3)
FN:81,(anonymous_4)
FN:85,(anonymous_5)
FN:98,(anonymous_6)
FN:109,(anonymous_7)
FN:120,(anonymous_8)
FNF:9
FNH:0
FNDA:0,(anonymous_0)
FNDA:0,(anonymous_1)
FNDA:0,(anonymous_2)
FNDA:0,(anonymous_3)
FNDA:0,(anonymous_4)
FNDA:0,(anonymous_5)
FNDA:0,(anonymous_6)
FNDA:0,(anonymous_7)
FNDA:0,(anonymous_8)
DA:33,0
DA:34,0
DA:37,0
DA:61,0
DA:62,0
DA:63,0
DA:64,0
DA:66,0
DA:67,0
DA:68,0
DA:69,0
DA:71,0
DA:72,0
DA:74,0
DA:75,0
DA:77,0
DA:81,0
DA:82,0
DA:85,0
DA:86,0
DA:89,0
DA:98,0
DA:99,0
DA:101,0
DA:109,0
DA:110,0
DA:112,0
DA:120,0
DA:121,0
DA:123,0
LF:30
LH:0
BRDA:74,0,0,0
BRDA:74,0,1,0
BRF:2
BRH:0
end_of_record
TN:
SF:features/feedback/api/feedbackApi.ts
FN:29,getCookieValue
FN:39,clearAuthAndRedirect
FN:52,createFeedbackError
FN:89,isAuthenticated
FN:108,getFeedbackProject
FN:130,createFeedback
FN:153,deleteFeedback
FN:164,uploadFeedbackVideo
FN:196,deleteFeedbackVideo
FN:207,getAllFeedbacks
FN:219,getUserFeedbacks
FN:225,(anonymous_11)
FN:253,(anonymous_12)
FN:261,(anonymous_13)
FN:282,(anonymous_14)
FN:289,(anonymous_15)
FN:301,(anonymous_16)
FN:307,(anonymous_17)
FN:316,(anonymous_18)
FN:326,(anonymous_19)
FN:340,(anonymous_20)
FN:360,(anonymous_21)
FN:378,(anonymous_22)
FN:385,(anonymous_23)
FN:396,(anonymous_24)
FN:405,(anonymous_25)
FN:414,(anonymous_26)
FN:415,(anonymous_27)
FN:425,createWebSocketUrl
FN:432,createWebSocketConnection
FN:450,(anonymous_30)
FN:451,(anonymous_31)
FN:467,(anonymous_32)
FN:468,(anonymous_33)
FN:469,(anonymous_34)
FN:478,isFeedback
FN:495,isFeedbackProject
FN:511,isApiResponse
FN:525,isValidVideoFile
FN:540,isValidFileSize
FN:548,isValidTimestamp
FN:556,timestampToSeconds
FN:573,secondsToTimestamp
FN:588,getUserPermissions
FN:600,(anonymous_44)
FN:616,translateErrorMessage
FN:634,formatFileSize
FNF:47
FNH:1
FNDA:0,getCookieValue
FNDA:0,clearAuthAndRedirect
FNDA:0,createFeedbackError
FNDA:0,isAuthenticated
FNDA:0,getFeedbackProject
FNDA:0,createFeedback
FNDA:0,deleteFeedback
FNDA:0,uploadFeedbackVideo
FNDA:0,deleteFeedbackVideo
FNDA:0,getAllFeedbacks
FNDA:0,getUserFeedbacks
FNDA:0,(anonymous_11)
FNDA:0,(anonymous_12)
FNDA:0,(anonymous_13)
FNDA:0,(anonymous_14)
FNDA:0,(anonymous_15)
FNDA:0,(anonymous_16)
FNDA:0,(anonymous_17)
FNDA:0,(anonymous_18)
FNDA:0,(anonymous_19)
FNDA:0,(anonymous_20)
FNDA:0,(anonymous_21)
FNDA:0,(anonymous_22)
FNDA:0,(anonymous_23)
FNDA:0,(anonymous_24)
FNDA:0,(anonymous_25)
FNDA:0,(anonymous_26)
FNDA:0,(anonymous_27)
FNDA:0,createWebSocketUrl
FNDA:0,createWebSocketConnection
FNDA:0,(anonymous_30)
FNDA:0,(anonymous_31)
FNDA:0,(anonymous_32)
FNDA:0,(anonymous_33)
FNDA:0,(anonymous_34)
FNDA:0,isFeedback
FNDA:0,isFeedbackProject
FNDA:0,isApiResponse
FNDA:0,isValidVideoFile
FNDA:0,isValidFileSize
FNDA:47,isValidTimestamp
FNDA:0,timestampToSeconds
FNDA:0,secondsToTimestamp
FNDA:0,getUserPermissions
FNDA:0,(anonymous_44)
FNDA:0,translateErrorMessage
FNDA:0,formatFileSize
DA:30,0
DA:31,0
DA:32,0
DA:33,0
DA:34,0
DA:36,0
DA:40,0
DA:41,0
DA:42,0
DA:43,0
DA:44,0
DA:46,0
DA:47,0
DA:54,0
DA:56,0
DA:57,0
DA:58,0
DA:59,0
DA:60,0
DA:61,0
DA:62,0
DA:63,0
DA:64,0
DA:65,0
DA:69,0
DA:80,0
DA:81,0
DA:82,0
DA:83,0
DA:85,0
DA:90,0
DA:92,0
DA:93,0
DA:95,0
DA:96,0
DA:97,0
DA:99,0
DA:110,0
DA:111,0
DA:115,0
DA:116,0
DA:117,0
DA:118,0
DA:121,0
DA:123,0
DA:134,0
DA:135,0
DA:140,0
DA:141,0
DA:144,0
DA:146,0
DA:154,0
DA:155,0
DA:157,0
DA:169,0
DA:170,0
DA:171,0
DA:173,0
DA:181,0
DA:187,0
DA:189,0
DA:197,0
DA:198,0
DA:200,0
DA:208,0
DA:209,0
DA:210,0
DA:212,0
DA:223,0
DA:224,0
DA:225,0
DA:227,0
DA:245,4
DA:246,0
DA:247,0
DA:248,0
DA:249,0
DA:250,0
DA:251,0
DA:265,0
DA:266,0
DA:269,0
DA:272,0
DA:273,0
DA:276,0
DA:283,0
DA:290,0
DA:291,0
DA:292,0
DA:295,0
DA:296,0
DA:298,0
DA:299,0
DA:301,0
DA:302,0
DA:303,0
DA:304,0
DA:307,0
DA:308,0
DA:309,0
DA:310,0
DA:312,0
DA:316,0
DA:317,0
DA:318,0
DA:321,0
DA:322,0
DA:326,0
DA:327,0
DA:328,0
DA:332,0
DA:333,0
DA:341,0
DA:343,0
DA:344,0
DA:345,0
DA:348,0
DA:349,0
DA:350,0
DA:354,0
DA:361,0
DA:362,0
DA:363,0
DA:364,0
DA:366,0
DA:367,0
DA:371,0
DA:372,0
DA:379,0
DA:386,0
DA:387,0
DA:388,0
DA:391,0
DA:392,0
DA:394,0
DA:396,0
DA:397,0
DA:398,0
DA:408,0
DA:415,0
DA:416,0
DA:418,0
DA:426,0
DA:439,0
DA:440,0
DA:441,0
DA:442,0
DA:443,0
DA:445,0
DA:446,0
DA:449,0
DA:450,0
DA:451,0
DA:469,0
DA:479,0
DA:496,0
DA:512,0
DA:526,0
DA:534,0
DA:541,0
DA:542,0
DA:549,47
DA:550,47
DA:557,0
DA:559,0
DA:561,0
DA:562,0
DA:564,0
DA:567,0
DA:574,0
DA:575,0
DA:576,0
DA:578,0
DA:579,0
DA:581,0
DA:599,0
DA:600,0
DA:601,0
DA:603,0
DA:617,0
DA:628,0
DA:635,0
DA:637,0
DA:638,0
DA:639,0
DA:641,0
DA:645,4
LF:187
LH:4
BRDA:30,0,0,0
BRDA:30,0,1,0
BRDA:33,1,0,0
BRDA:33,1,1,0
BRDA:34,2,0,0
BRDA:34,2,1,0
BRDA:40,3,0,0
BRDA:40,3,1,0
BRDA:56,4,0,0
BRDA:56,4,1,0
BRDA:58,5,0,0
BRDA:58,5,1,0
BRDA:60,6,0,0
BRDA:60,6,1,0
BRDA:62,7,0,0
BRDA:62,7,1,0
BRDA:64,8,0,0
BRDA:64,8,1,0
BRDA:64,9,0,0
BRDA:64,9,1,0
BRDA:70,10,0,0
BRDA:70,10,1,0
BRDA:90,11,0,0
BRDA:90,11,1,0
BRDA:93,12,0,0
BRDA:93,12,1,0
BRDA:97,13,0,0
BRDA:97,13,1,0
BRDA:97,13,2,0
BRDA:115,14,0,0
BRDA:115,14,1,0
BRDA:117,15,0,0
BRDA:117,15,1,0
BRDA:140,16,0,0
BRDA:140,16,1,0
BRDA:177,17,0,0
BRDA:177,17,1,0
BRDA:210,18,0,0
BRDA:210,18,1,0
BRDA:225,19,0,0
BRDA:225,19,1,0
BRDA:255,20,0,0
BRDA:265,21,0,0
BRDA:265,21,1,0
BRDA:272,22,0,0
BRDA:272,22,1,0
BRDA:290,23,0,0
BRDA:290,23,1,0
BRDA:290,24,0,0
BRDA:290,24,1,0
BRDA:321,25,0,0
BRDA:321,25,1,0
BRDA:321,26,0,0
BRDA:321,26,1,0
BRDA:343,27,0,0
BRDA:343,27,1,0
BRDA:348,28,0,0
BRDA:348,28,1,0
BRDA:361,29,0,0
BRDA:361,29,1,0
BRDA:361,30,0,0
BRDA:361,30,1,0
BRDA:379,31,0,0
BRDA:379,31,1,0
BRDA:386,32,0,0
BRDA:386,32,1,0
BRDA:408,33,0,0
BRDA:408,33,1,0
BRDA:440,34,0,0
BRDA:440,34,1,0
BRDA:441,35,0,0
BRDA:441,35,1,0
BRDA:442,36,0,0
BRDA:442,36,1,0
BRDA:443,37,0,0
BRDA:443,37,1,0
BRDA:452,38,0,0
BRDA:452,38,1,0
BRDA:480,39,0,0
BRDA:480,39,1,0
BRDA:480,39,2,0
BRDA:480,39,3,0
BRDA:480,39,4,0
BRDA:480,39,5,0
BRDA:480,39,6,0
BRDA:480,39,7,0
BRDA:480,39,8,0
BRDA:480,39,9,0
BRDA:497,40,0,0
BRDA:497,40,1,0
BRDA:497,40,2,0
BRDA:497,40,3,0
BRDA:497,40,4,0
BRDA:497,40,5,0
BRDA:497,40,6,0
BRDA:497,40,7,0
BRDA:513,41,0,0
BRDA:513,41,1,0
BRDA:513,41,2,0
BRDA:513,41,3,0
BRDA:540,42,0,0
BRDA:559,43,0,0
BRDA:559,43,1,0
BRDA:559,44,0,0
BRDA:559,44,1,0
BRDA:559,44,2,0
BRDA:562,45,0,0
BRDA:562,45,1,0
BRDA:562,46,0,0
BRDA:562,46,1,0
BRDA:562,46,2,0
BRDA:562,46,3,0
BRDA:578,47,0,0
BRDA:578,47,1,0
BRDA:601,48,0,0
BRDA:601,48,1,0
BRDA:628,49,0,0
BRDA:628,49,1,0
BRDA:628,49,2,0
BRDA:635,50,0,0
BRDA:635,50,1,0
BRF:121
BRH:0
end_of_record
TN:
SF:features/feedback/components/AnonymousFeedback.tsx
FN:37,(anonymous_0)
FN:66,(anonymous_1)
FN:104,(anonymous_2)
FN:109,(anonymous_3)
FN:113,(anonymous_4)
FN:117,(anonymous_5)
FN:127,(anonymous_6)
FN:134,(anonymous_7)
FN:139,(anonymous_8)
FN:154,(anonymous_9)
FN:170,(anonymous_10)
FN:205,(anonymous_11)
FN:233,(anonymous_12)
FN:257,(anonymous_13)
FN:270,(anonymous_14)
FN:278,(anonymous_15)
FN:298,(anonymous_16)
FN:308,(anonymous_17)
FN:328,(anonymous_18)
FN:359,(anonymous_19)
FN:398,(anonymous_20)
FN:454,(anonymous_21)
FN:471,(anonymous_22)
FN:483,(anonymous_23)
FNF:24
FNH:0
FNDA:0,(anonymous_0)
FNDA:0,(anonymous_1)
FNDA:0,(anonymous_2)
FNDA:0,(anonymous_3)
FNDA:0,(anonymous_4)
FNDA:0,(anonymous_5)
FNDA:0,(anonymous_6)
FNDA:0,(anonymous_7)
FNDA:0,(anonymous_8)
FNDA:0,(anonymous_9)
FNDA:0,(anonymous_10)
FNDA:0,(anonymous_11)
FNDA:0,(anonymous_12)
FNDA:0,(anonymous_13)
FNDA:0,(anonymous_14)
FNDA:0,(anonymous_15)
FNDA:0,(anonymous_16)
FNDA:0,(anonymous_17)
FNDA:0,(anonymous_18)
FNDA:0,(anonymous_19)
FNDA:0,(anonymous_20)
FNDA:0,(anonymous_21)
FNDA:0,(anonymous_22)
FNDA:0,(anonymous_23)
DA:37,0
DA:47,0
DA:55,0
DA:56,0
DA:57,0
DA:58,0
DA:59,0
DA:60,0
DA:62,0
DA:63,0
DA:66,0
DA:67,0
DA:72,0
DA:98,0
DA:100,0
DA:104,0
DA:105,0
DA:109,0
DA:113,0
DA:116,0
DA:117,0
DA:121,0
DA:122,0
DA:127,0
DA:128,0
DA:129,0
DA:130,0
DA:131,0
DA:134,0
DA:139,0
DA:140,0
DA:142,0
DA:143,0
DA:144,0
DA:146,0
DA:147,0
DA:149,0
DA:154,0
DA:155,0
DA:157,0
DA:158,0
DA:160,0
DA:162,0
DA:163,0
DA:164,0
DA:166,0
DA:170,0
DA:171,0
DA:174,0
DA:175,0
DA:176,0
DA:177,0
DA:178,0
DA:179,0
DA:180,0
DA:185,0
DA:186,0
DA:187,0
DA:188,0
DA:192,0
DA:193,0
DA:194,0
DA:195,0
DA:196,0
DA:197,0
DA:200,0
DA:201,0
DA:205,0
DA:206,0
DA:208,0
DA:209,0
DA:210,0
DA:211,0
DA:212,0
DA:213,0
DA:215,0
DA:218,0
DA:219,0
DA:220,0
DA:223,0
DA:233,0
DA:236,0
DA:243,0
DA:251,0
DA:254,0
DA:257,0
DA:260,0
DA:261,0
DA:265,0
DA:270,0
DA:271,0
DA:272,0
DA:273,0
DA:278,0
DA:279,0
DA:280,0
DA:284,0
DA:298,0
DA:308,0
DA:328,0
DA:359,0
DA:398,0
DA:454,0
DA:472,0
DA:483,0
DA:514,0
LF:106
LH:0
BRDA:40,0,0,0
BRDA:43,1,0,0
BRDA:44,2,0,0
BRDA:116,3,0,0
BRDA:116,3,1,0
BRDA:121,4,0,0
BRDA:121,4,1,0
BRDA:128,5,0,0
BRDA:128,5,1,0
BRDA:140,6,0,0
BRDA:140,6,1,0
BRDA:140,7,0,0
BRDA:140,7,1,0
BRDA:146,8,0,0
BRDA:146,8,1,0
BRDA:155,9,0,0
BRDA:155,9,1,0
BRDA:160,10,0,0
BRDA:160,10,1,0
BRDA:162,11,0,0
BRDA:162,11,1,0
BRDA:163,12,0,0
BRDA:163,12,1,0
BRDA:164,13,0,0
BRDA:164,13,1,0
BRDA:166,14,0,0
BRDA:166,14,1,0
BRDA:174,15,0,0
BRDA:174,15,1,0
BRDA:174,16,0,0
BRDA:174,16,1,0
BRDA:175,17,0,0
BRDA:175,17,1,0
BRDA:177,18,0,0
BRDA:177,18,1,0
BRDA:179,19,0,0
BRDA:179,19,1,0
BRDA:185,20,0,0
BRDA:185,20,1,0
BRDA:187,21,0,0
BRDA:187,21,1,0
BRDA:192,22,0,0
BRDA:192,22,1,0
BRDA:194,23,0,0
BRDA:194,23,1,0
BRDA:196,24,0,0
BRDA:196,24,1,0
BRDA:206,25,0,0
BRDA:206,25,1,0
BRDA:208,26,0,0
BRDA:208,26,1,0
BRDA:208,27,0,0
BRDA:208,27,1,0
BRDA:210,28,0,0
BRDA:210,28,1,0
BRDA:210,29,0,0
BRDA:210,29,1,0
BRDA:212,30,0,0
BRDA:212,30,1,0
BRDA:212,31,0,0
BRDA:212,31,1,0
BRDA:237,32,0,0
BRDA:237,32,1,0
BRDA:262,33,0,0
BRDA:262,33,1,0
BRDA:271,34,0,0
BRDA:271,34,1,0
BRDA:271,35,0,0
BRDA:271,35,1,0
BRDA:271,35,2,0
BRDA:279,36,0,0
BRDA:279,36,1,0
BRDA:289,37,0,0
BRDA:289,37,1,0
BRDA:289,37,2,0
BRDA:317,38,0,0
BRDA:317,38,1,0
BRDA:317,38,2,0
BRDA:330,39,0,0
BRDA:330,39,1,0
BRDA:332,40,0,0
BRDA:332,40,1,0
BRDA:337,41,0,0
BRDA:337,41,1,0
BRDA:361,42,0,0
BRDA:361,42,1,0
BRDA:361,43,0,0
BRDA:361,43,1,0
BRDA:363,44,0,0
BRDA:363,44,1,0
BRDA:368,45,0,0
BRDA:368,45,1,0
BRDA:373,46,0,0
BRDA:373,46,1,0
BRDA:379,47,0,0
BRDA:379,47,1,0
BRDA:400,48,0,0
BRDA:400,48,1,0
BRDA:403,49,0,0
BRDA:403,49,1,0
BRDA:410,50,0,0
BRDA:410,50,1,0
BRDA:419,51,0,0
BRDA:419,51,1,0
BRDA:431,52,0,0
BRDA:431,52,1,0
BRDA:434,53,0,0
BRDA:434,53,1,0
BRDA:456,54,0,0
BRDA:456,54,1,0
BRDA:458,55,0,0
BRDA:458,55,1,0
BRDA:462,56,0,0
BRDA:462,56,1,0
BRDA:464,57,0,0
BRDA:464,57,1,0
BRDA:475,58,0,0
BRDA:475,58,1,0
BRDA:478,59,0,0
BRDA:478,59,1,0
BRDA:506,60,0,0
BRDA:506,60,1,0
BRDA:507,61,0,0
BRDA:507,61,1,0
BRDA:508,62,0,0
BRDA:508,62,1,0
BRF:126
BRH:0
end_of_record
TN:
SF:features/feedback/components/EnhancedFeedbackInput.tsx
FN:26,(anonymous_0)
FN:51,(anonymous_1)
FN:63,(anonymous_2)
FN:95,(anonymous_3)
FN:110,(anonymous_4)
FN:117,(anonymous_5)
FN:122,(anonymous_6)
FN:139,(anonymous_7)
FN:143,(anonymous_8)
FN:151,(anonymous_9)
FN:165,(anonymous_10)
FN:171,(anonymous_11)
FN:179,(anonymous_12)
FN:186,(anonymous_13)
FN:192,(anonymous_14)
FN:200,(anonymous_15)
FN:214,(anonymous_16)
FN:293,(anonymous_17)
FN:331,(anonymous_18)
FN:335,(anonymous_19)
FN:371,(anonymous_20)
FNF:21
FNH:0
FNDA:0,(anonymous_0)
FNDA:0,(anonymous_1)
FNDA:0,(anonymous_2)
FNDA:0,(anonymous_3)
FNDA:0,(anonymous_4)
FNDA:0,(anonymous_5)
FNDA:0,(anonymous_6)
FNDA:0,(anonymous_7)
FNDA:0,(anonymous_8)
FNDA:0,(anonymous_9)
FNDA:0,(anonymous_10)
FNDA:0,(anonymous_11)
FNDA:0,(anonymous_12)
FNDA:0,(anonymous_13)
FNDA:0,(anonymous_14)
FNDA:0,(anonymous_15)
FNDA:0,(anonymous_16)
FNDA:0,(anonymous_17)
FNDA:0,(anonymous_18)
FNDA:0,(anonymous_19)
FNDA:0,(anonymous_20)
DA:26,0
DA:36,0
DA:37,0
DA:38,0
DA:39,0
DA:50,0
DA:52,0
DA:53,0
DA:55,0
DA:60,0
DA:63,0
DA:64,0
DA:65,0
DA:69,0
DA:70,0
DA:72,0
DA:73,0
DA:76,0
DA:77,0
DA:78,0
DA:80,0
DA:81,0
DA:84,0
DA:86,0
DA:95,0
DA:96,0
DA:98,0
DA:99,0
DA:100,0
DA:102,0
DA:103,0
DA:105,0
DA:110,0
DA:111,0
DA:112,0
DA:113,0
DA:114,0
DA:117,0
DA:122,0
DA:123,0
DA:125,0
DA:126,0
DA:129,0
DA:132,0
DA:133,0
DA:137,0
DA:139,0
DA:143,0
DA:144,0
DA:145,0
DA:146,0
DA:151,0
DA:152,0
DA:153,0
DA:156,0
DA:157,0
DA:158,0
DA:161,0
DA:165,0
DA:166,0
DA:167,0
DA:171,0
DA:172,0
DA:173,0
DA:174,0
DA:179,0
DA:180,0
DA:181,0
DA:186,0
DA:187,0
DA:188,0
DA:192,0
DA:193,0
DA:194,0
DA:195,0
DA:200,0
DA:202,0
DA:203,0
DA:204,0
DA:207,0
DA:208,0
DA:209,0
DA:214,0
DA:215,0
DA:217,0
DA:218,0
DA:220,0
DA:221,0
DA:223,0
DA:243,0
DA:293,0
DA:332,0
DA:335,0
DA:371,0
DA:429,0
LF:95
LH:0
BRDA:30,0,0,0
BRDA:32,1,0,0
BRDA:33,2,0,0
BRDA:52,3,0,0
BRDA:52,3,1,0
BRDA:64,4,0,0
BRDA:64,4,1,0
BRDA:72,5,0,0
BRDA:72,5,1,0
BRDA:76,6,0,0
BRDA:76,6,1,0
BRDA:77,7,0,0
BRDA:77,7,1,0
BRDA:78,8,0,0
BRDA:78,8,1,0
BRDA:80,9,0,0
BRDA:80,9,1,0
BRDA:80,10,0,0
BRDA:80,10,1,0
BRDA:96,11,0,0
BRDA:96,11,1,0
BRDA:96,12,0,0
BRDA:96,12,1,0
BRDA:102,13,0,0
BRDA:102,13,1,0
BRDA:111,14,0,0
BRDA:111,14,1,0
BRDA:123,15,0,0
BRDA:123,15,1,0
BRDA:132,16,0,0
BRDA:132,16,1,0
BRDA:144,17,0,0
BRDA:144,17,1,0
BRDA:144,18,0,0
BRDA:144,18,1,0
BRDA:152,19,0,0
BRDA:152,19,1,0
BRDA:157,20,0,0
BRDA:157,20,1,0
BRDA:166,21,0,0
BRDA:166,21,1,0
BRDA:173,22,0,0
BRDA:173,22,1,0
BRDA:180,23,0,0
BRDA:180,23,1,0
BRDA:180,24,0,0
BRDA:180,24,1,0
BRDA:180,24,2,0
BRDA:193,25,0,0
BRDA:193,25,1,0
BRDA:193,26,0,0
BRDA:193,26,1,0
BRDA:202,27,0,0
BRDA:202,27,1,0
BRDA:202,28,0,0
BRDA:202,28,1,0
BRDA:202,28,2,0
BRDA:207,29,0,0
BRDA:207,29,1,0
BRDA:207,30,0,0
BRDA:207,30,1,0
BRDA:215,31,0,0
BRDA:215,31,1,0
BRDA:215,32,0,0
BRDA:215,32,1,0
BRDA:218,33,0,0
BRDA:218,33,1,0
BRDA:235,34,0,0
BRDA:235,34,1,0
BRDA:254,35,0,0
BRDA:254,35,1,0
BRDA:267,36,0,0
BRDA:267,36,1,0
BRDA:276,37,0,0
BRDA:276,37,1,0
BRDA:295,38,0,0
BRDA:295,38,1,0
BRDA:295,39,0,0
BRDA:295,39,1,0
BRDA:298,40,0,0
BRDA:298,40,1,0
BRDA:305,41,0,0
BRDA:305,41,1,0
BRDA:310,42,0,0
BRDA:310,42,1,0
BRDA:314,43,0,0
BRDA:314,43,1,0
BRDA:314,43,2,0
BRDA:314,43,3,0
BRDA:328,44,0,0
BRDA:328,44,1,0
BRDA:328,44,2,0
BRDA:336,45,0,0
BRDA:336,45,1,0
BRDA:349,46,0,0
BRDA:349,46,1,0
BRDA:356,47,0,0
BRDA:356,47,1,0
BRDA:373,48,0,0
BRDA:373,48,1,0
BRDA:377,49,0,0
BRDA:377,49,1,0
BRDA:386,50,0,0
BRDA:386,50,1,0
BRDA:395,51,0,0
BRDA:395,51,1,0
BRDA:405,52,0,0
BRDA:405,52,1,0
BRDA:405,52,2,0
BRDA:406,53,0,0
BRDA:406,53,1,0
BRDA:409,54,0,0
BRDA:409,54,1,0
BRDA:422,55,0,0
BRDA:422,55,1,0
BRDA:423,56,0,0
BRDA:423,56,1,0
BRF:117
BRH:0
end_of_record
TN:
SF:features/feedback/components/EnhancedFeedbackInterface.tsx
FN:47,(anonymous_0)
FN:70,(anonymous_1)
FN:76,(anonymous_2)
FN:89,(anonymous_3)
FN:94,(anonymous_4)
FN:95,(anonymous_5)
FN:102,(anonymous_6)
FN:114,(anonymous_7)
FN:117,(anonymous_8)
FN:146,(anonymous_9)
FN:147,(anonymous_10)
FN:181,(anonymous_11)
FN:184,(anonymous_12)
FN:187,(anonymous_13)
FN:223,(anonymous_14)
FN:236,(anonymous_15)
FN:244,(anonymous_16)
FN:259,(anonymous_17)
FN:280,(anonymous_18)
FN:323,(anonymous_19)
FNF:20
FNH:0
FNDA:0,(anonymous_0)
FNDA:0,(anonymous_1)
FNDA:0,(anonymous_2)
FNDA:0,(anonymous_3)
FNDA:0,(anonymous_4)
FNDA:0,(anonymous_5)
FNDA:0,(anonymous_6)
FNDA:0,(anonymous_7)
FNDA:0,(anonymous_8)
FNDA:0,(anonymous_9)
FNDA:0,(anonymous_10)
FNDA:0,(anonymous_11)
FNDA:0,(anonymous_12)
FNDA:0,(anonymous_13)
FNDA:0,(anonymous_14)
FNDA:0,(anonymous_15)
FNDA:0,(anonymous_16)
FNDA:0,(anonymous_17)
FNDA:0,(anonymous_18)
FNDA:0,(anonymous_19)
DA:47,0
DA:62,0
DA:63,0
DA:64,0
DA:65,0
DA:67,0
DA:70,0
DA:71,0
DA:72,0
DA:76,0
DA:77,0
DA:82,0
DA:85,0
DA:89,0
DA:90,0
DA:94,0
DA:95,0
DA:96,0
DA:99,0
DA:100,0
DA:102,0
DA:106,0
DA:181,0
DA:184,0
DA:187,0
DA:188,0
DA:189,0
DA:190,0
DA:191,0
DA:192,0
DA:197,0
DA:223,0
DA:237,0
DA:244,0
DA:259,0
DA:280,0
DA:323,0
DA:330,0
LF:38
LH:0
BRDA:51,0,0,0
BRDA:52,1,0,0
BRDA:56,2,0,0
BRDA:57,3,0,0
BRDA:58,4,0,0
BRDA:59,5,0,0
BRDA:60,6,0,0
BRDA:79,7,0,0
BRDA:79,7,1,0
BRDA:117,8,0,0
BRDA:117,8,1,0
BRDA:120,9,0,0
BRDA:120,9,1,0
BRDA:130,10,0,0
BRDA:130,10,1,0
BRDA:135,11,0,0
BRDA:135,11,1,0
BRDA:146,12,0,0
BRDA:146,12,1,0
BRDA:147,13,0,0
BRDA:147,13,1,0
BRDA:188,14,0,0
BRDA:188,14,1,0
BRDA:188,15,0,0
BRDA:188,15,1,0
BRDA:188,15,2,0
BRDA:191,16,0,0
BRDA:191,16,1,0
BRDA:191,17,0,0
BRDA:191,17,1,0
BRDA:200,18,0,0
BRDA:200,18,1,0
BRDA:212,19,0,0
BRDA:212,19,1,0
BRDA:224,20,0,0
BRDA:224,20,1,0
BRDA:225,21,0,0
BRDA:225,21,1,0
BRDA:226,22,0,0
BRDA:226,22,1,0
BRDA:228,23,0,0
BRDA:228,23,1,0
BRDA:243,24,0,0
BRDA:243,24,1,0
BRDA:243,25,0,0
BRDA:243,25,1,0
BRDA:244,26,0,0
BRDA:244,26,1,0
BRDA:249,27,0,0
BRDA:249,27,1,0
BRDA:275,28,0,0
BRDA:275,28,1,0
BRDA:275,28,2,0
BRDA:304,29,0,0
BRDA:304,29,1,0
BRDA:314,30,0,0
BRDA:314,30,1,0
BRDA:315,31,0,0
BRDA:315,31,1,0
BRDA:324,32,0,0
BRDA:324,32,1,0
BRF:61
BRH:0
end_of_record
TN:
SF:features/feedback/components/FeedbackFilter.tsx
FN:36,(anonymous_0)
FN:54,(anonymous_1)
FN:56,(anonymous_2)
FN:82,(anonymous_3)
FN:83,(anonymous_4)
FN:87,(anonymous_5)
FN:120,(anonymous_6)
FN:132,(anonymous_7)
FN:140,(anonymous_8)
FN:147,(anonymous_9)
FN:154,(anonymous_10)
FN:161,(anonymous_11)
FN:162,(anonymous_12)
FN:178,(anonymous_13)
FN:203,(anonymous_14)
FN:208,(anonymous_15)
FN:213,(anonymous_16)
FN:218,(anonymous_17)
FN:223,(anonymous_18)
FN:228,(anonymous_19)
FN:253,(anonymous_20)
FN:258,(anonymous_21)
FN:259,(anonymous_22)
FN:271,(anonymous_23)
FN:274,(anonymous_24)
FN:280,(anonymous_25)
FN:282,(anonymous_26)
FN:290,(anonymous_27)
FN:296,(anonymous_28)
FN:315,(anonymous_29)
FN:327,(anonymous_30)
FN:331,(anonymous_31)
FN:339,(anonymous_32)
FN:351,(anonymous_33)
FN:382,(anonymous_34)
FN:386,(anonymous_35)
FN:399,(anonymous_36)
FN:402,(anonymous_37)
FN:421,(anonymous_38)
FN:431,(anonymous_39)
FNF:40
FNH:0
FNDA:0,(anonymous_0)
FNDA:0,(anonymous_1)
FNDA:0,(anonymous_2)
FNDA:0,(anonymous_3)
FNDA:0,(anonymous_4)
FNDA:0,(anonymous_5)
FNDA:0,(anonymous_6)
FNDA:0,(anonymous_7)
FNDA:0,(anonymous_8)
FNDA:0,(anonymous_9)
FNDA:0,(anonymous_10)
FNDA:0,(anonymous_11)
FNDA:0,(anonymous_12)
FNDA:0,(anonymous_13)
FNDA:0,(anonymous_14)
FNDA:0,(anonymous_15)
FNDA:0,(anonymous_16)
FNDA:0,(anonymous_17)
FNDA:0,(anonymous_18)
FNDA:0,(anonymous_19)
FNDA:0,(anonymous_20)
FNDA:0,(anonymous_21)
FNDA:0,(anonymous_22)
FNDA:0,(anonymous_23)
FNDA:0,(anonymous_24)
FNDA:0,(anonymous_25)
FNDA:0,(anonymous_26)
FNDA:0,(anonymous_27)
FNDA:0,(anonymous_28)
FNDA:0,(anonymous_29)
FNDA:0,(anonymous_30)
FNDA:0,(anonymous_31)
FNDA:0,(anonymous_32)
FNDA:0,(anonymous_33)
FNDA:0,(anonymous_34)
FNDA:0,(anonymous_35)
FNDA:0,(anonymous_36)
FNDA:0,(anonymous_37)
FNDA:0,(anonymous_38)
FNDA:0,(anonymous_39)
DA:36,0
DA:43,0
DA:44,0
DA:54,0
DA:55,0
DA:56,0
DA:57,0
DA:58,0
DA:61,0
DA:65,0
DA:74,0
DA:82,0
DA:83,0
DA:87,0
DA:88,0
DA:89,0
DA:91,0
DA:93,0
DA:99,0
DA:100,0
DA:101,0
DA:107,0
DA:108,0
DA:109,0
DA:115,0
DA:120,0
DA:121,0
DA:123,0
DA:124,0
DA:132,0
DA:133,0
DA:135,0
DA:136,0
DA:140,0
DA:141,0
DA:143,0
DA:147,0
DA:148,0
DA:150,0
DA:154,0
DA:155,0
DA:157,0
DA:161,0
DA:162,0
DA:163,0
DA:165,0
DA:167,0
DA:168,0
DA:171,0
DA:172,0
DA:173,0
DA:174,0
DA:178,0
DA:179,0
DA:180,0
DA:181,0
DA:182,0
DA:183,0
DA:185,0
DA:186,0
DA:189,0
DA:190,0
DA:191,0
DA:192,0
DA:195,0
DA:198,0
DA:203,0
DA:204,0
DA:207,0
DA:208,0
DA:212,0
DA:213,0
DA:217,0
DA:218,0
DA:222,0
DA:223,0
DA:227,0
DA:228,0
DA:232,0
DA:234,0
DA:236,0
DA:237,0
DA:253,0
DA:254,0
DA:258,0
DA:259,0
DA:271,0
DA:272,0
DA:274,0
DA:280,0
DA:281,0
DA:282,0
DA:283,0
DA:284,0
DA:285,0
DA:288,0
DA:289,0
DA:290,0
DA:296,0
DA:297,0
DA:298,0
DA:299,0
DA:300,0
DA:301,0
DA:302,0
DA:303,0
DA:306,0
DA:315,0
DA:327,0
DA:332,0
DA:339,0
DA:351,0
DA:382,0
DA:387,0
DA:400,0
DA:402,0
DA:421,0
DA:431,0
DA:488,0
LF:119
LH:0
BRDA:40,0,0,0
BRDA:41,1,0,0
BRDA:57,2,0,0
BRDA:57,2,1,0
BRDA:57,3,0,0
BRDA:57,3,1,0
BRDA:91,4,0,0
BRDA:91,4,1,0
BRDA:91,4,2,0
BRDA:91,4,3,0
BRDA:121,5,0,0
BRDA:121,5,1,0
BRDA:125,6,0,0
BRDA:125,6,1,0
BRDA:125,6,2,0
BRDA:125,6,3,0
BRDA:133,7,0,0
BRDA:133,7,1,0
BRDA:136,8,0,0
BRDA:136,8,1,0
BRDA:141,9,0,0
BRDA:141,9,1,0
BRDA:143,10,0,0
BRDA:143,10,1,0
BRDA:148,11,0,0
BRDA:148,11,1,0
BRDA:150,12,0,0
BRDA:150,12,1,0
BRDA:155,13,0,0
BRDA:155,13,1,0
BRDA:165,14,0,0
BRDA:165,14,1,0
BRDA:165,14,2,0
BRDA:165,14,3,0
BRDA:165,14,4,0
BRDA:171,15,0,0
BRDA:171,15,1,0
BRDA:172,16,0,0
BRDA:172,16,1,0
BRDA:179,17,0,0
BRDA:179,17,1,0
BRDA:181,18,0,0
BRDA:181,18,1,0
BRDA:181,19,0,0
BRDA:181,19,1,0
BRDA:181,20,0,0
BRDA:181,20,1,0
BRDA:182,21,0,0
BRDA:182,21,1,0
BRDA:182,22,0,0
BRDA:182,22,1,0
BRDA:182,23,0,0
BRDA:182,23,1,0
BRDA:182,24,0,0
BRDA:182,24,1,0
BRDA:189,25,0,0
BRDA:189,25,1,0
BRDA:190,26,0,0
BRDA:190,26,1,0
BRDA:198,27,0,0
BRDA:198,27,1,0
BRDA:207,28,0,0
BRDA:207,28,1,0
BRDA:212,29,0,0
BRDA:212,29,1,0
BRDA:217,30,0,0
BRDA:217,30,1,0
BRDA:222,31,0,0
BRDA:222,31,1,0
BRDA:227,32,0,0
BRDA:227,32,1,0
BRDA:236,33,0,0
BRDA:236,33,1,0
BRDA:273,34,0,0
BRDA:273,34,1,0
BRDA:281,35,0,0
BRDA:281,35,1,0
BRDA:281,36,0,0
BRDA:281,36,1,0
BRDA:289,37,0,0
BRDA:289,37,1,0
BRDA:298,38,0,0
BRDA:298,38,1,0
BRDA:299,39,0,0
BRDA:299,39,1,0
BRDA:300,40,0,0
BRDA:300,40,1,0
BRDA:301,41,0,0
BRDA:301,41,1,0
BRDA:302,42,0,0
BRDA:302,42,1,0
BRDA:339,43,0,0
BRDA:339,43,1,0
BRDA:341,44,0,0
BRDA:341,44,1,0
BRDA:342,45,0,0
BRDA:342,45,1,0
BRDA:344,46,0,0
BRDA:344,46,1,0
BRDA:349,47,0,0
BRDA:349,47,1,0
BRDA:352,48,0,0
BRDA:352,48,1,0
BRDA:356,49,0,0
BRDA:356,49,1,0
BRDA:363,50,0,0
BRDA:363,50,1,0
BRDA:376,51,0,0
BRDA:376,51,1,0
BRDA:376,51,2,0
BRDA:395,52,0,0
BRDA:395,52,1,0
BRDA:403,53,0,0
BRDA:403,53,1,0
BRDA:444,54,0,0
BRDA:444,54,1,0
BRDA:449,55,0,0
BRDA:449,55,1,0
BRDA:451,56,0,0
BRDA:451,56,1,0
BRDA:456,57,0,0
BRDA:456,57,1,0
BRDA:461,58,0,0
BRDA:461,58,1,0
BRDA:466,59,0,0
BRDA:466,59,1,0
BRDA:471,60,0,0
BRDA:471,60,1,0
BRDA:482,61,0,0
BRDA:482,61,1,0
BRF:130
BRH:0
end_of_record
TN:
SF:features/feedback/components/FeedbackInput.tsx
FN:15,(anonymous_0)
FN:29,(anonymous_1)
FN:41,(anonymous_2)
FN:47,(anonymous_3)
FN:100,(anonymous_4)
FN:123,(anonymous_5)
FNF:6
FNH:6
FNDA:2307,(anonymous_0)
FNDA:1,(anonymous_1)
FNDA:9,(anonymous_2)
FNDA:1139,(anonymous_3)
FNDA:57,(anonymous_4)
FNDA:1076,(anonymous_5)
DA:15,1
DA:28,2307
DA:30,1
DA:31,1
DA:33,1
DA:38,2307
DA:41,2307
DA:42,9
DA:43,9
DA:47,2307
DA:48,1139
DA:49,1
DA:50,1
DA:54,2307
DA:100,57
DA:123,1076
DA:164,1
LF:17
LH:17
BRDA:30,0,0,1
BRDA:30,0,1,0
BRDA:48,1,0,1
BRDA:48,1,1,1138
BRDA:48,2,0,1139
BRDA:48,2,1,1
BRDA:64,3,0,2307
BRDA:64,3,1,2122
BRDA:77,4,0,2307
BRDA:77,4,1,185
BRDA:87,5,0,2307
BRDA:87,5,1,0
BRDA:102,6,0,45
BRDA:102,6,1,2262
BRDA:105,7,0,45
BRDA:105,7,1,2262
BRDA:109,8,0,2307
BRDA:109,8,1,45
BRDA:125,9,0,41
BRDA:125,9,1,2266
BRDA:128,10,0,41
BRDA:128,10,1,2266
BRDA:132,11,0,2307
BRDA:132,11,1,41
BRDA:140,12,0,2307
BRDA:140,12,1,0
BRDA:149,13,0,2307
BRDA:149,13,1,0
BRDA:150,14,0,1
BRDA:150,14,1,2306
BRDA:153,15,0,1
BRDA:153,15,1,2306
BRDA:158,16,0,2307
BRDA:158,16,1,1
BRF:34
BRH:30
end_of_record
TN:
SF:features/feedback/components/FeedbackManage.tsx
FN:21,(anonymous_0)
FN:30,(anonymous_1)
FN:35,(anonymous_2)
FN:39,(anonymous_3)
FN:45,(anonymous_4)
FN:50,(anonymous_5)
FN:57,(anonymous_6)
FN:58,(anonymous_7)
FN:68,(anonymous_8)
FN:100,(anonymous_9)
FN:139,(anonymous_10)
FNF:11
FNH:0
FNDA:0,(anonymous_0)
FNDA:0,(anonymous_1)
FNDA:0,(anonymous_2)
FNDA:0,(anonymous_3)
FNDA:0,(anonymous_4)
FNDA:0,(anonymous_5)
FNDA:0,(anonymous_6)
FNDA:0,(anonymous_7)
FNDA:0,(anonymous_8)
FNDA:0,(anonymous_9)
FNDA:0,(anonymous_10)
DA:21,0
DA:27,0
DA:30,0
DA:31,0
DA:32,0
DA:35,0
DA:39,0
DA:40,0
DA:41,0
DA:44,0
DA:45,0
DA:46,0
DA:48,0
DA:50,0
DA:51,0
DA:52,0
DA:53,0
DA:57,0
DA:58,0
DA:59,0
DA:60,0
DA:61,0
DA:68,0
DA:70,0
DA:71,0
DA:75,0
DA:76,0
DA:77,0
DA:78,0
DA:79,0
DA:82,0
DA:85,0
DA:86,0
DA:96,0
DA:101,0
DA:103,0
DA:139,0
DA:190,0
LF:38
LH:0
BRDA:25,0,0,0
BRDA:31,1,0,0
BRDA:31,1,1,0
BRDA:31,2,0,0
BRDA:31,2,1,0
BRDA:40,3,0,0
BRDA:40,3,1,0
BRDA:70,4,0,0
BRDA:70,4,1,0
BRDA:76,5,0,0
BRDA:76,5,1,0
BRDA:78,6,0,0
BRDA:78,6,1,0
BRDA:85,7,0,0
BRDA:85,7,1,0
BRDA:99,8,0,0
BRDA:99,8,1,0
BRDA:106,9,0,0
BRDA:106,9,1,0
BRDA:114,10,0,0
BRDA:114,10,1,0
BRDA:130,11,0,0
BRDA:130,11,1,0
BRDA:130,11,2,0
BRDA:141,12,0,0
BRDA:141,12,1,0
BRDA:144,13,0,0
BRDA:144,13,1,0
BRDA:171,14,0,0
BRDA:171,14,1,0
BRDA:182,15,0,0
BRDA:182,15,1,0
BRF:32
BRH:0
end_of_record
TN:
SF:features/feedback/components/FeedbackMessage.tsx
FN:25,(anonymous_0)
FN:46,(anonymous_1)
FN:73,(anonymous_2)
FN:79,(anonymous_3)
FN:87,(anonymous_4)
FN:98,(anonymous_5)
FN:103,(anonymous_6)
FN:108,(anonymous_7)
FN:127,(anonymous_8)
FN:181,(anonymous_9)
FNF:10
FNH:0
FNDA:0,(anonymous_0)
FNDA:0,(anonymous_1)
FNDA:0,(anonymous_2)
FNDA:0,(anonymous_3)
FNDA:0,(anonymous_4)
FNDA:0,(anonymous_5)
FNDA:0,(anonymous_6)
FNDA:0,(anonymous_7)
FNDA:0,(anonymous_8)
FNDA:0,(anonymous_9)
DA:25,0
DA:30,0
DA:31,0
DA:32,0
DA:40,0
DA:46,0
DA:47,0
DA:49,0
DA:50,0
DA:51,0
DA:54,0
DA:55,0
DA:56,0
DA:59,0
DA:60,0
DA:63,0
DA:70,0
DA:73,0
DA:74,0
DA:79,0
DA:80,0
DA:81,0
DA:82,0
DA:87,0
DA:88,0
DA:89,0
DA:98,0
DA:99,0
DA:103,0
DA:104,0
DA:108,0
DA:109,0
DA:110,0
DA:111,0
DA:114,0
DA:128,0
DA:181,0
DA:233,0
LF:38
LH:0
BRDA:42,0,0,0
BRDA:42,0,1,0
BRDA:49,1,0,0
BRDA:49,1,1,0
BRDA:54,2,0,0
BRDA:54,2,1,0
BRDA:59,3,0,0
BRDA:59,3,1,0
BRDA:80,4,0,0
BRDA:80,4,1,0
BRDA:88,5,0,0
BRDA:88,5,1,0
BRDA:104,6,0,0
BRDA:104,6,1,0
BRDA:109,7,0,0
BRDA:109,7,1,0
BRDA:110,8,0,0
BRDA:110,8,1,0
BRDA:117,9,0,0
BRDA:117,9,1,0
BRDA:126,10,0,0
BRDA:126,10,1,0
BRDA:129,11,0,0
BRDA:129,11,1,0
BRDA:130,12,0,0
BRDA:130,12,1,0
BRDA:135,13,0,0
BRDA:135,13,1,0
BRDA:146,14,0,0
BRDA:146,14,1,0
BRDA:174,15,0,0
BRDA:174,15,1,0
BRDA:183,16,0,0
BRDA:183,16,1,0
BRDA:186,17,0,0
BRDA:186,17,1,0
BRDA:194,18,0,0
BRDA:194,18,1,0
BRDA:194,18,2,0
BRDA:203,19,0,0
BRDA:203,19,1,0
BRDA:209,20,0,0
BRDA:209,20,1,0
BRDA:209,20,2,0
BRDA:218,21,0,0
BRDA:218,21,1,0
BRDA:226,22,0,0
BRDA:226,22,1,0
BRDA:227,23,0,0
BRDA:227,23,1,0
BRDA:227,23,2,0
BRF:51
BRH:0
end_of_record
TN:
SF:features/feedback/components/FeedbackMore.tsx
FN:21,(anonymous_0)
FN:28,(anonymous_1)
FN:35,(anonymous_2)
FN:46,(anonymous_3)
FN:48,(anonymous_4)
FN:52,(anonymous_5)
FN:56,(anonymous_6)
FN:66,(anonymous_7)
FN:72,(anonymous_8)
FN:80,(anonymous_9)
FN:87,(anonymous_10)
FN:103,(anonymous_11)
FN:121,(anonymous_12)
FN:125,(anonymous_13)
FN:131,(anonymous_14)
FN:132,(anonymous_15)
FN:223,(anonymous_16)
FNF:17
FNH:0
FNDA:0,(anonymous_0)
FNDA:0,(anonymous_1)
FNDA:0,(anonymous_2)
FNDA:0,(anonymous_3)
FNDA:0,(anonymous_4)
FNDA:0,(anonymous_5)
FNDA:0,(anonymous_6)
FNDA:0,(anonymous_7)
FNDA:0,(anonymous_8)
FNDA:0,(anonymous_9)
FNDA:0,(anonymous_10)
FNDA:0,(anonymous_11)
FNDA:0,(anonymous_12)
FNDA:0,(anonymous_13)
FNDA:0,(anonymous_14)
FNDA:0,(anonymous_15)
FNDA:0,(anonymous_16)
DA:21,0
DA:25,0
DA:28,0
DA:29,0
DA:30,0
DA:33,0
DA:35,0
DA:36,0
DA:37,0
DA:38,0
DA:40,0
DA:45,0
DA:46,0
DA:49,0
DA:52,0
DA:56,0
DA:57,0
DA:60,0
DA:61,0
DA:66,0
DA:67,0
DA:68,0
DA:72,0
DA:73,0
DA:74,0
DA:75,0
DA:80,0
DA:81,0
DA:82,0
DA:87,0
DA:88,0
DA:89,0
DA:92,0
DA:93,0
DA:94,0
DA:95,0
DA:96,0
DA:99,0
DA:103,0
DA:104,0
DA:107,0
DA:108,0
[...]
DA:391,0
DA:393,0
DA:397,0
DA:410,0
DA:411,0
DA:428,0
DA:429,0
DA:432,0
DA:433,0
DA:456,0
DA:457,0
DA:460,0
DA:461,0
DA:484,0
DA:485,0
DA:488,0
DA:489,0
DA:510,0
DA:511,0
DA:514,0
DA:515,0
DA:538,0
DA:539,0
DA:542,0
DA:543,0
DA:566,0
DA:567,0
DA:570,0
DA:571,0
DA:594,0
DA:595,0
DA:598,0
DA:599,0
DA:622,0
DA:623,0
DA:626,0
DA:627,0
DA:646,0
DA:647,0
DA:650,0
DA:663,0
DA:667,0
DA:668,0
DA:669,0
DA:685,0
DA:686,0
DA:689,0
LF:123
LH:0
BRDA:19,0,0,0
BRDA:19,0,1,0
BRDA:43,1,0,0
BRDA:43,1,1,0
BRDA:45,2,0,0
BRDA:45,2,1,0
BRDA:48,3,0,0
BRDA:48,3,1,0
BRDA:48,4,0,0
BRDA:48,4,1,0
BRDA:56,5,0,0
BRDA:56,5,1,0
BRDA:56,6,0,0
BRDA:56,6,1,0
BRDA:64,7,0,0
BRDA:64,7,1,0
BRDA:83,8,0,0
BRDA:83,8,1,0
BRDA:102,9,0,0
BRDA:102,9,1,0
BRDA:133,10,0,0
BRDA:133,10,1,0
BRDA:135,11,0,0
BRDA:135,11,1,0
BRDA:135,11,2,0
BRDA:135,11,3,0
BRDA:139,12,0,0
BRDA:139,12,1,0
BRDA:140,13,0,0
BRDA:140,13,1,0
BRDA:152,14,0,0
BRDA:152,14,1,0
BRDA:168,15,0,0
BRDA:168,15,1,0
BRDA:190,16,0,0
BRDA:190,16,1,0
BRDA:191,17,0,0
BRDA:191,17,1,0
BRDA:202,18,0,0
BRDA:202,18,1,0
BRDA:202,19,0,0
BRDA:202,19,1,0
BRDA:206,20,0,0
BRDA:206,20,1,0
BRDA:217,21,0,0
BRDA:217,21,1,0
BRDA:217,22,0,0
BRDA:217,22,1,0
BRDA:239,23,0,0
BRDA:239,23,1,0
BRDA:247,24,0,0
BRDA:247,24,1,0
BRDA:247,24,2,0
BRDA:251,25,0,0
BRDA:251,25,1,0
BRDA:258,26,0,0
BRDA:258,26,1,0
BRDA:258,27,0,0
BRDA:258,27,1,0
BRDA:262,28,0,0
BRDA:262,28,1,0
BRDA:269,29,0,0
BRDA:269,29,1,0
BRDA:269,30,0,0
BRDA:269,30,1,0
BRDA:292,31,0,0
BRDA:292,31,1,0
BRDA:294,32,0,0
BRDA:294,32,1,0
BRDA:304,33,0,0
BRDA:304,33,1,0
BRDA:330,34,0,0
BRDA:330,34,1,0
BRDA:336,35,0,0
BRDA:336,35,1,0
BRDA:358,36,0,0
BRDA:358,36,1,0
BRDA:359,37,0,0
BRDA:359,37,1,0
BRDA:359,37,2,0
BRDA:369,38,0,0
BRDA:369,38,1,0
BRDA:369,39,0,0
BRDA:369,39,1,0
BRDA:393,40,0,0
BRDA:393,40,1,0
BRDA:393,40,2,0
BRDA:405,41,0,0
BRDA:405,41,1,0
BRDA:405,42,0,0
BRDA:405,42,1,0
BRDA:410,43,0,0
BRDA:410,43,1,0
BRDA:410,44,0,0
BRDA:410,44,1,0
BRDA:415,45,0,0
BRDA:415,45,1,0
BRDA:421,46,0,0
BRDA:421,46,1,0
BRDA:423,47,0,0
BRDA:423,47,1,0
BRDA:423,48,0,0
BRDA:423,48,1,0
BRDA:428,49,0,0
BRDA:428,49,1,0
BRDA:434,50,0,0
BRDA:434,50,1,0
BRDA:444,51,0,0
BRDA:444,51,1,0
BRDA:451,52,0,0
BRDA:451,52,1,0
BRDA:451,53,0,0
BRDA:451,53,1,0
BRDA:456,54,0,0
BRDA:456,54,1,0
BRDA:462,55,0,0
BRDA:462,55,1,0
BRDA:472,56,0,0
BRDA:472,56,1,0
BRDA:479,57,0,0
BRDA:479,57,1,0
BRDA:479,58,0,0
BRDA:479,58,1,0
BRDA:484,59,0,0
BRDA:484,59,1,0
BRDA:490,60,0,0
BRDA:490,60,1,0
BRDA:498,61,0,0
BRDA:498,61,1,0
BRDA:505,62,0,0
BRDA:505,62,1,0
BRDA:505,63,0,0
BRDA:505,63,1,0
BRDA:510,64,0,0
BRDA:510,64,1,0
BRDA:516,65,0,0
BRDA:516,65,1,0
BRDA:526,66,0,0
BRDA:526,66,1,0
BRDA:533,67,0,0
BRDA:533,67,1,0
BRDA:533,68,0,0
BRDA:533,68,1,0
BRDA:538,69,0,0
BRDA:538,69,1,0
BRDA:544,70,0,0
BRDA:544,70,1,0
BRDA:554,71,0,0
BRDA:554,71,1,0
BRDA:561,72,0,0
BRDA:561,72,1,0
BRDA:561,73,0,0
BRDA:561,73,1,0
BRDA:566,74,0,0
BRDA:566,74,1,0
BRDA:572,75,0,0
BRDA:572,75,1,0
BRDA:582,76,0,0
BRDA:582,76,1,0
BRDA:589,77,0,0
BRDA:589,77,1,0
BRDA:589,78,0,0
BRDA:589,78,1,0
BRDA:594,79,0,0
BRDA:594,79,1,0
BRDA:600,80,0,0
BRDA:600,80,1,0
BRDA:610,81,0,0
BRDA:610,81,1,0
BRDA:617,82,0,0
BRDA:617,82,1,0
BRDA:617,83,0,0
BRDA:617,83,1,0
BRDA:622,84,0,0
BRDA:622,84,1,0
BRDA:628,85,0,0
BRDA:628,85,1,0
BRDA:638,86,0,0
BRDA:638,86,1,0
BRDA:646,87,0,0
BRDA:646,87,1,0
BRDA:661,88,0,0
BRDA:661,88,1,0
BRDA:663,89,0,0
BRDA:663,89,1,0
BRDA:663,90,0,0
BRDA:663,90,1,0
BRDA:677,91,0,0
BRDA:677,91,1,0
BRDA:683,92,0,0
BRDA:683,92,1,0
BRDA:685,93,0,0
BRDA:685,93,1,0
BRF:193
BRH:0
end_of_record
TN:
SF:src/tasks/Calendar/CalendarHeader.jsx
FN:2,CalendarHeader
FN:16,(anonymous_1)
FN:27,MinusMonth
FN:40,PlusMonth
FN:53,MinusWeek
FN:61,PlusWeek
FN:69,PlusDay
FN:77,MinusDay
FN:89,(anonymous_8)
FN:102,(anonymous_9)
FNF:10
FNH:0
FNDA:0,CalendarHeader
FNDA:0,(anonymous_1)
FNDA:0,MinusMonth
FNDA:0,PlusMonth
FNDA:0,MinusWeek
FNDA:0,PlusWeek
FNDA:0,PlusDay
FNDA:0,MinusDay
FNDA:0,(anonymous_8)
FNDA:0,(anonymous_9)
DA:15,0
DA:16,0
DA:17,0
DA:18,0
DA:19,0
DA:20,0
DA:21,0
DA:22,0
DA:23,0
DA:26,0
DA:28,0
DA:29,0
DA:30,0
DA:31,0
DA:32,0
DA:34,0
DA:35,0
DA:36,0
DA:41,0
DA:42,0
DA:43,0
DA:44,0
DA:45,0
DA:47,0
DA:48,0
DA:49,0
DA:54,0
DA:55,0
DA:57,0
DA:62,0
DA:63,0
DA:65,0
DA:70,0
DA:71,0
DA:73,0
DA:78,0
DA:79,0
DA:81,0
DA:84,0
DA:90,0
DA:91,0
DA:92,0
DA:93,0
DA:94,0
DA:96,0
DA:103,0
DA:104,0
DA:105,0
DA:106,0
DA:107,0
DA:109,0
DA:121,0
LF:52
LH:0
BRDA:18,0,0,0
BRDA:18,0,1,0
BRDA:21,1,0,0
BRDA:21,1,1,0
BRDA:30,2,0,0
BRDA:30,2,1,0
BRDA:35,3,0,0
BRDA:35,3,1,0
BRDA:43,4,0,0
BRDA:43,4,1,0
BRDA:48,5,0,0
BRDA:48,5,1,0
BRDA:54,6,0,0
BRDA:54,6,1,0
BRDA:62,7,0,0
BRDA:62,7,1,0
BRDA:70,8,0,0
BRDA:70,8,1,0
BRDA:78,9,0,0
BRDA:78,9,1,0
BRDA:86,10,0,0
BRDA:86,10,1,0
BRDA:91,11,0,0
BRDA:91,11,1,0
BRDA:93,12,0,0
BRDA:93,12,1,0
BRDA:104,13,0,0
BRDA:104,13,1,0
BRDA:106,14,0,0
BRDA:106,14,1,0
BRF:30
BRH:0
end_of_record
TN:
SF:src/tasks/Calendar/CalendarModal.jsx
FN:4,CalendarModal
FNF:1
FNH:0
FNDA:0,CalendarModal
DA:5,0
DA:30,0
LF:2
LH:0
BRDA:12,0,0,0
BRDA:12,0,1,0
BRF:2
BRH:0
end_of_record
TN:
SF:src/tasks/Calendar/CalendarTotal.jsx
FN:2,CalendarTotal
FNF:1
FNH:0
FNDA:0,CalendarTotal
DA:7,0
DA:26,0
LF:2
LH:0
BRF:0
BRH:0
end_of_record
TN:
SF:src/tasks/Calendar/ProjectList.jsx
FN:12,ProjectList
FN:13,(anonymous_1)
FN:16,(anonymous_2)
FN:19,(anonymous_3)
FN:22,(anonymous_4)
FN:25,(anonymous_5)
FN:28,(anonymous_6)
FN:33,(anonymous_7)
FN:36,(anonymous_8)
FN:58,(anonymous_9)
FN:104,(anonymous_10)
FN:151,(anonymous_11)
FN:194,(anonymous_12)
FN:237,(anonymous_13)
FN:283,(anonymous_14)
FN:326,(anonymous_15)
FN:369,(anonymous_16)
FNF:17
FNH:0
FNDA:0,ProjectList
FNDA:0,(anonymous_1)
FNDA:0,(anonymous_2)
FNDA:0,(anonymous_3)
FNDA:0,(anonymous_4)
FNDA:0,(anonymous_5)
FNDA:0,(anonymous_6)
FNDA:0,(anonymous_7)
FNDA:0,(anonymous_8)
FNDA:0,(anonymous_9)
FNDA:0,(anonymous_10)
FNDA:0,(anonymous_11)
FNDA:0,(anonymous_12)
FNDA:0,(anonymous_13)
FNDA:0,(anonymous_14)
FNDA:0,(anonymous_15)
FNDA:0,(anonymous_16)
DA:13,0
DA:14,0
DA:16,0
DA:17,0
DA:19,0
DA:20,0
DA:22,0
DA:23,0
DA:25,0
DA:26,0
DA:28,0
DA:29,0
DA:33,0
DA:34,0
DA:36,0
DA:37,0
DA:41,0
DA:59,0
DA:105,0
DA:152,0
DA:195,0
DA:238,0
DA:284,0
DA:327,0
DA:370,0
DA:409,0
LF:26
LH:0
BRDA:59,0,0,0
BRDA:59,0,1,0
BRDA:59,0,2,0
BRDA:59,0,3,0
BRDA:66,1,0,0
BRDA:66,1,1,0
BRDA:66,2,0,0
BRDA:66,2,1,0
BRDA:105,3,0,0
BRDA:105,3,1,0
BRDA:105,3,2,0
BRDA:105,3,3,0
BRDA:112,4,0,0
BRDA:112,4,1,0
BRDA:112,5,0,0
BRDA:112,5,1,0
BRDA:152,6,0,0
BRDA:152,6,1,0
BRDA:152,6,2,0
BRDA:152,6,3,0
BRDA:159,7,0,0
BRDA:159,7,1,0
BRDA:159,8,0,0
BRDA:159,8,1,0
BRDA:195,9,0,0
BRDA:195,9,1,0
BRDA:195,9,2,0
BRDA:195,9,3,0
BRDA:202,10,0,0
BRDA:202,10,1,0
BRDA:202,11,0,0
BRDA:202,11,1,0
BRDA:238,12,0,0
BRDA:238,12,1,0
BRDA:238,12,2,0
BRDA:238,12,3,0
BRDA:245,13,0,0
BRDA:245,13,1,0
BRDA:245,14,0,0
BRDA:245,14,1,0
BRDA:284,15,0,0
BRDA:284,15,1,0
BRDA:284,15,2,0
BRDA:284,15,3,0
BRDA:291,16,0,0
BRDA:291,16,1,0
BRDA:291,17,0,0
BRDA:291,17,1,0
BRDA:327,18,0,0
BRDA:327,18,1,0
BRDA:327,18,2,0
BRDA:327,18,3,0
BRDA:334,19,0,0
BRDA:334,19,1,0
BRDA:334,20,0,0
BRDA:334,20,1,0
BRDA:370,21,0,0
BRDA:370,21,1,0
BRDA:370,21,2,0
BRDA:370,21,3,0
BRDA:381,22,0,0
BRDA:381,22,1,0
BRDA:381,23,0,0
BRDA:381,23,1,0
BRF:64
BRH:0
end_of_record
TN:
SF:src/tasks/Feedback/FeedbackInput.jsx
FN:6,FeedbackInput
FN:17,SendFeedback
FN:20,(anonymous_2)
FN:24,(anonymous_3)
FN:29,(anonymous_4)
FNF:5
FNH:0
FNDA:0,FeedbackInput
FNDA:0,SendFeedback
FNDA:0,(anonymous_2)
FNDA:0,(anonymous_3)
FNDA:0,(anonymous_4)
DA:7,0
DA:14,0
DA:15,0
DA:18,0
DA:19,0
DA:21,0
DA:22,0
DA:23,0
DA:24,0
DA:25,0
DA:27,0
DA:30,0
DA:31,0
DA:35,0
DA:39,0
DA:96,0
LF:16
LH:0
BRDA:18,0,0,0
BRDA:18,0,1,0
BRDA:18,1,0,0
BRDA:18,1,1,0
BRDA:18,1,2,0
BRDA:30,2,0,0
BRDA:30,2,1,0
BRDA:30,3,0,0
BRDA:30,3,1,0
BRF:9
BRH:0
end_of_record
TN:
SF:src/tasks/Feedback/FeedbackManage.jsx
FN:6,FeedbackManage
FN:7,DropFeedback
FN:9,(anonymous_2)
FN:14,(anonymous_3)
FN:21,(anonymous_4)
FN:27,(anonymous_5)
FN:35,(anonymous_6)
FNF:7
FNH:0
FNDA:0,FeedbackManage
FNDA:0,DropFeedback
FNDA:0,(anonymous_2)
FNDA:0,(anonymous_3)
FNDA:0,(anonymous_4)
FNDA:0,(anonymous_5)
FNDA:0,(anonymous_6)
DA:8,0
DA:10,0
DA:11,0
DA:12,0
DA:15,0
DA:16,0
DA:21,0
DA:23,0
DA:28,0
DA:35,0
DA:51,0
LF:11
LH:0
BRDA:15,0,0,0
BRDA:15,0,1,0
BRDA:15,1,0,0
BRDA:15,1,1,0
BRDA:26,2,0,0
BRDA:26,2,1,0
BRF:6
BRH:0
end_of_record
TN:
SF:src/tasks/Feedback/FeedbackMessage.jsx
FN:4,FeedbackMessage
FN:16,SendMessage
FN:35,enterkey
FN:41,(anonymous_3)
FN:80,(anonymous_4)
FN:122,(anonymous_5)
FNF:6
FNH:0
FNDA:0,FeedbackMessage
FNDA:0,SendMessage
FNDA:0,enterkey
FNDA:0,(anonymous_3)
FNDA:0,(anonymous_4)
FNDA:0,(anonymous_5)
DA:12,0
DA:13,0
DA:15,0
DA:17,0
DA:18,0
DA:19,0
DA:20,0
DA:28,0
DA:31,0
DA:36,0
DA:37,0
DA:41,0
DA:42,0
DA:43,0
DA:74,0
DA:81,0
DA:122,0
DA:137,0
LF:18
LH:0
BRDA:18,0,0,0
BRDA:18,0,1,0
BRDA:19,1,0,0
BRDA:19,1,1,0
BRDA:36,2,0,0
BRDA:36,2,1,0
BRDA:42,3,0,0
BRDA:42,3,1,0
BRDA:75,4,0,0
BRDA:75,4,1,0
BRDA:79,5,0,0
BRDA:79,5,1,0
BRDA:83,6,0,0
BRDA:83,6,1,0
BRDA:88,7,0,0
BRDA:88,7,1,0
BRDA:98,8,0,0
BRDA:98,8,1,0
BRDA:117,9,0,0
BRDA:117,9,1,0
BRF:20
BRH:0
end_of_record
TN:
SF:src/tasks/Feedback/FeedbackMore.jsx
FN:7,FeedbackMore
FN:12,(anonymous_1)
FN:17,(anonymous_2)
FN:20,(anonymous_3)
FN:33,(anonymous_4)
FN:37,(anonymous_5)
FN:38,(anonymous_6)
FN:63,(anonymous_7)
FNF:8
FNH:0
FNDA:0,FeedbackMore
FNDA:0,(anonymous_1)
FNDA:0,(anonymous_2)
FNDA:0,(anonymous_3)
FNDA:0,(anonymous_4)
FNDA:0,(anonymous_5)
FNDA:0,(anonymous_6)
FNDA:0,(anonymous_7)
DA:8,0
DA:9,0
DA:12,0
DA:13,0
DA:14,0
DA:17,0
DA:18,0
DA:19,0
DA:20,0
DA:21,0
DA:22,0
DA:23,0
DA:25,0
DA:28,0
DA:31,0
DA:34,0
DA:38,0
DA:63,0
DA:78,0
LF:19
LH:0
BRDA:22,0,0,0
BRDA:22,0,1,0
BRDA:38,1,0,0
BRDA:38,1,1,0
BRDA:38,2,0,0
BRDA:38,2,1,0
BRDA:40,3,0,0
BRDA:40,3,1,0
BRDA:40,3,2,0
BRDA:46,4,0,0
BRDA:46,4,1,0
BRF:11
BRH:0
end_of_record
TN:
SF:src/tasks/Project/InviteInput.jsx
FN:4,InviteInput
FN:11,(anonymous_1)
FN:17,(anonymous_2)
FN:21,(anonymous_3)
FN:27,(anonymous_4)
FN:30,(anonymous_5)
FN:32,(anonymous_6)
FN:35,(anonymous_7)
FN:41,(anonymous_8)
FN:51,(anonymous_9)
FN:61,(anonymous_10)
FN:66,(anonymous_11)
FN:71,(anonymous_12)
FN:76,(anonymous_13)
FN:79,(anonymous_14)
FN:81,(anonymous_15)
FN:84,(anonymous_16)
FN:90,(anonymous_17)
FN:100,(anonymous_18)
FNF:19
FNH:0
FNDA:0,InviteInput
FNDA:0,(anonymous_1)
FNDA:0,(anonymous_2)
FNDA:0,(anonymous_3)
FNDA:0,(anonymous_4)
FNDA:0,(anonymous_5)
FNDA:0,(anonymous_6)
FNDA:0,(anonymous_7)
FNDA:0,(anonymous_8)
FNDA:0,(anonymous_9)
FNDA:0,(anonymous_10)
FNDA:0,(anonymous_11)
FNDA:0,(anonymous_12)
FNDA:0,(anonymous_13)
FNDA:0,(anonymous_14)
FNDA:0,(anonymous_15)
FNDA:0,(anonymous_16)
FNDA:0,(anonymous_17)
FNDA:0,(anonymous_18)
DA:9,0
DA:11,0
DA:12,0
DA:13,0
DA:14,0
DA:17,0
DA:18,0
DA:21,0
DA:22,0
DA:23,0
DA:24,0
DA:27,0
DA:28,0
DA:29,0
DA:31,0
DA:33,0
DA:36,0
DA:37,0
DA:42,0
DA:43,0
DA:49,0
DA:52,0
DA:61,0
DA:67,0
DA:71,0
DA:77,0
DA:78,0
DA:80,0
DA:82,0
DA:85,0
DA:86,0
DA:91,0
DA:92,0
DA:100,0
DA:112,0
LF:35
LH:0
BRDA:28,0,0,0
BRDA:28,0,1,0
BRDA:36,1,0,0
BRDA:36,1,1,0
BRDA:36,2,0,0
BRDA:36,2,1,0
BRDA:42,3,0,0
BRDA:42,3,1,0
BRDA:42,4,0,0
BRDA:42,4,1,0
BRDA:85,5,0,0
BRDA:85,5,1,0
BRDA:85,6,0,0
BRDA:85,6,1,0
BRDA:91,7,0,0
BRDA:91,7,1,0
BRDA:91,8,0,0
BRDA:91,8,1,0
BRF:18
BRH:0
end_of_record
TN:
SF:src/tasks/Project/ProcessDate.jsx
FN:7,ProcessDate
FN:8,(anonymous_1)
FN:24,(anonymous_2)
FN:37,(anonymous_3)
FN:45,(anonymous_4)
FN:56,(anonymous_5)
FN:59,(anonymous_6)
FN:69,(anonymous_7)
FN:73,(anonymous_8)
FNF:9
FNH:0
FNDA:0,ProcessDate
FNDA:0,(anonymous_1)
FNDA:0,(anonymous_2)
FNDA:0,(anonymous_3)
FNDA:0,(anonymous_4)
FNDA:0,(anonymous_5)
FNDA:0,(anonymous_6)
FNDA:0,(anonymous_7)
FNDA:0,(anonymous_8)
DA:8,0
DA:9,0
DA:10,0
DA:13,0
DA:14,0
DA:21,0
DA:24,0
DA:25,0
DA:35,0
DA:38,0
DA:45,0
DA:56,0
DA:60,0
DA:66,0
DA:67,0
DA:70,0
DA:73,0
LF:17
LH:0
BRDA:13,0,0,0
BRDA:13,0,1,0
BRDA:13,1,0,0
BRDA:13,1,1,0
BRDA:27,2,0,0
BRDA:27,2,1,0
BRDA:44,3,0,0
BRDA:44,3,1,0
BRDA:72,4,0,0
BRDA:72,4,1,0
BRF:10
BRH:0
end_of_record
TN:
SF:src/tasks/Project/ProjectInput.jsx
FN:6,ProjectInput
FNF:1
FNH:0
FNDA:0,ProjectInput
DA:7,0
DA:8,0
DA:62,0
LF:3
LH:0
BRF:0
BRH:0
end_of_record
TN:
SF:src/utils/util.js
FN:7,axiosOpts
FN:18,axiosCredentials
FN:30,checkSession
FN:37,refetchProject
FN:41,(anonymous_4)
FN:43,(anonymous_5)
FN:49,(anonymous_6)
FN:54,(anonymous_7)
FN:70,(anonymous_8)
FN:86,project_initial
FN:104,project_dateRange
FN:205,MonthCalendar
FN:231,(anonymous_12)
FNF:13
FNH:0
FNDA:0,axiosOpts
FNDA:0,axiosCredentials
FNDA:0,checkSession
FNDA:0,refetchProject
FNDA:0,(anonymous_4)
FNDA:0,(anonymous_5)
FNDA:0,(anonymous_6)
FNDA:0,(anonymous_7)
FNDA:0,(anonymous_8)
FNDA:0,project_initial
FNDA:0,project_dateRange
FNDA:0,MonthCalendar
FNDA:0,(anonymous_12)
DA:8,0
DA:19,0
DA:31,0
DA:32,0
DA:33,0
DA:34,0
DA:38,0
DA:39,0
DA:40,0
DA:42,0
DA:43,0
DA:44,0
DA:47,0
DA:48,0
DA:50,0
DA:53,0
DA:55,0
DA:58,0
DA:71,0
DA:72,0
DA:77,0
DA:78,0
DA:80,0
DA:87,0
DA:88,0
DA:95,0
DA:105,0
DA:106,0
DA:157,0
DA:206,0
DA:208,0
DA:210,0
DA:211,0
DA:213,0
DA:214,0
DA:215,0
DA:216,0
DA:217,0
DA:219,0
DA:222,0
DA:223,0
DA:224,0
DA:228,0
DA:229,0
DA:231,0
DA:232,0
LF:46
LH:0
BRDA:31,0,0,0
BRDA:31,0,1,0
BRDA:33,1,0,0
BRDA:33,1,1,0
BRDA:38,2,0,0
BRDA:38,2,1,0
BRDA:50,3,0,0
BRDA:50,3,1,0
BRDA:55,4,0,0
BRDA:55,4,1,0
BRDA:72,5,0,0
BRDA:72,5,1,0
BRDA:73,6,0,0
BRDA:73,6,1,0
BRDA:73,6,2,0
BRDA:77,7,0,0
BRDA:77,7,1,0
BRDA:87,8,0,0
BRDA:87,8,1,0
BRDA:105,9,0,0
BRDA:105,9,1,0
BRDA:217,10,0,0
BRDA:217,10,1,0
BRDA:217,11,0,0
BRDA:217,11,1,0
BRDA:223,12,0,0
BRDA:223,12,1,0
BRDA:223,13,0,0
BRDA:223,13,1,0
BRF:29
BRH:0
end_of_record
TN:
SF:src/widgets/feedback-stats/model/types.ts
FNF:0
FNH:0
LF:0
LH:0
BRF:0
BRH:0
end_of_record
TN:
SF:src/widgets/feedback-stats/ui/FeedbackStatsWidget.tsx
FN:8,FeedbackStatsWidget
FN:25,(anonymous_1)
FN:32,(anonymous_2)
FN:50,(anonymous_3)
FN:54,(anonymous_4)
FN:62,(anonymous_5)
FNF:6
FNH:0
FNDA:0,FeedbackStatsWidget
FNDA:0,(anonymous_1)
FNDA:0,(anonymous_2)
FNDA:0,(anonymous_3)
FNDA:0,(anonymous_4)
FNDA:0,(anonymous_5)
DA:15,0
DA:16,0
DA:25,0
DA:26,0
DA:27,0
DA:28,0
DA:29,0
DA:31,0
DA:32,0
DA:33,0
DA:34,0
DA:36,0
DA:44,0
DA:45,0
DA:46,0
DA:50,0
DA:54,0
DA:55,0
DA:56,0
DA:58,0
DA:62,0
DA:63,0
DA:64,0
DA:67,0
DA:74,0
DA:75,0
DA:88,0
LF:27
LH:0
BRDA:10,0,0,0
BRDA:12,1,0,0
BRDA:26,2,0,0
BRDA:26,2,1,0
BRDA:26,3,0,0
BRDA:26,3,1,0
BRDA:44,4,0,0
BRDA:44,4,1,0
BRDA:55,5,0,0
BRDA:55,5,1,0
BRDA:63,6,0,0
BRDA:63,6,1,0
BRDA:63,7,0,0
BRDA:63,7,1,0
BRDA:70,8,0,0
BRDA:70,8,1,0
BRDA:74,9,0,0
BRDA:74,9,1,0
BRDA:96,10,0,0
BRDA:96,10,1,0
BRF:20
BRH:0
end_of_record
TN:
SF:src/widgets/header/model/types.ts
FNF:0
FNH:0
LF:0
LH:0
BRF:0
BRH:0
end_of_record
TN:
SF:src/widgets/header/ui/Header.tsx
FN:11,(anonymous_0)
FN:32,(anonymous_1)
FN:41,(anonymous_2)
FN:42,(anonymous_3)
FN:84,(anonymous_4)
FN:94,(anonymous_5)
FN:151,(anonymous_6)
FN:167,(anonymous_7)
FNF:8
FNH:0
FNDA:0,(anonymous_0)
FNDA:0,(anonymous_1)
FNDA:0,(anonymous_2)
FNDA:0,(anonymous_3)
FNDA:0,(anonymous_4)
FNDA:0,(anonymous_5)
FNDA:0,(anonymous_6)
FNDA:0,(anonymous_7)
DA:11,0
DA:22,0
DA:23,0
DA:26,0
DA:32,0
DA:41,0
DA:42,0
DA:43,0
DA:45,0
DA:47,0
DA:59,0
DA:71,0
DA:78,0
DA:84,0
DA:85,0
DA:96,0
DA:104,0
DA:108,0
DA:109,0
DA:111,0
DA:118,0
DA:148,0
DA:151,0
DA:167,0
LF:24
LH:0
BRDA:12,0,0,0
BRDA:13,1,0,0
BRDA:14,2,0,0
BRDA:15,3,0,0
BRDA:17,4,0,0
BRDA:32,5,0,0
BRDA:32,5,1,0
BRDA:45,6,0,0
BRDA:45,6,1,0
BRDA:45,6,2,0
BRDA:45,6,3,0
BRDA:48,7,0,0
BRDA:48,7,1,0
BRDA:51,8,0,0
BRDA:51,8,1,0
BRDA:53,9,0,0
BRDA:53,9,1,0
BRDA:62,10,0,0
BRDA:62,10,1,0
BRDA:64,11,0,0
BRDA:64,11,1,0
BRDA:72,12,0,0
BRDA:72,12,1,0
BRDA:108,13,0,0
BRDA:108,13,1,0
BRDA:113,14,0,0
BRDA:113,14,1,0
BRDA:114,15,0,0
BRDA:114,15,1,0
BRDA:132,16,0,0
BRDA:132,16,1,0
BRDA:169,17,0,0
BRDA:169,17,1,0
BRF:33
BRH:0
end_of_record
TN:
SF:src/widgets/invitation-stats/model/types.ts
FNF:0
FNH:0
LF:0
LH:0
BRF:0
BRH:0
end_of_record
TN:
SF:src/widgets/invitation-stats/ui/InvitationStatsWidget.tsx
FN:8,InvitationStatsWidget
FN:24,(anonymous_1)
FN:31,(anonymous_2)
FN:48,(anonymous_3)
FN:52,(anonymous_4)
FN:60,(anonymous_5)
FNF:6
FNH:0
FNDA:0,InvitationStatsWidget
FNDA:0,(anonymous_1)
FNDA:0,(anonymous_2)
FNDA:0,(anonymous_3)
FNDA:0,(anonymous_4)
FNDA:0,(anonymous_5)
DA:15,0
DA:16,0
DA:24,0
DA:25,0
DA:26,0
DA:27,0
DA:28,0
DA:30,0
DA:31,0
DA:32,0
DA:33,0
DA:35,0
DA:42,0
DA:43,0
DA:44,0
DA:48,0
DA:52,0
DA:53,0
DA:54,0
DA:56,0
DA:60,0
DA:61,0
DA:62,0
DA:65,0
DA:72,0
DA:73,0
DA:86,0
LF:27
LH:0
BRDA:10,0,0,0
BRDA:12,1,0,0
BRDA:25,2,0,0
BRDA:25,2,1,0
BRDA:25,3,0,0
BRDA:25,3,1,0
BRDA:42,4,0,0
BRDA:42,4,1,0
BRDA:53,5,0,0
BRDA:53,5,1,0
BRDA:61,6,0,0
BRDA:61,6,1,0
BRDA:61,7,0,0
BRDA:61,7,1,0
BRDA:68,8,0,0
BRDA:68,8,1,0
BRDA:72,9,0,0
BRDA:72,9,1,0
BRDA:94,10,0,0
BRDA:94,10,1,0
BRF:20
BRH:0
end_of_record
TN:
SF:src/widgets/project-stats/model/types.ts
FNF:0
FNH:0
LF:0
LH:0
BRF:0
BRH:0
end_of_record
TN:
SF:src/widgets/project-stats/ui/ProjectStatsWidget.tsx
FN:8,ProjectStatsWidget
FN:24,(anonymous_1)
FN:31,(anonymous_2)
FN:48,(anonymous_3)
FN:52,(anonymous_4)
FNF:5
FNH:0
FNDA:0,ProjectStatsWidget
FNDA:0,(anonymous_1)
FNDA:0,(anonymous_2)
FNDA:0,(anonymous_3)
FNDA:0,(anonymous_4)
DA:15,0
DA:16,0
DA:24,0
DA:25,0
DA:26,0
DA:27,0
DA:28,0
DA:30,0
DA:31,0
DA:32,0
DA:33,0
DA:35,0
DA:42,0
DA:43,0
DA:44,0
DA:48,0
DA:52,0
DA:53,0
DA:54,0
DA:56,0
DA:60,0
DA:67,0
DA:68,0
DA:81,0
LF:24
LH:0
BRDA:10,0,0,0
BRDA:12,1,0,0
BRDA:25,2,0,0
BRDA:25,2,1,0
BRDA:25,3,0,0
BRDA:25,3,1,0
BRDA:42,4,0,0
BRDA:42,4,1,0
BRDA:53,5,0,0
BRDA:53,5,1,0
BRDA:63,6,0,0
BRDA:63,6,1,0
BRDA:67,7,0,0
BRDA:67,7,1,0
BRDA:89,8,0,0
BRDA:89,8,1,0
BRF:16
BRH:0
end_of_record
TN:
SF:src/widgets/sidebar/model/types.ts
FNF:0
FNH:0
LF:0
LH:0
BRF:0
BRH:0
end_of_record
TN:
SF:src/widgets/sidebar/ui/Sidebar.tsx
FN:11,(anonymous_0)
FN:36,(anonymous_1)
FN:39,(anonymous_2)
FN:47,(anonymous_3)
FN:48,(anonymous_4)
FN:57,(anonymous_5)
FN:76,(anonymous_6)
FN:85,(anonymous_7)
FN:97,(anonymous_8)
FN:107,(anonymous_9)
FN:109,(anonymous_10)
FN:115,(anonymous_11)
FN:116,(anonymous_12)
FN:124,(anonymous_13)
FN:129,(anonymous_14)
FN:134,(anonymous_15)
FN:135,(anonymous_16)
FN:140,(anonymous_17)
FN:153,(anonymous_18)
FN:177,(anonymous_19)
FN:198,(anonymous_20)
FNF:21
FNH:0
FNDA:0,(anonymous_0)
FNDA:0,(anonymous_1)
FNDA:0,(anonymous_2)
FNDA:0,(anonymous_3)
FNDA:0,(anonymous_4)
FNDA:0,(anonymous_5)
FNDA:0,(anonymous_6)
FNDA:0,(anonymous_7)
FNDA:0,(anonymous_8)
FNDA:0,(anonymous_9)
FNDA:0,(anonymous_10)
FNDA:0,(anonymous_11)
FNDA:0,(anonymous_12)
FNDA:0,(anonymous_13)
FNDA:0,(anonymous_14)
FNDA:0,(anonymous_15)
FNDA:0,(anonymous_16)
FNDA:0,(anonymous_17)
FNDA:0,(anonymous_18)
FNDA:0,(anonymous_19)
FNDA:0,(anonymous_20)
DA:11,0
DA:25,0
DA:26,0
DA:29,0
DA:36,0
DA:37,0
DA:39,0
DA:40,0
DA:43,0
DA:47,0
DA:48,0
DA:57,0
DA:58,0
DA:60,0
DA:61,0
DA:63,0
DA:64,0
DA:68,0
DA:69,0
DA:72,0
DA:76,0
DA:77,0
DA:78,0
DA:80,0
DA:85,0
DA:86,0
DA:89,0
DA:90,0
DA:94,0
DA:95,0
DA:97,0
DA:103,0
DA:107,0
DA:108,0
DA:109,0
DA:110,0
DA:115,0
DA:116,0
DA:124,0
DA:125,0
DA:129,0
DA:130,0
DA:134,0
DA:135,0
DA:136,0
DA:140,0
DA:141,0
DA:142,0
DA:145,0
DA:146,0
DA:148,0
DA:153,0
DA:154,0
DA:155,0
DA:156,0
DA:160,0
DA:166,0
DA:178,0
DA:198,0
DA:221,0
LF:60
LH:0
BRDA:13,0,0,0
BRDA:14,1,0,0
BRDA:19,2,0,0
BRDA:20,3,0,0
BRDA:21,4,0,0
BRDA:37,5,0,0
BRDA:37,5,1,0
BRDA:52,6,0,0
BRDA:52,6,1,0
BRDA:58,7,0,0
BRDA:58,7,1,0
BRDA:58,8,0,0
BRDA:58,8,1,0
BRDA:60,9,0,0
BRDA:60,9,1,0
BRDA:61,10,0,0
BRDA:61,10,1,0
BRDA:61,10,2,0
BRDA:63,11,0,0
BRDA:63,11,1,0
BRDA:64,12,0,0
BRDA:64,12,1,0
BRDA:64,12,2,0
BRDA:68,13,0,0
BRDA:68,13,1,0
BRDA:69,14,0,0
BRDA:69,14,1,0
BRDA:77,15,0,0
BRDA:77,15,1,0
BRDA:86,16,0,0
BRDA:86,16,1,0
BRDA:89,17,0,0
BRDA:89,17,1,0
BRDA:94,18,0,0
BRDA:94,18,1,0
BRDA:94,19,0,0
BRDA:94,19,1,0
BRDA:95,20,0,0
BRDA:95,20,1,0
BRDA:100,21,0,0
BRDA:100,21,1,0
BRDA:108,22,0,0
BRDA:108,22,1,0
BRDA:125,23,0,0
BRDA:125,23,1,0
BRDA:141,24,0,0
BRDA:141,24,1,0
BRDA:145,25,0,0
BRDA:145,25,1,0
BRDA:154,26,0,0
BRDA:154,26,1,0
BRDA:154,27,0,0
BRDA:154,27,1,0
BRDA:162,28,0,0
BRDA:162,28,1,0
BRDA:184,29,0,0
BRDA:184,29,1,0
BRDA:184,29,2,0
BRDA:185,30,0,0
BRDA:185,30,1,0
BRDA:186,31,0,0
BRDA:186,31,1,0
BRDA:206,32,0,0
BRDA:206,32,1,0
BRF:64
BRH:0
end_of_record
