TN:
SF:src\app\layout.tsx
FN:56,RootLayout
FNF:1
FNH:0
FNDA:0,RootLayout
DA:1,0
DA:2,0
DA:3,0
DA:4,0
DA:8,0
DA:44,0
DA:56,0
LF:7
LH:0
BRF:0
BRH:0
end_of_record
TN:
SF:src\app\page.tsx
FN:10,HomePage
FN:15,(anonymous_3)
FNF:2
FNH:0
FNDA:0,HomePage
FNDA:0,(anonymous_3)
DA:3,0
DA:4,0
DA:5,0
DA:6,0
DA:7,0
DA:8,0
DA:10,0
DA:11,0
DA:12,0
DA:13,0
DA:15,0
DA:16,0
LF:12
LH:0
BRDA:20,0,0,0
BRDA:20,0,1,0
BRF:2
BRH:0
end_of_record
TN:
SF:src\app\providers.tsx
FN:7,Providers
FNF:1
FNH:0
FNDA:0,Providers
DA:3,0
DA:4,0
DA:5,0
DA:7,0
LF:4
LH:0
BRF:0
BRH:0
end_of_record
TN:
SF:src\components\Header.jsx
FN:6,Header
FN:27,makeHtml
FN:28,(anonymous_4)
FN:34,(anonymous_5)
FNF:4
FNH:1
FNDA:68,Header
FNDA:0,makeHtml
FNDA:0,(anonymous_4)
FNDA:0,(anonymous_5)
DA:1,1
DA:2,1
DA:4,1
DA:6,15
DA:13,68
DA:15,0
DA:16,0
DA:28,0
DA:29,0
DA:31,0
DA:34,0
DA:40,0
DA:41,0
DA:43,0
DA:47,0
LF:15
LH:5
BRDA:8,0,0,68
BRDA:9,1,0,68
BRDA:27,2,0,0
BRDA:29,3,0,0
BRDA:29,3,1,0
BRDA:41,4,0,0
BRF:6
BRH:2
end_of_record
TN:
SF:src\components\LoginIntro.jsx
FN:5,LoginIntro
FN:11,(anonymous_3)
FNF:2
FNH:0
FNDA:0,LoginIntro
FNDA:0,(anonymous_3)
DA:1,0
DA:2,0
DA:3,0
DA:5,0
DA:6,0
DA:11,0
LF:6
LH:0
BRF:0
BRH:0
end_of_record
TN:
SF:src\components\PageTemplate.jsx
FN:13,PageTemplate
FN:26,(anonymous_3)
FN:28,(anonymous_4)
FNF:3
FNH:0
FNDA:0,PageTemplate
FNDA:0,(anonymous_3)
FNDA:0,(anonymous_4)
DA:1,0
DA:2,0
DA:3,0
DA:5,0
DA:6,0
DA:7,0
DA:8,0
DA:9,0
DA:10,0
DA:11,0
DA:13,0
DA:25,0
DA:26,0
DA:28,0
DA:29,0
DA:30,0
DA:31,0
DA:32,0
DA:45,0
DA:46,0
DA:53,0
DA:54,0
LF:22
LH:0
BRDA:16,0,0,0
BRDA:17,1,0,0
BRDA:18,2,0,0
BRDA:19,3,0,0
BRDA:29,4,0,0
BRDA:31,5,0,0
BRDA:45,6,0,0
BRDA:53,7,0,0
BRDA:63,8,0,0
BRDA:63,8,1,0
BRDA:71,9,0,0
BRDA:77,10,0,0
BRF:12
BRH:0
end_of_record
TN:
SF:src\components\SideBar.jsx
FN:8,SideBar
FN:11,(anonymous_6)
FN:16,(anonymous_7)
FN:19,(anonymous_8)
FN:29,(anonymous_9)
FN:45,(anonymous_10)
FN:54,(anonymous_11)
FN:67,(anonymous_12)
FN:86,(anonymous_13)
FN:100,(anonymous_14)
FN:111,(anonymous_15)
FN:129,(anonymous_16)
FN:133,(anonymous_17)
FN:141,(anonymous_18)
FN:143,(anonymous_19)
FN:163,(anonymous_20)
FNF:16
FNH:0
FNDA:0,SideBar
FNDA:0,(anonymous_6)
FNDA:0,(anonymous_7)
FNDA:0,(anonymous_8)
FNDA:0,(anonymous_9)
FNDA:0,(anonymous_10)
FNDA:0,(anonymous_11)
FNDA:0,(anonymous_12)
FNDA:0,(anonymous_13)
FNDA:0,(anonymous_14)
FNDA:0,(anonymous_15)
FNDA:0,(anonymous_16)
FNDA:0,(anonymous_17)
FNDA:0,(anonymous_18)
FNDA:0,(anonymous_19)
FNDA:0,(anonymous_20)
DA:1,0
DA:2,0
DA:3,0
DA:4,0
DA:5,0
DA:6,0
DA:8,0
DA:9,0
DA:10,0
DA:11,0
DA:12,0
DA:13,0
DA:14,0
DA:16,0
DA:17,0
DA:18,0
DA:19,0
DA:20,0
DA:25,0
DA:29,0
DA:30,0
DA:31,0
DA:33,0
DA:35,0
DA:46,0
DA:47,0
DA:55,0
DA:56,0
DA:68,0
DA:69,0
DA:71,0
DA:73,0
DA:87,0
DA:88,0
DA:90,0
DA:92,0
DA:101,0
DA:102,0
DA:112,0
DA:113,0
DA:115,0
DA:129,0
DA:133,0
DA:142,0
DA:144,0
DA:145,0
DA:147,0
DA:163,0
DA:174,0
LF:49
LH:0
BRDA:17,0,0,0
BRDA:20,1,0,0
BRDA:20,1,1,0
BRDA:30,2,0,0
BRDA:30,2,1,0
BRDA:44,3,0,0
BRDA:44,3,1,0
BRDA:53,4,0,0
BRDA:53,4,1,0
BRDA:64,5,0,0
BRDA:64,5,1,0
BRDA:64,5,2,0
BRDA:68,6,0,0
BRDA:68,6,1,0
BRDA:83,7,0,0
BRDA:83,7,1,0
BRDA:83,7,2,0
BRDA:87,8,0,0
BRDA:87,8,1,0
BRDA:99,9,0,0
BRDA:99,9,1,0
BRDA:112,10,0,0
BRDA:122,11,0,0
BRDA:122,11,1,0
BRDA:125,12,0,0
BRDA:125,12,1,0
BRDA:128,13,0,0
BRDA:128,13,1,0
BRDA:144,14,0,0
BRDA:144,14,1,0
BRDA:158,15,0,0
BRF:31
BRH:0
end_of_record
TN:
SF:src\hooks\UseAxios.js
FN:9,(anonymous_2)
FN:17,(anonymous_3)
FN:24,(anonymous_4)
FN:26,(anonymous_5)
FN:33,(anonymous_6)
FN:55,(anonymous_7)
FNF:6
FNH:0
FNDA:0,(anonymous_2)
FNDA:0,(anonymous_3)
FNDA:0,(anonymous_4)
FNDA:0,(anonymous_5)
FNDA:0,(anonymous_6)
FNDA:0,(anonymous_7)
DA:1,0
DA:2,0
DA:3,0
DA:4,0
DA:6,0
DA:7,0
DA:9,0
DA:10,0
DA:11,0
DA:16,0
DA:17,0
DA:18,0
DA:22,0
DA:24,0
DA:25,0
DA:27,0
DA:34,0
DA:39,0
DA:40,0
DA:42,0
DA:44,0
DA:45,0
DA:47,0
DA:55,0
DA:56,0
DA:57,0
DA:59,0
DA:61,0
DA:64,0
LF:29
LH:0
BRDA:9,0,0,0
BRDA:34,1,0,0
BRDA:34,1,1,0
BRDA:35,2,0,0
BRDA:35,2,1,0
BRDA:35,2,2,0
BRDA:39,3,0,0
BRDA:44,4,0,0
BRDA:44,5,0,0
BRDA:44,5,1,0
BRDA:56,6,0,0
BRF:11
BRH:0
end_of_record
TN:
SF:src\hooks\UseInput.js
FN:3,(anonymous_1)
FN:5,(anonymous_2)
FNF:2
FNH:0
FNDA:0,(anonymous_1)
FNDA:0,(anonymous_2)
DA:1,0
DA:3,0
DA:4,0
DA:5,0
DA:6,0
DA:7,0
DA:8,0
DA:9,0
DA:11,0
DA:12,0
DA:18,0
DA:21,0
LF:12
LH:0
BRDA:8,0,0,0
BRDA:8,1,0,0
BRDA:8,1,1,0
BRDA:11,2,0,0
BRF:4
BRH:0
end_of_record
TN:
SF:src\hooks\UseTab.js
FN:3,(anonymous_1)
FNF:1
FNH:0
FNDA:0,(anonymous_1)
DA:1,0
DA:3,0
DA:4,0
DA:5,0
DA:6,0
DA:8,0
DA:14,0
LF:7
LH:0
BRDA:5,0,0,0
BRDA:5,1,0,0
BRDA:5,1,1,0
BRF:3
BRH:0
end_of_record
TN:
SF:src\hooks\Usefile.js
FN:3,(anonymous_1)
FN:5,(anonymous_2)
FN:10,(anonymous_3)
FNF:3
FNH:0
FNDA:0,(anonymous_1)
FNDA:0,(anonymous_2)
FNDA:0,(anonymous_3)
DA:1,0
DA:3,0
DA:4,0
DA:5,0
DA:6,0
DA:7,0
DA:8,0
DA:10,0
DA:11,0
DA:12,0
DA:13,0
DA:15,0
DA:18,0
LF:13
LH:0
BRF:0
BRH:0
end_of_record
TN:
SF:src\hooks\useAxios.ts
FN:24,(anonymous_2)
FN:33,(anonymous_3)
FN:41,(anonymous_4)
FN:43,(anonymous_5)
FN:50,(anonymous_6)
FN:77,(anonymous_7)
FNF:6
FNH:0
FNDA:0,(anonymous_2)
FNDA:0,(anonymous_3)
FNDA:0,(anonymous_4)
FNDA:0,(anonymous_5)
FNDA:0,(anonymous_6)
FNDA:0,(anonymous_7)
DA:3,0
DA:4,0
DA:5,0
DA:6,0
DA:8,0
DA:9,0
DA:24,0
DA:25,0
DA:26,0
DA:31,0
DA:33,0
DA:34,0
DA:38,0
DA:41,0
DA:42,0
DA:44,0
DA:51,0
DA:56,0
DA:57,0
DA:58,0
DA:61,0
DA:63,0
DA:64,0
DA:65,0
DA:68,0
DA:77,0
DA:78,0
DA:79,0
DA:81,0
DA:84,0
DA:87,0
LF:31
LH:0
BRDA:24,0,0,0
BRDA:51,1,0,0
BRDA:51,1,1,0
BRDA:52,2,0,0
BRDA:52,2,1,0
BRDA:52,2,2,0
BRDA:56,3,0,0
BRDA:57,4,0,0
BRDA:63,5,0,0
BRDA:63,6,0,0
BRDA:63,6,1,0
BRDA:64,7,0,0
BRDA:78,8,0,0
BRF:13
BRH:0
end_of_record
TN:
SF:src\hooks\useInput.ts
FN:6,(anonymous_1)
FN:9,(anonymous_2)
FNF:2
FNH:0
FNDA:0,(anonymous_1)
FNDA:0,(anonymous_2)
DA:1,0
DA:6,0
DA:7,0
DA:9,0
DA:10,0
DA:11,0
DA:13,0
DA:14,0
DA:17,0
DA:18,0
DA:25,0
DA:28,0
LF:12
LH:0
BRDA:13,0,0,0
BRDA:13,1,0,0
BRDA:13,1,1,0
BRDA:17,2,0,0
BRF:4
BRH:0
end_of_record
TN:
SF:src\pages\Home.jsx
FN:37,Home
FN:67,(anonymous_3)
FN:134,(anonymous_4)
FN:160,(anonymous_5)
FN:186,(anonymous_6)
FN:213,(anonymous_7)
FN:692,(anonymous_8)
FN:693,(anonymous_9)
FNF:8
FNH:0
FNDA:0,Home
FNDA:0,(anonymous_3)
FNDA:0,(anonymous_4)
FNDA:0,(anonymous_5)
FNDA:0,(anonymous_6)
FNDA:0,(anonymous_7)
FNDA:0,(anonymous_8)
FNDA:0,(anonymous_9)
DA:1,0
DA:2,0
DA:3,0
DA:4,0
DA:5,0
DA:6,0
DA:7,0
DA:8,0
DA:9,0
DA:10,0
DA:11,0
DA:12,0
DA:13,0
DA:14,0
DA:15,0
DA:16,0
DA:18,0
DA:19,0
DA:21,0
DA:23,0
DA:25,0
DA:27,0
DA:29,0
DA:30,0
DA:31,0
DA:32,0
DA:34,0
DA:35,0
DA:37,0
DA:38,0
DA:67,0
DA:134,0
DA:160,0
DA:186,0
DA:213,0
DA:692,0
DA:693,0
LF:37
LH:0
BRF:0
BRH:0
end_of_record
TN:
SF:src\pages\Privacy.jsx
FN:5,Privacy
FN:8,(anonymous_2)
FN:11,(anonymous_3)
FNF:3
FNH:0
FNDA:0,Privacy
FNDA:0,(anonymous_2)
FNDA:0,(anonymous_3)
DA:1,0
DA:2,0
DA:3,0
DA:5,0
DA:6,0
DA:8,0
DA:9,0
DA:11,0
DA:12,0
LF:9
LH:0
BRF:0
BRH:0
end_of_record
TN:
SF:src\pages\Terms.jsx
FN:5,Terms
FN:8,(anonymous_2)
FN:12,(anonymous_3)
FNF:3
FNH:0
FNDA:0,Terms
FNDA:0,(anonymous_2)
FNDA:0,(anonymous_3)
DA:1,0
DA:2,0
DA:3,0
DA:5,0
DA:6,0
DA:8,0
DA:9,0
DA:12,0
DA:13,0
LF:9
LH:0
BRF:0
BRH:0
end_of_record
TN:
SF:src\pages\Cms\Calendar.jsx
FN:20,Calendar
FN:24,(anonymous_3)
FN:31,(anonymous_4)
FN:35,(anonymous_5)
FN:40,refetch
FN:44,(anonymous_7)
FN:56,(anonymous_8)
FN:57,(anonymous_9)
FN:62,(anonymous_10)
FN:66,(anonymous_11)
FN:131,(anonymous_12)
FN:167,(anonymous_13)
FN:178,(anonymous_14)
FN:201,(anonymous_15)
FNF:14
FNH:0
FNDA:0,Calendar
FNDA:0,(anonymous_3)
FNDA:0,(anonymous_4)
FNDA:0,(anonymous_5)
FNDA:0,refetch
FNDA:0,(anonymous_7)
FNDA:0,(anonymous_8)
FNDA:0,(anonymous_9)
FNDA:0,(anonymous_10)
FNDA:0,(anonymous_11)
FNDA:0,(anonymous_12)
FNDA:0,(anonymous_13)
FNDA:0,(anonymous_14)
FNDA:0,(anonymous_15)
DA:1,0
DA:3,0
DA:4,0
DA:5,0
DA:6,0
DA:7,0
DA:8,0
DA:10,0
DA:11,0
DA:12,0
DA:14,0
DA:16,0
DA:17,0
DA:18,0
DA:20,0
DA:21,0
DA:22,0
DA:24,0
DA:25,0
DA:26,0
DA:28,0
DA:29,0
DA:31,0
DA:32,0
DA:33,0
DA:35,0
DA:36,0
DA:41,0
DA:44,0
DA:45,0
DA:46,0
DA:47,0
DA:50,0
DA:51,0
DA:52,0
DA:53,0
DA:54,0
DA:56,0
DA:57,0
DA:58,0
DA:62,0
DA:63,0
DA:66,0
DA:68,0
DA:69,0
DA:70,0
DA:72,0
DA:73,0
DA:74,0
DA:77,0
DA:78,0
DA:79,0
DA:80,0
DA:81,0
DA:82,0
DA:83,0
DA:85,0
DA:86,0
DA:91,0
DA:92,0
DA:93,0
DA:94,0
DA:95,0
DA:96,0
DA:98,0
DA:99,0
DA:100,0
DA:102,0
DA:106,0
DA:108,0
DA:109,0
DA:113,0
DA:114,0
DA:115,0
DA:116,0
DA:118,0
DA:119,0
DA:121,0
DA:122,0
DA:123,0
DA:126,0
DA:127,0
DA:131,0
DA:132,0
DA:168,0
DA:178,0
DA:202,0
LF:87
LH:0
BRDA:32,0,0,0
BRDA:32,0,1,0
BRDA:58,1,0,0
BRDA:58,1,1,0
BRDA:78,2,0,0
BRDA:81,3,0,0
BRDA:94,4,0,0
BRDA:99,5,0,0
BRDA:113,6,0,0
BRDA:113,6,1,0
BRDA:186,7,0,0
BRF:11
BRH:0
end_of_record
TN:
SF:src\pages\Cms\CmsHome.jsx
FN:13,CmsHome
FN:16,(anonymous_3)
FN:25,(anonymous_4)
FN:28,(anonymous_5)
FN:34,(anonymous_6)
FN:52,(anonymous_7)
FN:59,(anonymous_8)
FN:75,(anonymous_9)
FN:91,(anonymous_10)
FNF:9
FNH:0
FNDA:0,CmsHome
FNDA:0,(anonymous_3)
FNDA:0,(anonymous_4)
FNDA:0,(anonymous_5)
FNDA:0,(anonymous_6)
FNDA:0,(anonymous_7)
FNDA:0,(anonymous_8)
FNDA:0,(anonymous_9)
FNDA:0,(anonymous_10)
DA:1,0
DA:3,0
DA:4,0
DA:6,0
DA:7,0
DA:8,0
DA:10,0
DA:11,0
DA:13,0
DA:14,0
DA:15,0
DA:16,0
DA:18,0
DA:19,0
DA:20,0
DA:21,0
DA:22,0
DA:23,0
DA:25,0
DA:26,0
DA:28,0
DA:29,0
DA:30,0
DA:31,0
DA:34,0
DA:52,0
DA:60,0
DA:61,0
DA:63,0
DA:76,0
DA:77,0
DA:79,0
DA:91,0
LF:33
LH:0
BRDA:30,0,0,0
BRDA:60,1,0,0
BRDA:60,1,1,0
BRDA:76,2,0,0
BRDA:76,2,1,0
BRF:5
BRH:0
end_of_record
TN:
SF:src\pages\Cms\Elearning.jsx
FN:10,Elearning
FN:14,(anonymous_3)
FN:16,(anonymous_4)
FN:19,(anonymous_5)
FN:32,(anonymous_6)
FNF:5
FNH:0
FNDA:0,Elearning
FNDA:0,(anonymous_3)
FNDA:0,(anonymous_4)
FNDA:0,(anonymous_5)
FNDA:0,(anonymous_6)
DA:1,0
DA:2,0
DA:3,0
DA:6,0
DA:7,0
DA:8,0
DA:10,0
DA:11,0
DA:12,0
DA:14,0
DA:15,0
DA:17,0
DA:20,0
DA:33,0
LF:14
LH:0
BRF:0
BRH:0
end_of_record
TN:
SF:src\pages\Cms\Feedback.jsx
FN:24,Feedback
FN:26,(anonymous_6)
FN:33,(anonymous_7)
FN:38,(anonymous_8)
FN:51,(anonymous_9)
FN:54,(anonymous_10)
FN:56,(anonymous_11)
FN:59,(anonymous_12)
FN:66,Rating
FN:85,(anonymous_14)
FN:95,(anonymous_15)
FN:109,(anonymous_16)
FN:113,(anonymous_17)
FN:124,(anonymous_18)
FN:128,(anonymous_19)
FN:133,(anonymous_20)
FN:135,(anonymous_21)
FN:140,(anonymous_22)
FN:146,(anonymous_23)
FN:191,(anonymous_24)
FN:234,(anonymous_25)
FN:247,IsAdmin
FN:251,(anonymous_27)
FN:260,FileChange
FN:268,(anonymous_29)
FN:272,(anonymous_30)
FN:285,DeleteFile
FN:288,(anonymous_32)
FN:291,(anonymous_33)
FN:299,CopyFileUrl
FN:353,(anonymous_35)
FN:392,(anonymous_36)
FN:409,(anonymous_37)
FN:415,(anonymous_38)
FN:433,(anonymous_39)
FN:435,(anonymous_40)
FN:446,(anonymous_41)
FNF:37
FNH:0
FNDA:0,Feedback
FNDA:0,(anonymous_6)
FNDA:0,(anonymous_7)
FNDA:0,(anonymous_8)
FNDA:0,(anonymous_9)
FNDA:0,(anonymous_10)
FNDA:0,(anonymous_11)
FNDA:0,(anonymous_12)
FNDA:0,Rating
FNDA:0,(anonymous_14)
FNDA:0,(anonymous_15)
FNDA:0,(anonymous_16)
FNDA:0,(anonymous_17)
FNDA:0,(anonymous_18)
FNDA:0,(anonymous_19)
FNDA:0,(anonymous_20)
FNDA:0,(anonymous_21)
FNDA:0,(anonymous_22)
FNDA:0,(anonymous_23)
FNDA:0,(anonymous_24)
FNDA:0,(anonymous_25)
FNDA:0,IsAdmin
FNDA:0,(anonymous_27)
FNDA:0,FileChange
FNDA:0,(anonymous_29)
FNDA:0,(anonymous_30)
FNDA:0,DeleteFile
FNDA:0,(anonymous_32)
FNDA:0,(anonymous_33)
FNDA:0,CopyFileUrl
FNDA:0,(anonymous_35)
FNDA:0,(anonymous_36)
FNDA:0,(anonymous_37)
FNDA:0,(anonymous_38)
FNDA:0,(anonymous_39)
FNDA:0,(anonymous_40)
FNDA:0,(anonymous_41)
DA:1,0
DA:2,0
DA:3,0
DA:6,0
DA:7,0
DA:8,0
DA:9,0
DA:10,0
DA:11,0
DA:13,0
DA:15,0
DA:17,0
DA:19,0
DA:21,0
DA:22,0
DA:24,0
DA:25,0
DA:26,0
DA:28,0
DA:30,0
DA:31,0
DA:33,0
DA:34,0
DA:35,0
DA:39,0
DA:42,0
DA:44,0
DA:47,0
DA:51,0
DA:52,0
DA:54,0
DA:55,0
DA:57,0
DA:60,0
DA:61,0
DA:67,0
DA:68,0
DA:70,0
DA:74,0
DA:75,0
DA:80,0
DA:81,0
DA:83,0
DA:85,0
DA:86,0
DA:87,0
DA:88,0
DA:94,0
DA:95,0
DA:97,0
DA:98,0
DA:99,0
DA:109,0
DA:111,0
DA:113,0
DA:115,0
DA:116,0
DA:117,0
DA:118,0
DA:119,0
DA:121,0
DA:124,0
DA:126,0
DA:128,0
DA:129,0
DA:130,0
DA:133,0
DA:134,0
DA:135,0
DA:140,0
DA:141,0
DA:142,0
DA:146,0
DA:147,0
DA:148,0
DA:149,0
DA:152,0
DA:192,0
DA:235,0
DA:245,0
DA:248,0
DA:251,0
DA:254,0
DA:256,0
DA:261,0
DA:262,0
DA:264,0
DA:265,0
DA:266,0
DA:267,0
DA:269,0
DA:270,0
DA:273,0
DA:274,0
DA:275,0
DA:276,0
DA:280,0
DA:283,0
DA:286,0
DA:287,0
DA:289,0
DA:292,0
DA:293,0
DA:300,0
DA:301,0
DA:302,0
DA:303,0
DA:304,0
DA:305,0
DA:306,0
DA:354,0
DA:392,0
DA:410,0
DA:415,0
DA:433,0
DA:434,0
DA:435,0
DA:436,0
DA:447,0
LF:119
LH:0
BRDA:34,0,0,0
BRDA:34,0,1,0
BRDA:35,1,0,0
BRDA:35,1,1,0
BRDA:36,2,0,0
BRDA:36,2,1,0
BRDA:39,3,0,0
BRDA:39,3,1,0
BRDA:60,4,0,0
BRDA:60,5,0,0
BRDA:60,5,1,0
BRDA:67,6,0,0
BRDA:67,6,1,0
BRDA:86,7,0,0
BRDA:86,8,0,0
BRDA:86,8,1,0
BRDA:87,9,0,0
BRDA:87,9,1,0
BRDA:97,10,0,0
BRDA:118,11,0,0
BRDA:118,11,1,0
BRDA:118,12,0,0
BRDA:118,12,1,0
BRDA:141,13,0,0
BRDA:147,14,0,0
BRDA:155,15,0,0
BRDA:171,16,0,0
BRDA:181,17,0,0
BRDA:194,18,0,0
BRDA:194,18,1,0
BRDA:209,19,0,0
BRDA:231,20,0,0
BRDA:248,21,0,0
BRDA:248,21,1,0
BRDA:249,22,0,0
BRDA:249,22,1,0
BRDA:251,23,0,0
BRDA:251,23,1,0
BRDA:265,24,0,0
BRDA:265,24,1,0
BRDA:274,25,0,0
BRDA:274,26,0,0
BRDA:274,26,1,0
BRDA:286,27,0,0
BRDA:292,28,0,0
BRDA:292,29,0,0
BRDA:292,29,1,0
BRDA:314,30,0,0
BRDA:319,31,0,0
BRDA:319,31,1,0
BRDA:322,32,0,0
BRDA:328,33,0,0
BRDA:328,33,1,0
BRDA:344,34,0,0
BRDA:362,35,0,0
BRDA:362,35,1,0
BRDA:412,36,0,0
BRDA:412,36,1,0
BRF:58
BRH:0
end_of_record
TN:
SF:src\pages\Cms\FeedbackAll.jsx
FN:13,FeedbackAll
FN:19,(anonymous_6)
FN:22,(anonymous_7)
FN:33,IsAdmin
FN:37,(anonymous_9)
FN:53,(anonymous_10)
FN:60,(anonymous_11)
FN:66,(anonymous_12)
FNF:8
FNH:0
FNDA:0,FeedbackAll
FNDA:0,(anonymous_6)
FNDA:0,(anonymous_7)
FNDA:0,IsAdmin
FNDA:0,(anonymous_9)
FNDA:0,(anonymous_10)
FNDA:0,(anonymous_11)
FNDA:0,(anonymous_12)
DA:1,0
DA:2,0
DA:3,0
DA:7,0
DA:8,0
DA:10,0
DA:11,0
DA:13,0
DA:14,0
DA:15,0
DA:16,0
DA:17,0
DA:19,0
DA:20,0
DA:21,0
DA:22,0
DA:23,0
DA:24,0
DA:25,0
DA:27,0
DA:30,0
DA:34,0
DA:37,0
DA:40,0
DA:42,0
DA:53,0
DA:61,0
DA:67,0
LF:28
LH:0
BRDA:24,0,0,0
BRDA:24,0,1,0
BRDA:34,1,0,0
BRDA:34,1,1,0
BRDA:35,2,0,0
BRDA:35,2,1,0
BRDA:37,3,0,0
BRDA:37,3,1,0
BRDA:60,4,0,0
BRDA:71,5,0,0
BRDA:71,5,1,0
BRDA:78,6,0,0
BRDA:82,7,0,0
BRF:13
BRH:0
end_of_record
TN:
SF:src\pages\Cms\ProjectCreate.jsx
FN:16,ProjectCreate
FN:18,(anonymous_6)
FN:25,(anonymous_7)
FN:30,(anonymous_8)
FN:40,CreateBtn
FN:45,(anonymous_10)
FN:50,(anonymous_11)
FN:55,(anonymous_12)
FN:65,filename
FN:68,download
FN:98,(anonymous_15)
FN:99,(anonymous_16)
FN:122,(anonymous_17)
FN:125,(anonymous_18)
FNF:14
FNH:0
FNDA:0,ProjectCreate
FNDA:0,(anonymous_6)
FNDA:0,(anonymous_7)
FNDA:0,(anonymous_8)
FNDA:0,CreateBtn
FNDA:0,(anonymous_10)
FNDA:0,(anonymous_11)
FNDA:0,(anonymous_12)
FNDA:0,filename
FNDA:0,download
FNDA:0,(anonymous_15)
FNDA:0,(anonymous_16)
FNDA:0,(anonymous_17)
FNDA:0,(anonymous_18)
DA:1,0
DA:3,0
DA:4,0
DA:5,0
DA:6,0
DA:7,0
DA:8,0
DA:10,0
DA:11,0
DA:12,0
DA:13,0
DA:14,0
DA:16,0
DA:17,0
DA:18,0
DA:20,0
DA:21,0
DA:23,0
DA:25,0
DA:26,0
DA:27,0
DA:28,0
DA:29,0
DA:30,0
DA:32,0
DA:38,0
DA:41,0
DA:42,0
DA:43,0
DA:44,0
DA:45,0
DA:46,0
DA:49,0
DA:51,0
DA:52,0
DA:53,0
DA:56,0
DA:57,0
DA:58,0
DA:62,0
DA:66,0
DA:69,0
DA:70,0
DA:71,0
DA:72,0
DA:73,0
DA:74,0
DA:99,0
DA:123,0
DA:125,0
LF:50
LH:0
BRDA:30,0,0,0
BRDA:30,0,1,0
BRDA:38,1,0,0
BRDA:38,1,1,0
BRDA:38,2,0,0
BRDA:38,2,1,0
BRDA:38,2,2,0
BRDA:38,2,3,0
BRDA:41,3,0,0
BRDA:41,3,1,0
BRDA:57,4,0,0
BRDA:57,5,0,0
BRDA:57,5,1,0
BRDA:69,6,0,0
BRF:14
BRH:0
end_of_record
TN:
SF:src\pages\Cms\ProjectEdit.jsx
FN:23,ProjectEdit
FN:27,(anonymous_3)
FN:30,(anonymous_4)
FN:36,(anonymous_5)
FN:39,(anonymous_6)
FN:41,(anonymous_7)
FN:46,(anonymous_8)
FN:59,UpdateBtn
FN:64,(anonymous_10)
FN:69,(anonymous_11)
FN:74,(anonymous_12)
FN:84,DeleteBtn
FN:87,(anonymous_14)
FN:91,(anonymous_15)
FN:99,filename
FN:102,download
FN:112,ChangeRating
FN:123,(anonymous_19)
FN:155,(anonymous_20)
FN:162,(anonymous_21)
FN:185,(anonymous_22)
FN:186,(anonymous_23)
FN:196,(anonymous_24)
FN:197,(anonymous_25)
FN:200,(anonymous_26)
FN:204,(anonymous_27)
FN:206,(anonymous_28)
FN:209,(anonymous_29)
FN:215,(anonymous_30)
FN:227,(anonymous_31)
FN:230,(anonymous_32)
FNF:31
FNH:0
FNDA:0,ProjectEdit
FNDA:0,(anonymous_3)
FNDA:0,(anonymous_4)
FNDA:0,(anonymous_5)
FNDA:0,(anonymous_6)
FNDA:0,(anonymous_7)
FNDA:0,(anonymous_8)
FNDA:0,UpdateBtn
FNDA:0,(anonymous_10)
FNDA:0,(anonymous_11)
FNDA:0,(anonymous_12)
FNDA:0,DeleteBtn
FNDA:0,(anonymous_14)
FNDA:0,(anonymous_15)
FNDA:0,filename
FNDA:0,download
FNDA:0,ChangeRating
FNDA:0,(anonymous_19)
FNDA:0,(anonymous_20)
FNDA:0,(anonymous_21)
FNDA:0,(anonymous_22)
FNDA:0,(anonymous_23)
FNDA:0,(anonymous_24)
FNDA:0,(anonymous_25)
FNDA:0,(anonymous_26)
FNDA:0,(anonymous_27)
FNDA:0,(anonymous_28)
FNDA:0,(anonymous_29)
FNDA:0,(anonymous_30)
FNDA:0,(anonymous_31)
FNDA:0,(anonymous_32)
DA:1,0
DA:3,0
DA:4,0
DA:5,0
DA:6,0
DA:7,0
DA:8,0
DA:9,0
DA:11,0
DA:12,0
DA:13,0
DA:14,0
DA:15,0
DA:21,0
DA:23,0
DA:24,0
DA:25,0
DA:26,0
DA:27,0
DA:28,0
DA:30,0
DA:31,0
DA:32,0
DA:33,0
DA:34,0
DA:35,0
DA:36,0
DA:39,0
DA:40,0
DA:42,0
DA:43,0
DA:44,0
DA:47,0
DA:48,0
DA:57,0
DA:60,0
DA:61,0
DA:62,0
DA:63,0
DA:64,0
DA:65,0
DA:67,0
DA:68,0
DA:70,0
DA:71,0
DA:72,0
DA:75,0
DA:76,0
DA:80,0
DA:85,0
DA:86,0
DA:88,0
DA:89,0
DA:92,0
DA:93,0
DA:100,0
DA:103,0
DA:104,0
DA:105,0
DA:106,0
DA:107,0
DA:108,0
DA:122,0
DA:123,0
DA:124,0
DA:125,0
DA:129,0
DA:156,0
DA:162,0
DA:186,0
DA:197,0
DA:201,0
DA:202,0
DA:203,0
DA:205,0
DA:207,0
DA:210,0
DA:211,0
DA:216,0
DA:217,0
DA:228,0
DA:230,0
LF:82
LH:0
BRDA:36,0,0,0
BRDA:36,0,1,0
BRDA:47,1,0,0
BRDA:47,2,0,0
BRDA:47,2,1,0
BRDA:57,3,0,0
BRDA:57,3,1,0
BRDA:57,4,0,0
BRDA:57,4,1,0
BRDA:57,4,2,0
BRDA:57,4,3,0
BRDA:60,5,0,0
BRDA:60,5,1,0
BRDA:75,6,0,0
BRDA:75,7,0,0
BRDA:75,7,1,0
BRDA:85,8,0,0
BRDA:92,9,0,0
BRDA:92,10,0,0
BRDA:92,10,1,0
BRDA:103,11,0,0
BRDA:124,12,0,0
BRDA:136,13,0,0
BRDA:202,14,0,0
BRDA:210,15,0,0
BRDA:210,16,0,0
BRDA:210,16,1,0
BRDA:216,17,0,0
BRDA:216,18,0,0
BRDA:216,18,1,0
BRF:30
BRH:0
end_of_record
TN:
SF:src\pages\Cms\ProjectView.jsx
FN:21,ProjectView
FN:23,(anonymous_6)
FN:30,(anonymous_7)
FN:35,(anonymous_8)
FN:48,(anonymous_9)
FN:54,refetch
FN:56,(anonymous_11)
FN:60,(anonymous_12)
FN:68,(anonymous_13)
FN:79,(anonymous_14)
FN:144,(anonymous_15)
FN:177,(anonymous_16)
FN:184,(anonymous_17)
FN:254,(anonymous_18)
FN:259,(anonymous_19)
FN:265,(anonymous_20)
FN:273,filename
FN:276,download
FN:320,(anonymous_23)
FN:358,(anonymous_24)
FN:359,(anonymous_25)
FNF:21
FNH:0
FNDA:0,ProjectView
FNDA:0,(anonymous_6)
FNDA:0,(anonymous_7)
FNDA:0,(anonymous_8)
FNDA:0,(anonymous_9)
FNDA:0,refetch
FNDA:0,(anonymous_11)
FNDA:0,(anonymous_12)
FNDA:0,(anonymous_13)
FNDA:0,(anonymous_14)
FNDA:0,(anonymous_15)
FNDA:0,(anonymous_16)
FNDA:0,(anonymous_17)
FNDA:0,(anonymous_18)
FNDA:0,(anonymous_19)
FNDA:0,(anonymous_20)
FNDA:0,filename
FNDA:0,download
FNDA:0,(anonymous_23)
FNDA:0,(anonymous_24)
FNDA:0,(anonymous_25)
DA:1,0
DA:3,0
DA:4,0
DA:5,0
DA:6,0
DA:7,0
DA:9,0
DA:10,0
DA:11,0
DA:13,0
DA:14,0
DA:15,0
DA:17,0
DA:19,0
DA:21,0
DA:22,0
DA:23,0
DA:24,0
DA:25,0
DA:27,0
DA:28,0
DA:30,0
DA:31,0
DA:32,0
DA:36,0
DA:39,0
DA:41,0
DA:44,0
DA:48,0
DA:49,0
DA:50,0
DA:51,0
DA:55,0
DA:57,0
DA:58,0
DA:61,0
DA:62,0
DA:63,0
DA:68,0
DA:69,0
DA:70,0
DA:73,0
DA:74,0
DA:75,0
DA:76,0
DA:77,0
DA:79,0
DA:81,0
DA:82,0
DA:83,0
DA:85,0
DA:86,0
DA:87,0
DA:90,0
DA:91,0
DA:92,0
DA:93,0
DA:94,0
DA:95,0
DA:96,0
DA:98,0
DA:99,0
DA:104,0
DA:105,0
DA:106,0
DA:107,0
DA:108,0
DA:109,0
DA:111,0
DA:112,0
DA:113,0
DA:115,0
DA:119,0
DA:121,0
DA:122,0
DA:126,0
DA:127,0
DA:128,0
DA:129,0
DA:131,0
DA:132,0
DA:134,0
DA:135,0
DA:136,0
DA:139,0
DA:140,0
DA:144,0
DA:145,0
DA:177,0
DA:185,0
DA:254,0
DA:255,0
DA:256,0
DA:257,0
DA:259,0
DA:260,0
DA:261,0
DA:265,0
DA:266,0
DA:269,0
DA:274,0
DA:277,0
DA:278,0
DA:279,0
DA:280,0
DA:281,0
DA:282,0
DA:321,0
DA:359,0
LF:109
LH:0
BRDA:31,0,0,0
BRDA:31,0,1,0
BRDA:32,1,0,0
BRDA:32,1,1,0
BRDA:33,2,0,0
BRDA:33,2,1,0
BRDA:36,3,0,0
BRDA:36,3,1,0
BRDA:61,4,0,0
BRDA:61,5,0,0
BRDA:61,5,1,0
BRDA:91,6,0,0
BRDA:94,7,0,0
BRDA:107,8,0,0
BRDA:112,9,0,0
BRDA:126,10,0,0
BRDA:126,10,1,0
BRDA:153,11,0,0
BRDA:182,12,0,0
BRDA:194,13,0,0
BRDA:260,14,0,0
BRDA:270,15,0,0
BRDA:270,15,1,0
BRDA:277,16,0,0
BRDA:290,17,0,0
BRDA:290,17,1,0
BRDA:322,18,0,0
BRDA:322,18,1,0
BRDA:328,19,0,0
BRDA:328,19,1,0
BRF:30
BRH:0
end_of_record
TN:
SF:src\pages\User\EmailCheck.jsx
FN:12,EmailCheck
FN:19,(anonymous_3)
FN:23,(anonymous_4)
FN:26,(anonymous_5)
FN:52,(anonymous_6)
FNF:5
FNH:0
FNDA:0,EmailCheck
FNDA:0,(anonymous_3)
FNDA:0,(anonymous_4)
FNDA:0,(anonymous_5)
FNDA:0,(anonymous_6)
DA:1,0
DA:2,0
DA:3,0
DA:4,0
DA:5,0
DA:6,0
DA:7,0
DA:9,0
DA:10,0
DA:12,0
DA:13,0
DA:14,0
DA:15,0
DA:16,0
DA:17,0
DA:19,0
DA:20,0
DA:21,0
DA:22,0
DA:24,0
DA:27,0
DA:31,0
DA:53,0
DA:54,0
LF:24
LH:0
BRDA:20,0,0,0
BRDA:20,0,1,0
BRDA:21,1,0,0
BRDA:21,2,0,0
BRDA:21,2,1,0
BRDA:45,3,0,0
BRDA:63,4,0,0
BRF:7
BRH:0
end_of_record
TN:
SF:src\pages\User\Login.jsx
FN:11,Login
FN:25,(anonymous_3)
FN:33,(anonymous_4)
FN:45,(anonymous_5)
FN:56,(anonymous_6)
FN:62,Login
FN:65,(anonymous_8)
FN:68,(anonymous_9)
FN:101,(anonymous_10)
FN:109,(anonymous_11)
FNF:10
FNH:0
FNDA:0,Login
FNDA:0,(anonymous_3)
FNDA:0,(anonymous_4)
FNDA:0,(anonymous_5)
FNDA:0,(anonymous_6)
FNDA:0,Login
FNDA:0,(anonymous_8)
FNDA:0,(anonymous_9)
FNDA:0,(anonymous_10)
FNDA:0,(anonymous_11)
DA:1,0
DA:2,0
DA:3,0
DA:4,0
DA:5,0
DA:6,0
DA:7,0
DA:8,0
DA:11,0
DA:12,0
DA:13,0
DA:14,0
DA:18,0
DA:19,0
DA:20,0
DA:21,0
DA:22,0
DA:25,0
DA:26,0
DA:27,0
DA:33,0
DA:34,0
DA:35,0
DA:36,0
DA:37,0
DA:39,0
DA:45,0
DA:46,0
DA:47,0
DA:48,0
DA:50,0
DA:52,0
DA:56,0
DA:57,0
DA:58,0
DA:63,0
DA:64,0
DA:66,0
DA:70,0
DA:73,0
DA:74,0
DA:101,0
DA:109,0
LF:43
LH:0
BRDA:35,0,0,0
BRDA:36,1,0,0
BRDA:36,1,1,0
BRDA:36,2,0,0
BRDA:36,2,1,0
BRDA:48,3,0,0
BRDA:48,3,1,0
BRDA:48,4,0,0
BRDA:48,4,1,0
BRDA:57,5,0,0
BRDA:57,6,0,0
BRDA:57,6,1,0
BRDA:57,6,2,0
BRDA:63,7,0,0
BRDA:63,7,1,0
BRDA:63,8,0,0
BRDA:63,8,1,0
BRDA:73,9,0,0
BRDA:73,9,1,0
BRDA:100,10,0,0
BRF:20
BRH:0
end_of_record
TN:
SF:src\pages\User\ResetPw.jsx
FN:9,ResetPw
FN:22,onChange
FN:30,TimeoutMessage
FN:31,(anonymous_5)
FN:36,ResetBtn
FN:41,(anonymous_7)
FN:44,(anonymous_8)
FN:48,(anonymous_9)
FNF:8
FNH:0
FNDA:0,ResetPw
FNDA:0,onChange
FNDA:0,TimeoutMessage
FNDA:0,(anonymous_5)
FNDA:0,ResetBtn
FNDA:0,(anonymous_7)
FNDA:0,(anonymous_8)
FNDA:0,(anonymous_9)
DA:1,0
DA:2,0
DA:4,0
DA:5,0
DA:6,0
DA:7,0
DA:9,0
DA:10,0
DA:11,0
DA:12,0
DA:13,0
DA:19,0
DA:20,0
DA:23,0
DA:24,0
DA:31,0
DA:32,0
DA:42,0
DA:43,0
DA:45,0
DA:46,0
DA:49,0
DA:50,0
DA:51,0
DA:55,0
DA:56,0
LF:26
LH:0
BRDA:38,0,0,0
BRDA:38,0,1,0
BRDA:42,1,0,0
BRDA:42,1,1,0
BRDA:49,2,0,0
BRDA:49,3,0,0
BRDA:49,3,1,0
BRDA:73,4,0,0
BRDA:100,5,0,0
BRF:9
BRH:0
end_of_record
TN:
SF:src\pages\User\Signup.jsx
FN:9,Signup
FN:23,onChange
FN:31,TimeoutMessage
FN:32,(anonymous_5)
FN:37,SignUpBtn
FN:43,(anonymous_7)
FN:46,(anonymous_8)
FN:55,(anonymous_9)
FNF:8
FNH:0
FNDA:0,Signup
FNDA:0,onChange
FNDA:0,TimeoutMessage
FNDA:0,(anonymous_5)
FNDA:0,SignUpBtn
FNDA:0,(anonymous_7)
FNDA:0,(anonymous_8)
FNDA:0,(anonymous_9)
DA:1,0
DA:2,0
DA:4,0
DA:5,0
DA:6,0
DA:7,0
DA:9,0
DA:10,0
DA:11,0
DA:12,0
DA:13,0
DA:20,0
DA:21,0
DA:24,0
DA:25,0
DA:32,0
DA:33,0
DA:44,0
DA:45,0
DA:49,0
DA:53,0
DA:56,0
DA:57,0
DA:62,0
LF:24
LH:0
BRDA:39,0,0,0
BRDA:39,0,1,0
BRDA:39,0,2,0
BRDA:44,1,0,0
BRDA:44,1,1,0
BRDA:56,2,0,0
BRDA:56,3,0,0
BRDA:56,3,1,0
BRDA:80,4,0,0
BRDA:116,5,0,0
BRF:10
BRH:0
end_of_record
TN:
SF:src\redux\project.js
FN:17,(anonymous_5)
FN:23,(anonymous_6)
FNF:2
FNH:0
FNDA:0,(anonymous_5)
FNDA:0,(anonymous_6)
DA:1,4
DA:3,4
DA:12,4
DA:18,0
DA:24,0
DA:30,4
DA:33,78
LF:7
LH:5
BRF:0
BRH:0
end_of_record
TN:
SF:src\redux\project.ts
FN:28,(anonymous_5)
FN:34,(anonymous_6)
FNF:2
FNH:0
FNDA:0,(anonymous_5)
FNDA:0,(anonymous_6)
DA:1,0
DA:13,0
DA:23,0
DA:29,0
DA:35,0
DA:41,0
DA:44,0
LF:7
LH:0
BRF:0
BRH:0
end_of_record
TN:
SF:src\redux\store.js
FNF:0
FNH:0
DA:5,0
DA:6,0
DA:7,0
DA:10,0
DA:12,0
DA:19,0
DA:26,0
LF:7
LH:0
BRDA:10,0,0,0
BRDA:10,0,1,0
BRF:2
BRH:0
end_of_record
TN:
SF:src\redux\store.ts
FN:21,(anonymous_4)
FNF:1
FNH:0
FNDA:0,(anonymous_4)
DA:1,0
DA:2,0
DA:3,0
DA:4,0
DA:6,0
DA:13,0
DA:17,0
DA:19,0
DA:22,0
DA:35,0
LF:10
LH:0
BRDA:28,0,0,0
BRDA:28,0,1,0
BRDA:28,1,0,0
BRDA:28,1,1,0
BRF:4
BRH:0
end_of_record
TN:
SF:src\routes\AppRoute.js
FN:7,(anonymous_5)
FN:7,(anonymous_6)
FN:8,(anonymous_8)
FN:8,(anonymous_9)
FN:9,(anonymous_11)
FN:9,(anonymous_12)
FN:10,(anonymous_14)
FN:10,(anonymous_15)
FN:11,(anonymous_17)
FN:11,(anonymous_18)
FN:12,(anonymous_20)
FN:12,(anonymous_21)
FN:13,(anonymous_23)
FN:13,(anonymous_24)
FN:14,(anonymous_26)
FN:14,(anonymous_27)
FN:15,(anonymous_29)
FN:15,(anonymous_30)
FN:16,(anonymous_32)
FN:16,(anonymous_33)
FN:17,(anonymous_35)
FN:17,(anonymous_36)
FN:18,(anonymous_38)
FN:18,(anonymous_39)
FN:19,(anonymous_41)
FN:19,(anonymous_42)
FN:20,(anonymous_44)
FN:20,(anonymous_45)
FN:21,(anonymous_47)
FN:21,(anonymous_48)
FN:23,AppRoute
FN:53,(anonymous_51)
FNF:32
FNH:0
FNDA:0,(anonymous_5)
FNDA:0,(anonymous_6)
FNDA:0,(anonymous_8)
FNDA:0,(anonymous_9)
FNDA:0,(anonymous_11)
FNDA:0,(anonymous_12)
FNDA:0,(anonymous_14)
FNDA:0,(anonymous_15)
FNDA:0,(anonymous_17)
FNDA:0,(anonymous_18)
FNDA:0,(anonymous_20)
FNDA:0,(anonymous_21)
FNDA:0,(anonymous_23)
FNDA:0,(anonymous_24)
FNDA:0,(anonymous_26)
FNDA:0,(anonymous_27)
FNDA:0,(anonymous_29)
FNDA:0,(anonymous_30)
FNDA:0,(anonymous_32)
FNDA:0,(anonymous_33)
FNDA:0,(anonymous_35)
FNDA:0,(anonymous_36)
FNDA:0,(anonymous_38)
FNDA:0,(anonymous_39)
FNDA:0,(anonymous_41)
FNDA:0,(anonymous_42)
FNDA:0,(anonymous_44)
FNDA:0,(anonymous_45)
FNDA:0,(anonymous_47)
FNDA:0,(anonymous_48)
FNDA:0,AppRoute
FNDA:0,(anonymous_51)
DA:3,0
DA:4,0
DA:7,0
DA:8,0
DA:9,0
DA:10,0
DA:11,0
DA:12,0
DA:13,0
DA:14,0
DA:15,0
DA:16,0
DA:17,0
DA:18,0
DA:19,0
DA:20,0
DA:21,0
DA:23,0
DA:24,0
DA:54,0
LF:20
LH:0
BRF:0
BRH:0
end_of_record
TN:
SF:src\tasks\AuthEmail.jsx
FN:5,AuthEmail
FN:17,(anonymous_5)
FN:27,TimeoutMessage
FN:28,(anonymous_7)
FN:33,onChange
FN:43,(anonymous_9)
FN:44,(anonymous_10)
FN:46,(anonymous_11)
FN:52,(anonymous_12)
FN:57,(anonymous_13)
FN:62,AuthNumber
FN:67,(anonymous_15)
FN:73,(anonymous_16)
FN:74,(anonymous_17)
FN:79,(anonymous_18)
FN:97,CheckBtn
FN:101,(anonymous_20)
FN:103,(anonymous_21)
FN:106,(anonymous_22)
FNF:19
FNH:0
FNDA:0,AuthEmail
FNDA:0,(anonymous_5)
FNDA:0,TimeoutMessage
FNDA:0,(anonymous_7)
FNDA:0,onChange
FNDA:0,(anonymous_9)
FNDA:0,(anonymous_10)
FNDA:0,(anonymous_11)
FNDA:0,(anonymous_12)
FNDA:0,(anonymous_13)
FNDA:0,AuthNumber
FNDA:0,(anonymous_15)
FNDA:0,(anonymous_16)
FNDA:0,(anonymous_17)
FNDA:0,(anonymous_18)
FNDA:0,CheckBtn
FNDA:0,(anonymous_20)
FNDA:0,(anonymous_21)
FNDA:0,(anonymous_22)
DA:1,0
DA:2,0
DA:3,0
DA:5,0
DA:12,0
DA:13,0
DA:14,0
DA:15,0
DA:17,0
DA:19,0
DA:20,0
DA:22,0
DA:24,0
DA:28,0
DA:29,0
DA:34,0
DA:35,0
DA:41,0
DA:42,0
DA:43,0
DA:44,0
DA:45,0
DA:46,0
DA:48,0
DA:49,0
DA:50,0
DA:52,0
DA:53,0
DA:57,0
DA:58,0
DA:68,0
DA:69,0
DA:70,0
DA:71,0
DA:72,0
DA:74,0
DA:75,0
DA:76,0
DA:80,0
DA:81,0
DA:82,0
DA:83,0
DA:84,0
DA:102,0
DA:104,0
DA:107,0
DA:108,0
DA:109,0
DA:111,0
DA:156,0
LF:50
LH:0
BRDA:19,0,0,0
BRDA:19,0,1,0
BRDA:45,1,0,0
BRDA:48,2,0,0
BRDA:49,3,0,0
BRDA:49,3,1,0
BRDA:64,4,0,0
BRDA:64,4,1,0
BRDA:68,5,0,0
BRDA:80,6,0,0
BRDA:80,7,0,0
BRDA:80,7,1,0
BRDA:99,8,0,0
BRDA:107,9,0,0
BRDA:107,10,0,0
BRDA:107,10,1,0
BRDA:135,11,0,0
BRDA:135,11,1,0
BRDA:146,12,0,0
BRDA:146,12,1,0
BRDA:150,13,0,0
BRF:21
BRH:0
end_of_record
TN:
SF:src\tasks\Calendar\CalendarBody.jsx
FN:7,CalendarBody
FN:24,(anonymous_6)
FNF:2
FNH:0
FNDA:0,CalendarBody
FNDA:0,(anonymous_6)
DA:1,0
DA:3,0
DA:4,0
DA:5,0
DA:7,0
DA:25,0
DA:138,0
LF:7
LH:0
BRDA:21,0,0,0
BRDA:21,0,1,0
BRDA:22,1,0,0
BRDA:22,1,1,0
BRDA:25,2,0,0
BRDA:25,2,1,0
BRDA:41,3,0,0
BRDA:41,3,1,0
BRDA:55,4,0,0
BRDA:55,4,1,0
BRF:10
BRH:0
end_of_record
TN:
SF:src\tasks\Calendar\CalendarDate.jsx
FN:17,CalendarDate
FN:37,(anonymous_8)
FN:57,(anonymous_9)
FN:76,(anonymous_10)
FN:112,Dates
FN:122,date_info_style
FN:137,set_date
FN:141,class_valid
FN:174,(anonymous_15)
FN:179,(anonymous_16)
FN:186,(anonymous_17)
FN:191,(anonymous_18)
FN:201,(anonymous_19)
FN:206,(anonymous_20)
FN:219,(anonymous_21)
FN:240,(anonymous_22)
FN:243,(anonymous_23)
FN:247,(anonymous_24)
FN:254,(anonymous_25)
FN:258,(anonymous_26)
FN:269,(anonymous_27)
FN:280,(anonymous_28)
FN:296,(anonymous_29)
FN:312,(anonymous_30)
FN:322,(anonymous_31)
FN:328,(anonymous_32)
FN:346,(anonymous_33)
FN:354,(anonymous_34)
FN:358,(anonymous_35)
FN:371,(anonymous_36)
FN:389,(anonymous_37)
FN:408,(anonymous_38)
FN:426,(anonymous_39)
FN:431,(anonymous_40)
FN:432,(anonymous_41)
FN:454,(anonymous_42)
FN:459,(anonymous_43)
FN:460,(anonymous_44)
FN:482,(anonymous_45)
FN:487,(anonymous_46)
FN:488,(anonymous_47)
FN:508,(anonymous_48)
FN:513,(anonymous_49)
FN:514,(anonymous_50)
FN:536,(anonymous_51)
FN:541,(anonymous_52)
FN:542,(anonymous_53)
FN:564,(anonymous_54)
FN:569,(anonymous_55)
FN:570,(anonymous_56)
FN:592,(anonymous_57)
FN:597,(anonymous_58)
FN:598,(anonymous_59)
FN:620,(anonymous_60)
FN:625,(anonymous_61)
FN:626,(anonymous_62)
FN:644,(anonymous_63)
FN:649,(anonymous_64)
FN:661,(anonymous_65)
FN:666,(anonymous_66)
FN:667,(anonymous_67)
FN:668,(anonymous_68)
FN:683,(anonymous_69)
FN:688,(anonymous_70)
FNF:64
FNH:0
FNDA:0,CalendarDate
FNDA:0,(anonymous_8)
FNDA:0,(anonymous_9)
FNDA:0,(anonymous_10)
FNDA:0,Dates
FNDA:0,date_info_style
FNDA:0,set_date
FNDA:0,class_valid
FNDA:0,(anonymous_15)
FNDA:0,(anonymous_16)
FNDA:0,(anonymous_17)
FNDA:0,(anonymous_18)
FNDA:0,(anonymous_19)
FNDA:0,(anonymous_20)
FNDA:0,(anonymous_21)
FNDA:0,(anonymous_22)
FNDA:0,(anonymous_23)
FNDA:0,(anonymous_24)
FNDA:0,(anonymous_25)
FNDA:0,(anonymous_26)
FNDA:0,(anonymous_27)
FNDA:0,(anonymous_28)
FNDA:0,(anonymous_29)
FNDA:0,(anonymous_30)
FNDA:0,(anonymous_31)
FNDA:0,(anonymous_32)
FNDA:0,(anonymous_33)
FNDA:0,(anonymous_34)
FNDA:0,(anonymous_35)
FNDA:0,(anonymous_36)
FNDA:0,(anonymous_37)
FNDA:0,(anonymous_38)
FNDA:0,(anonymous_39)
FNDA:0,(anonymous_40)
FNDA:0,(anonymous_41)
FNDA:0,(anonymous_42)
FNDA:0,(anonymous_43)
FNDA:0,(anonymous_44)
FNDA:0,(anonymous_45)
FNDA:0,(anonymous_46)
FNDA:0,(anonymous_47)
FNDA:0,(anonymous_48)
FNDA:0,(anonymous_49)
FNDA:0,(anonymous_50)
FNDA:0,(anonymous_51)
FNDA:0,(anonymous_52)
FNDA:0,(anonymous_53)
FNDA:0,(anonymous_54)
FNDA:0,(anonymous_55)
FNDA:0,(anonymous_56)
FNDA:0,(anonymous_57)
FNDA:0,(anonymous_58)
FNDA:0,(anonymous_59)
FNDA:0,(anonymous_60)
FNDA:0,(anonymous_61)
FNDA:0,(anonymous_62)
FNDA:0,(anonymous_63)
FNDA:0,(anonymous_64)
FNDA:0,(anonymous_65)
FNDA:0,(anonymous_66)
FNDA:0,(anonymous_67)
FNDA:0,(anonymous_68)
FNDA:0,(anonymous_69)
FNDA:0,(anonymous_70)
DA:1,0
DA:2,0
DA:3,0
DA:4,0
DA:6,0
DA:7,0
DA:8,0
DA:9,0
DA:10,0
DA:11,0
DA:13,0
DA:15,0
DA:17,0
DA:30,0
DA:38,0
DA:58,0
DA:77,0
DA:112,0
DA:123,0
DA:125,0
DA:129,0
DA:130,0
DA:132,0
DA:134,0
DA:138,0
DA:142,0
DA:143,0
DA:145,0
DA:149,0
DA:151,0
DA:153,0
DA:154,0
DA:156,0
DA:174,0
DA:180,0
DA:181,0
DA:182,0
DA:187,0
DA:188,0
DA:189,0
DA:192,0
DA:193,0
DA:196,0
DA:197,0
DA:202,0
DA:203,0
DA:204,0
DA:207,0
DA:208,0
DA:213,0
DA:219,0
DA:228,0
DA:241,0
DA:242,0
DA:244,0
DA:245,0
DA:248,0
DA:249,0
DA:252,0
DA:253,0
DA:255,0
DA:256,0
DA:259,0
DA:260,0
DA:269,0
DA:279,0
DA:280,0
DA:281,0
DA:282,0
DA:297,0
DA:313,0
DA:319,0
DA:320,0
DA:323,0
DA:329,0
DA:347,0
DA:348,0
DA:353,0
DA:355,0
DA:356,0
DA:359,0
DA:360,0
DA:364,0
DA:371,0
DA:381,0
DA:383,0
DA:387,0
DA:389,0
DA:409,0
DA:410,0
DA:427,0
DA:428,0
DA:431,0
DA:432,0
DA:455,0
DA:456,0
DA:459,0
DA:460,0
DA:483,0
DA:484,0
DA:487,0
DA:488,0
DA:509,0
DA:510,0
DA:513,0
DA:514,0
DA:537,0
DA:538,0
DA:541,0
DA:542,0
DA:565,0
DA:566,0
DA:569,0
DA:570,0
DA:593,0
DA:594,0
DA:597,0
DA:598,0
DA:621,0
DA:622,0
DA:625,0
DA:626,0
DA:645,0
DA:646,0
DA:649,0
DA:662,0
DA:666,0
DA:667,0
DA:668,0
DA:684,0
DA:685,0
DA:688,0
LF:132
LH:0
BRDA:33,0,0,0
BRDA:36,1,0,0
BRDA:38,2,0,0
BRDA:38,2,1,0
BRDA:38,3,0,0
BRDA:38,3,1,0
BRDA:46,4,0,0
BRDA:46,4,1,0
BRDA:46,5,0,0
BRDA:46,5,1,0
BRDA:54,6,0,0
BRDA:54,6,1,0
BRDA:73,7,0,0
BRDA:92,8,0,0
BRDA:123,9,0,0
BRDA:123,9,1,0
BRDA:125,10,0,0
BRDA:125,10,1,0
BRDA:125,10,2,0
BRDA:125,10,3,0
BRDA:129,11,0,0
BRDA:129,11,1,0
BRDA:130,12,0,0
BRDA:130,12,1,0
BRDA:142,13,0,0
BRDA:142,13,1,0
BRDA:158,14,0,0
BRDA:180,15,0,0
BRDA:180,15,1,0
BRDA:181,16,0,0
BRDA:181,16,1,0
BRDA:192,17,0,0
BRDA:192,18,0,0
BRDA:192,18,1,0
BRDA:196,19,0,0
BRDA:207,20,0,0
BRDA:207,21,0,0
BRDA:207,21,1,0
BRDA:229,22,0,0
BRDA:237,23,0,0
BRDA:237,23,1,0
BRDA:241,24,0,0
BRDA:241,24,1,0
BRDA:248,25,0,0
BRDA:248,26,0,0
BRDA:248,26,1,0
BRDA:252,27,0,0
BRDA:259,28,0,0
BRDA:259,29,0,0
BRDA:259,29,1,0
BRDA:282,30,0,0
BRDA:282,30,1,0
BRDA:284,31,0,0
BRDA:294,32,0,0
BRDA:294,32,1,0
BRDA:320,33,0,0
BRDA:320,33,1,0
BRDA:326,34,0,0
BRDA:326,34,1,0
BRDA:348,35,0,0
BRDA:348,35,1,0
BRDA:349,36,0,0
BRDA:349,36,1,0
BRDA:349,36,2,0
BRDA:359,37,0,0
BRDA:359,38,0,0
BRDA:359,38,1,0
BRDA:383,39,0,0
BRDA:383,39,1,0
BRDA:383,39,2,0
BRDA:389,40,0,0
BRDA:389,40,1,0
BRDA:404,41,0,0
BRDA:404,41,1,0
BRDA:404,42,0,0
BRDA:404,42,1,0
BRDA:409,43,0,0
BRDA:409,44,0,0
BRDA:409,44,1,0
BRDA:414,45,0,0
BRDA:414,45,1,0
BRDA:420,46,0,0
BRDA:422,47,0,0
BRDA:422,47,1,0
BRDA:422,48,0,0
BRDA:422,48,1,0
BRDA:427,49,0,0
BRDA:433,50,0,0
BRDA:433,50,1,0
BRDA:443,51,0,0
BRDA:450,52,0,0
BRDA:450,52,1,0
BRDA:450,53,0,0
BRDA:450,53,1,0
BRDA:455,54,0,0
BRDA:461,55,0,0
BRDA:461,55,1,0
BRDA:471,56,0,0
BRDA:478,57,0,0
BRDA:478,57,1,0
BRDA:478,58,0,0
BRDA:478,58,1,0
BRDA:483,59,0,0
BRDA:489,60,0,0
BRDA:489,60,1,0
BRDA:497,61,0,0
BRDA:504,62,0,0
BRDA:504,62,1,0
BRDA:504,63,0,0
BRDA:504,63,1,0
BRDA:509,64,0,0
BRDA:515,65,0,0
BRDA:515,65,1,0
BRDA:525,66,0,0
BRDA:532,67,0,0
BRDA:532,67,1,0
BRDA:532,68,0,0
BRDA:532,68,1,0
BRDA:537,69,0,0
BRDA:543,70,0,0
BRDA:543,70,1,0
BRDA:553,71,0,0
BRDA:560,72,0,0
BRDA:560,72,1,0
BRDA:560,73,0,0
BRDA:560,73,1,0
BRDA:565,74,0,0
BRDA:571,75,0,0
BRDA:571,75,1,0
BRDA:581,76,0,0
BRDA:588,77,0,0
BRDA:588,77,1,0
BRDA:588,78,0,0
BRDA:588,78,1,0
BRDA:593,79,0,0
BRDA:599,80,0,0
BRDA:599,80,1,0
BRDA:609,81,0,0
BRDA:616,82,0,0
BRDA:616,82,1,0
BRDA:616,83,0,0
BRDA:616,83,1,0
BRDA:621,84,0,0
BRDA:627,85,0,0
BRDA:627,85,1,0
BRDA:637,86,0,0
BRDA:645,87,0,0
BRDA:660,88,0,0
BRDA:660,88,1,0
BRDA:662,89,0,0
BRDA:662,89,1,0
BRDA:662,90,0,0
BRDA:662,90,1,0
BRDA:676,91,0,0
BRDA:682,92,0,0
BRDA:682,92,1,0
BRDA:684,93,0,0
BRF:157
BRH:0
end_of_record
TN:
SF:src\tasks\Calendar\CalendarHeader.jsx
FN:2,CalendarHeader
FN:16,(anonymous_5)
FN:27,MinusMonth
FN:40,PlusMonth
FN:53,MinusWeek
FN:61,PlusWeek
FN:69,PlusDay
FN:77,MinusDay
FN:89,(anonymous_12)
FN:102,(anonymous_13)
FNF:10
FNH:0
FNDA:0,CalendarHeader
FNDA:0,(anonymous_5)
FNDA:0,MinusMonth
FNDA:0,PlusMonth
FNDA:0,MinusWeek
FNDA:0,PlusWeek
FNDA:0,PlusDay
FNDA:0,MinusDay
FNDA:0,(anonymous_12)
FNDA:0,(anonymous_13)
DA:1,0
DA:2,0
DA:15,0
DA:16,0
DA:17,0
DA:18,0
DA:19,0
DA:20,0
DA:21,0
DA:22,0
DA:23,0
DA:26,0
DA:28,0
DA:29,0
DA:30,0
DA:31,0
DA:32,0
DA:34,0
DA:35,0
DA:36,0
DA:41,0
DA:42,0
DA:43,0
DA:44,0
DA:45,0
DA:47,0
DA:48,0
DA:49,0
DA:54,0
DA:55,0
DA:57,0
DA:62,0
DA:63,0
DA:65,0
DA:70,0
DA:71,0
DA:73,0
DA:78,0
DA:79,0
DA:81,0
DA:90,0
DA:91,0
DA:92,0
DA:93,0
DA:94,0
DA:96,0
DA:103,0
DA:104,0
DA:105,0
DA:106,0
DA:107,0
DA:109,0
DA:121,0
LF:53
LH:0
BRDA:18,0,0,0
BRDA:18,0,1,0
BRDA:21,1,0,0
BRDA:30,2,0,0
BRDA:35,3,0,0
BRDA:43,4,0,0
BRDA:48,5,0,0
BRDA:54,6,0,0
BRDA:54,6,1,0
BRDA:62,7,0,0
BRDA:62,7,1,0
BRDA:70,8,0,0
BRDA:70,8,1,0
BRDA:78,9,0,0
BRDA:78,9,1,0
BRDA:86,10,0,0
BRDA:86,10,1,0
BRDA:91,11,0,0
BRDA:91,11,1,0
BRDA:93,12,0,0
BRDA:93,12,1,0
BRDA:104,13,0,0
BRDA:104,13,1,0
BRDA:106,14,0,0
BRDA:106,14,1,0
BRF:25
BRH:0
end_of_record
TN:
SF:src\tasks\Calendar\CalendarModal.jsx
FN:4,CalendarModal
FNF:1
FNH:0
FNDA:0,CalendarModal
DA:1,0
DA:2,0
DA:4,0
DA:30,0
LF:4
LH:0
BRDA:12,0,0,0
BRDA:12,0,1,0
BRF:2
BRH:0
end_of_record
TN:
SF:src\tasks\Calendar\CalendarTotal.jsx
FN:2,CalendarTotal
FNF:1
FNH:0
FNDA:0,CalendarTotal
DA:1,0
DA:2,0
DA:26,0
LF:3
LH:0
BRF:0
BRH:0
end_of_record
TN:
SF:src\tasks\Calendar\ProjectList.jsx
FN:12,ProjectList
FN:13,(anonymous_3)
FN:16,(anonymous_4)
FN:19,(anonymous_5)
FN:22,(anonymous_6)
FN:25,(anonymous_7)
FN:28,(anonymous_8)
FN:33,(anonymous_9)
FN:36,(anonymous_10)
FN:58,(anonymous_11)
FN:104,(anonymous_12)
FN:151,(anonymous_13)
FN:194,(anonymous_14)
FN:237,(anonymous_15)
FN:283,(anonymous_16)
FN:326,(anonymous_17)
FN:369,(anonymous_18)
FNF:17
FNH:0
FNDA:0,ProjectList
FNDA:0,(anonymous_3)
FNDA:0,(anonymous_4)
FNDA:0,(anonymous_5)
FNDA:0,(anonymous_6)
FNDA:0,(anonymous_7)
FNDA:0,(anonymous_8)
FNDA:0,(anonymous_9)
FNDA:0,(anonymous_10)
FNDA:0,(anonymous_11)
FNDA:0,(anonymous_12)
FNDA:0,(anonymous_13)
FNDA:0,(anonymous_14)
FNDA:0,(anonymous_15)
FNDA:0,(anonymous_16)
FNDA:0,(anonymous_17)
FNDA:0,(anonymous_18)
DA:1,0
DA:2,0
DA:3,0
DA:6,0
DA:8,0
DA:10,0
DA:12,0
DA:13,0
DA:14,0
DA:16,0
DA:17,0
DA:19,0
DA:20,0
DA:22,0
DA:23,0
DA:25,0
DA:26,0
DA:28,0
DA:29,0
DA:33,0
DA:34,0
DA:36,0
DA:37,0
DA:59,0
DA:105,0
DA:152,0
DA:195,0
DA:238,0
DA:284,0
DA:327,0
DA:370,0
DA:409,0
LF:32
LH:0
BRDA:59,0,0,0
BRDA:59,0,1,0
BRDA:59,0,2,0
BRDA:59,0,3,0
BRDA:68,1,0,0
BRDA:66,2,0,0
BRDA:66,2,1,0
BRDA:105,3,0,0
BRDA:105,3,1,0
BRDA:105,3,2,0
BRDA:105,3,3,0
BRDA:114,4,0,0
BRDA:112,5,0,0
BRDA:112,5,1,0
BRDA:152,6,0,0
BRDA:152,6,1,0
BRDA:152,6,2,0
BRDA:152,6,3,0
BRDA:161,7,0,0
BRDA:159,8,0,0
BRDA:159,8,1,0
BRDA:195,9,0,0
BRDA:195,9,1,0
BRDA:195,9,2,0
BRDA:195,9,3,0
BRDA:204,10,0,0
BRDA:202,11,0,0
BRDA:202,11,1,0
BRDA:238,12,0,0
BRDA:238,12,1,0
BRDA:238,12,2,0
BRDA:238,12,3,0
BRDA:247,13,0,0
BRDA:245,14,0,0
BRDA:245,14,1,0
BRDA:284,15,0,0
BRDA:284,15,1,0
BRDA:284,15,2,0
BRDA:284,15,3,0
BRDA:293,16,0,0
BRDA:291,17,0,0
BRDA:291,17,1,0
BRDA:327,18,0,0
BRDA:327,18,1,0
BRDA:327,18,2,0
BRDA:327,18,3,0
BRDA:336,19,0,0
BRDA:334,20,0,0
BRDA:334,20,1,0
BRDA:370,21,0,0
BRDA:370,21,1,0
BRDA:370,21,2,0
BRDA:370,21,3,0
BRDA:383,22,0,0
BRDA:381,23,0,0
BRDA:381,23,1,0
BRF:56
BRH:0
end_of_record
TN:
SF:src\tasks\Feedback\FeedbackInput.jsx
FN:6,FeedbackInput
FN:17,SendFeedback
FN:20,(anonymous_7)
FN:24,(anonymous_8)
FN:29,(anonymous_9)
FNF:5
FNH:0
FNDA:0,FeedbackInput
FNDA:0,SendFeedback
FNDA:0,(anonymous_7)
FNDA:0,(anonymous_8)
FNDA:0,(anonymous_9)
DA:1,0
DA:2,0
DA:4,0
DA:6,0
DA:7,0
DA:14,0
DA:15,0
DA:18,0
DA:19,0
DA:21,0
DA:22,0
DA:23,0
DA:24,0
DA:25,0
DA:27,0
DA:30,0
DA:31,0
DA:35,0
DA:96,0
LF:19
LH:0
BRDA:18,0,0,0
BRDA:18,0,1,0
BRDA:18,1,0,0
BRDA:18,1,1,0
BRDA:18,1,2,0
BRDA:30,2,0,0
BRDA:30,3,0,0
BRDA:30,3,1,0
BRF:8
BRH:0
end_of_record
TN:
SF:src\tasks\Feedback\FeedbackManage.jsx
FN:6,FeedbackManage
FN:7,DropFeedback
FN:9,(anonymous_7)
FN:14,(anonymous_8)
FN:21,(anonymous_9)
FN:27,(anonymous_10)
FN:35,(anonymous_11)
FNF:7
FNH:0
FNDA:0,FeedbackManage
FNDA:0,DropFeedback
FNDA:0,(anonymous_7)
FNDA:0,(anonymous_8)
FNDA:0,(anonymous_9)
FNDA:0,(anonymous_10)
FNDA:0,(anonymous_11)
DA:1,0
DA:2,0
DA:4,0
DA:6,0
DA:8,0
DA:10,0
DA:11,0
DA:12,0
DA:15,0
DA:16,0
DA:21,0
DA:28,0
DA:35,0
DA:51,0
LF:14
LH:0
BRDA:15,0,0,0
BRDA:15,1,0,0
BRDA:15,1,1,0
BRDA:27,2,0,0
BRF:4
BRH:0
end_of_record
TN:
SF:src\tasks\Feedback\FeedbackMessage.jsx
FN:4,FeedbackMessage
FN:16,SendMessage
FN:35,enterkey
FN:41,(anonymous_8)
FN:80,(anonymous_9)
FN:122,(anonymous_10)
FNF:6
FNH:0
FNDA:0,FeedbackMessage
FNDA:0,SendMessage
FNDA:0,enterkey
FNDA:0,(anonymous_8)
FNDA:0,(anonymous_9)
FNDA:0,(anonymous_10)
DA:1,0
DA:2,0
DA:4,0
DA:12,0
DA:13,0
DA:15,0
DA:17,0
DA:18,0
DA:19,0
DA:20,0
DA:28,0
DA:31,0
DA:36,0
DA:37,0
DA:41,0
DA:42,0
DA:43,0
DA:81,0
DA:122,0
DA:137,0
LF:20
LH:0
BRDA:18,0,0,0
BRDA:18,0,1,0
BRDA:19,1,0,0
BRDA:36,2,0,0
BRDA:42,3,0,0
BRDA:75,4,0,0
BRDA:80,5,0,0
BRDA:83,6,0,0
BRDA:83,6,1,0
BRDA:88,7,0,0
BRDA:88,7,1,0
BRDA:98,8,0,0
BRDA:98,8,1,0
BRDA:117,9,0,0
BRF:14
BRH:0
end_of_record
TN:
SF:src\tasks\Feedback\FeedbackMore.jsx
FN:7,FeedbackMore
FN:12,(anonymous_6)
FN:17,(anonymous_7)
FN:20,(anonymous_8)
FN:33,(anonymous_9)
FN:37,(anonymous_10)
FN:38,(anonymous_11)
FN:63,(anonymous_12)
FNF:8
FNH:0
FNDA:0,FeedbackMore
FNDA:0,(anonymous_6)
FNDA:0,(anonymous_7)
FNDA:0,(anonymous_8)
FNDA:0,(anonymous_9)
FNDA:0,(anonymous_10)
FNDA:0,(anonymous_11)
FNDA:0,(anonymous_12)
DA:1,0
DA:2,0
DA:4,0
DA:5,0
DA:7,0
DA:8,0
DA:9,0
DA:12,0
DA:13,0
DA:17,0
DA:18,0
DA:19,0
DA:20,0
DA:21,0
DA:22,0
DA:23,0
DA:25,0
DA:28,0
DA:34,0
DA:38,0
DA:63,0
DA:78,0
LF:22
LH:0
BRDA:22,0,0,0
BRDA:22,0,1,0
BRDA:38,1,0,0
BRDA:38,1,1,0
BRDA:38,2,0,0
BRDA:38,2,1,0
BRDA:40,3,0,0
BRDA:40,3,1,0
BRDA:47,4,0,0
BRF:9
BRH:0
end_of_record
TN:
SF:src\tasks\Project\InviteInput.jsx
FN:4,InviteInput
FN:11,(anonymous_5)
FN:17,(anonymous_6)
FN:21,(anonymous_7)
FN:27,(anonymous_8)
FN:30,(anonymous_9)
FN:32,(anonymous_10)
FN:35,(anonymous_11)
FN:41,(anonymous_12)
FN:51,(anonymous_13)
FN:61,(anonymous_14)
FN:66,(anonymous_15)
FN:71,(anonymous_16)
FN:76,(anonymous_17)
FN:79,(anonymous_18)
FN:81,(anonymous_19)
FN:84,(anonymous_20)
FN:90,(anonymous_21)
FN:100,(anonymous_22)
FNF:19
FNH:0
FNDA:0,InviteInput
FNDA:0,(anonymous_5)
FNDA:0,(anonymous_6)
FNDA:0,(anonymous_7)
FNDA:0,(anonymous_8)
FNDA:0,(anonymous_9)
FNDA:0,(anonymous_10)
FNDA:0,(anonymous_11)
FNDA:0,(anonymous_12)
FNDA:0,(anonymous_13)
FNDA:0,(anonymous_14)
FNDA:0,(anonymous_15)
FNDA:0,(anonymous_16)
FNDA:0,(anonymous_17)
FNDA:0,(anonymous_18)
FNDA:0,(anonymous_19)
FNDA:0,(anonymous_20)
FNDA:0,(anonymous_21)
FNDA:0,(anonymous_22)
DA:1,0
DA:2,0
DA:4,0
DA:9,0
DA:11,0
DA:12,0
DA:13,0
DA:14,0
DA:17,0
DA:18,0
DA:21,0
DA:22,0
DA:23,0
DA:24,0
DA:27,0
DA:28,0
DA:29,0
DA:31,0
DA:33,0
DA:36,0
DA:37,0
DA:42,0
DA:43,0
DA:52,0
DA:61,0
DA:67,0
DA:71,0
DA:77,0
DA:78,0
DA:80,0
DA:82,0
DA:85,0
DA:86,0
DA:91,0
DA:92,0
DA:100,0
DA:112,0
LF:37
LH:0
BRDA:28,0,0,0
BRDA:36,1,0,0
BRDA:36,2,0,0
BRDA:36,2,1,0
BRDA:42,3,0,0
BRDA:42,4,0,0
BRDA:42,4,1,0
BRDA:85,5,0,0
BRDA:85,6,0,0
BRDA:85,6,1,0
BRDA:91,7,0,0
BRDA:91,8,0,0
BRDA:91,8,1,0
BRF:13
BRH:0
end_of_record
TN:
SF:src\tasks\Project\ProcessDate.jsx
FN:7,ProcessDate
FN:8,(anonymous_3)
FN:37,(anonymous_5)
FN:45,(anonymous_6)
FN:56,(anonymous_7)
FN:59,(anonymous_8)
FN:69,(anonymous_9)
FN:73,(anonymous_10)
FNF:8
FNH:0
FNDA:0,ProcessDate
FNDA:0,(anonymous_3)
FNDA:0,(anonymous_5)
FNDA:0,(anonymous_6)
FNDA:0,(anonymous_7)
FNDA:0,(anonymous_8)
FNDA:0,(anonymous_9)
FNDA:0,(anonymous_10)
DA:1,0
DA:3,0
DA:4,0
DA:5,0
DA:7,0
DA:8,0
DA:9,0
DA:10,0
DA:13,0
DA:14,0
DA:21,0
DA:38,0
DA:45,0
DA:56,0
DA:60,0
DA:66,0
DA:67,0
DA:70,0
DA:73,0
LF:19
LH:0
BRDA:13,0,0,0
BRDA:13,1,0,0
BRDA:13,1,1,0
BRDA:27,2,0,0
BRDA:27,2,1,0
BRDA:44,3,0,0
BRDA:44,3,1,0
BRDA:72,4,0,0
BRDA:72,4,1,0
BRF:9
BRH:0
end_of_record
TN:
SF:src\tasks\Project\ProjectInput.jsx
FN:6,ProjectInput
FNF:1
FNH:0
FNDA:0,ProjectInput
DA:1,0
DA:4,0
DA:6,0
DA:7,0
DA:62,0
LF:5
LH:0
BRF:0
BRH:0
end_of_record
TN:
SF:src\utils\snapshot-utils.tsx
FN:15,(anonymous_11)
FN:30,(anonymous_12)
FN:34,(anonymous_13)
FN:35,(anonymous_14)
FN:46,(anonymous_15)
FN:56,(anonymous_16)
FN:57,(anonymous_17)
FN:66,(anonymous_18)
FN:84,(anonymous_19)
FN:90,(anonymous_20)
FN:91,(anonymous_21)
FN:111,(anonymous_22)
FN:121,(anonymous_23)
FN:122,(anonymous_24)
FN:136,(anonymous_25)
FN:147,(anonymous_26)
FN:148,(anonymous_27)
FN:162,(anonymous_28)
FN:173,(anonymous_29)
FN:174,(anonymous_30)
FN:188,(anonymous_31)
FN:192,(anonymous_32)
FN:210,(anonymous_33)
FN:215,(anonymous_34)
FN:216,(anonymous_35)
FNF:25
FNH:4
FNDA:19,(anonymous_11)
FNDA:0,(anonymous_12)
FNDA:0,(anonymous_13)
FNDA:0,(anonymous_14)
FNDA:3,(anonymous_15)
FNDA:9,(anonymous_16)
FNDA:9,(anonymous_17)
FNDA:0,(anonymous_18)
FNDA:0,(anonymous_19)
FNDA:0,(anonymous_20)
FNDA:0,(anonymous_21)
FNDA:0,(anonymous_22)
FNDA:0,(anonymous_23)
FNDA:0,(anonymous_24)
FNDA:0,(anonymous_25)
FNDA:0,(anonymous_26)
FNDA:0,(anonymous_27)
FNDA:0,(anonymous_28)
FNDA:0,(anonymous_29)
FNDA:0,(anonymous_30)
FNDA:0,(anonymous_31)
FNDA:0,(anonymous_32)
FNDA:0,(anonymous_33)
FNDA:0,(anonymous_34)
FNDA:0,(anonymous_35)
DA:1,3
DA:2,3
DA:3,3
DA:6,3
DA:15,10
DA:20,19
DA:21,7
DA:22,7
DA:30,3
DA:34,0
DA:35,0
DA:36,0
DA:46,3
DA:50,3
DA:56,3
DA:57,9
DA:59,9
DA:66,9
DA:74,9
DA:84,3
DA:88,0
DA:90,0
DA:91,0
DA:93,0
DA:95,0
DA:101,0
DA:111,3
DA:115,0
DA:121,0
DA:122,0
DA:123,0
DA:136,3
DA:140,0
DA:147,0
DA:148,0
DA:149,0
DA:162,3
DA:166,0
DA:173,0
DA:174,0
DA:175,0
DA:188,3
DA:192,0
DA:196,0
DA:197,0
DA:200,0
DA:210,3
DA:215,0
DA:216,0
DA:218,0
DA:219,0
LF:51
LH:22
BRDA:17,0,0,0
BRDA:18,1,0,19
BRDA:34,2,0,0
BRDA:48,3,0,0
BRDA:67,4,0,0
BRDA:67,4,1,0
BRDA:86,5,0,0
BRDA:113,6,0,0
BRDA:138,7,0,0
BRDA:164,8,0,0
BRDA:190,9,0,0
BRDA:212,10,0,0
BRF:12
BRH:1
end_of_record
TN:
SF:src\utils\test-utils.tsx
FN:8,(anonymous_15)
FN:14,(anonymous_16)
FN:27,(anonymous_17)
FN:44,(anonymous_18)
FN:60,(anonymous_20)
FN:68,(anonymous_21)
FN:77,(anonymous_22)
FN:87,(anonymous_23)
FN:88,(anonymous_24)
FN:94,(anonymous_25)
FN:102,(anonymous_26)
FN:105,(anonymous_27)
FN:106,(anonymous_28)
FN:110,(anonymous_29)
FN:120,(anonymous_30)
FN:124,(anonymous_31)
FN:125,(anonymous_32)
FN:128,(anonymous_33)
FN:131,(anonymous_34)
FN:132,(anonymous_35)
FNF:20
FNH:5
FNDA:78,(anonymous_15)
FNDA:78,(anonymous_16)
FNDA:178,(anonymous_17)
FNDA:78,(anonymous_18)
FNDA:0,(anonymous_20)
FNDA:0,(anonymous_21)
FNDA:0,(anonymous_22)
FNDA:0,(anonymous_23)
FNDA:0,(anonymous_24)
FNDA:0,(anonymous_25)
FNDA:13,(anonymous_26)
FNDA:0,(anonymous_27)
FNDA:0,(anonymous_28)
FNDA:0,(anonymous_29)
FNDA:0,(anonymous_30)
FNDA:0,(anonymous_31)
FNDA:0,(anonymous_32)
FNDA:0,(anonymous_33)
FNDA:0,(anonymous_34)
FNDA:0,(anonymous_35)
DA:1,4
DA:2,4
DA:3,4
DA:4,4
DA:5,4
DA:8,4
DA:9,78
DA:15,78
DA:27,4
DA:44,4
DA:56,78
DA:60,4
DA:68,4
DA:77,4
DA:87,4
DA:88,0
DA:89,0
DA:94,4
DA:102,13
DA:105,0
DA:106,0
DA:110,4
DA:120,4
DA:121,0
DA:123,0
DA:124,0
DA:126,0
DA:129,0
DA:132,0
DA:141,78
LF:30
LH:20
BRDA:8,0,0,0
BRDA:29,1,0,0
BRDA:46,2,0,59
BRDA:47,3,0,78
BRDA:48,4,0,78
BRDA:60,5,0,0
BRDA:68,6,0,0
BRDA:77,7,0,0
BRDA:94,8,0,0
BRDA:102,9,0,0
BRDA:103,10,0,13
BRDA:103,10,1,13
BRDA:110,11,0,0
BRDA:110,12,0,0
BRDA:124,13,0,0
BRDA:124,13,1,0
BRF:16
BRH:5
end_of_record
TN:
SF:src\utils\util.js
FN:7,axiosOpts
FN:18,axiosCredentials
FN:30,checkSession
FN:37,refetchProject
FN:41,(anonymous_13)
FN:43,(anonymous_14)
FN:49,(anonymous_15)
FN:54,(anonymous_16)
FN:70,(anonymous_17)
FN:86,project_initial
FN:104,project_dateRange
FN:205,MonthCalendar
FN:231,(anonymous_21)
FNF:13
FNH:1
FNDA:0,axiosOpts
FNDA:12,axiosCredentials
FNDA:0,checkSession
FNDA:0,refetchProject
FNDA:0,(anonymous_13)
FNDA:0,(anonymous_14)
FNDA:0,(anonymous_15)
FNDA:0,(anonymous_16)
FNDA:0,(anonymous_17)
FNDA:0,project_initial
FNDA:0,project_dateRange
FNDA:0,MonthCalendar
FNDA:0,(anonymous_21)
DA:1,1
DA:2,1
DA:3,1
DA:4,1
DA:5,1
DA:7,0
DA:8,0
DA:18,12
DA:19,12
DA:30,0
DA:31,0
DA:32,0
DA:33,0
DA:34,0
DA:37,0
DA:38,0
DA:39,0
DA:40,0
DA:42,0
DA:43,0
DA:44,0
DA:47,0
DA:48,0
DA:50,0
DA:53,0
DA:55,0
DA:58,0
DA:71,0
DA:72,0
DA:77,0
DA:78,0
DA:80,0
DA:86,0
DA:87,0
DA:88,0
DA:95,0
DA:104,0
DA:105,0
DA:106,0
DA:157,0
DA:205,0
DA:206,0
DA:208,0
DA:210,0
DA:211,0
DA:213,0
DA:214,0
DA:215,0
DA:216,0
DA:217,0
DA:219,0
DA:222,0
DA:223,0
DA:224,0
DA:228,0
DA:229,0
DA:231,0
DA:232,0
LF:58
LH:7
BRDA:31,0,0,0
BRDA:33,1,0,0
BRDA:38,2,0,0
BRDA:50,3,0,0
BRDA:50,3,1,0
BRDA:55,4,0,0
BRDA:55,4,1,0
BRDA:72,5,0,0
BRDA:73,6,0,0
BRDA:73,6,1,0
BRDA:73,6,2,0
BRDA:77,7,0,0
BRDA:87,8,0,0
BRDA:87,8,1,0
BRDA:105,9,0,0
BRDA:105,9,1,0
BRDA:217,10,0,0
BRDA:217,10,1,0
BRDA:217,11,0,0
BRDA:217,11,1,0
BRDA:223,12,0,0
BRDA:223,13,0,0
BRDA:223,13,1,0
BRF:23
BRH:0
end_of_record
